{"/Users/liuxiyang/work/code/aelf-web-login/packages/utils/src/address/addPrefixSuffix.ts": {"path":"/Users/liuxiyang/work/code/aelf-web-login/packages/utils/src/address/addPrefixSuffix.ts","statementMap":{"0":{"start":{"line":2,"column":2},"end":{"line":2,"column":23}},"1":{"start":{"line":2,"column":12},"end":{"line":2,"column":23}},"2":{"start":{"line":3,"column":15},"end":{"line":3,"column":25}},"3":{"start":{"line":4,"column":17},"end":{"line":4,"column":23}},"4":{"start":{"line":5,"column":17},"end":{"line":5,"column":50}},"5":{"start":{"line":6,"column":2},"end":{"line":8,"column":3}},"6":{"start":{"line":7,"column":4},"end":{"line":7,"column":34}},"7":{"start":{"line":9,"column":2},"end":{"line":11,"column":3}},"8":{"start":{"line":10,"column":4},"end":{"line":10,"column":34}},"9":{"start":{"line":12,"column":2},"end":{"line":12,"column":16}}},"fnMap":{"0":{"name":"addPrefixSuffix","decl":{"start":{"line":1,"column":9},"end":{"line":1,"column":24}},"loc":{"start":{"line":1,"column":56},"end":{"line":13,"column":1}},"line":1}},"branchMap":{"0":{"loc":{"start":{"line":2,"column":2},"end":{"line":2,"column":23}},"type":"if","locations":[{"start":{"line":2,"column":2},"end":{"line":2,"column":23}},{"start":{},"end":{}}],"line":2},"1":{"loc":{"start":{"line":5,"column":17},"end":{"line":5,"column":50}},"type":"cond-expr","locations":[{"start":{"line":5,"column":27},"end":{"line":5,"column":40}},{"start":{"line":5,"column":43},"end":{"line":5,"column":50}}],"line":5},"2":{"loc":{"start":{"line":6,"column":2},"end":{"line":8,"column":3}},"type":"if","locations":[{"start":{"line":6,"column":2},"end":{"line":8,"column":3}},{"start":{},"end":{}}],"line":6},"3":{"loc":{"start":{"line":9,"column":2},"end":{"line":11,"column":3}},"type":"if","locations":[{"start":{"line":9,"column":2},"end":{"line":11,"column":3}},{"start":{},"end":{}}],"line":9}},"s":{"0":5,"1":1,"2":4,"3":4,"4":4,"5":4,"6":4,"7":4,"8":4,"9":4},"f":{"0":5},"b":{"0":[1,4],"1":[1,3],"2":[4,0],"3":[4,0]},"_coverageSchema":"1a1c01bbd47fc00a2c39e90264f33305004495a9","hash":"7129cb57cab10de7be46abed60432ba208f68b1b"}
,"/Users/liuxiyang/work/code/aelf-web-login/packages/utils/src/address/decodeAddress.ts": {"path":"/Users/liuxiyang/work/code/aelf-web-login/packages/utils/src/address/decodeAddress.ts","statementMap":{"0":{"start":{"line":2,"column":29},"end":{"line":19,"column":1}},"1":{"start":{"line":3,"column":2},"end":{"line":18,"column":3}},"2":{"start":{"line":4,"column":4},"end":{"line":4,"column":31}},"3":{"start":{"line":4,"column":18},"end":{"line":4,"column":31}},"4":{"start":{"line":5,"column":4},"end":{"line":5,"column":55}},"5":{"start":{"line":5,"column":42},"end":{"line":5,"column":55}},"6":{"start":{"line":6,"column":4},"end":{"line":14,"column":5}},"7":{"start":{"line":7,"column":20},"end":{"line":7,"column":38}},"8":{"start":{"line":8,"column":6},"end":{"line":8,"column":43}},"9":{"start":{"line":8,"column":30},"end":{"line":8,"column":43}},"10":{"start":{"line":10,"column":26},"end":{"line":10,"column":34}},"11":{"start":{"line":11,"column":6},"end":{"line":11,"column":47}},"12":{"start":{"line":13,"column":6},"end":{"line":13,"column":43}},"13":{"start":{"line":15,"column":4},"end":{"line":15,"column":16}},"14":{"start":{"line":17,"column":4},"end":{"line":17,"column":17}}},"fnMap":{"0":{"name":"(anonymous_0)","decl":{"start":{"line":2,"column":29},"end":{"line":2,"column":30}},"loc":{"start":{"line":2,"column":50},"end":{"line":19,"column":1}},"line":2}},"branchMap":{"0":{"loc":{"start":{"line":4,"column":4},"end":{"line":4,"column":31}},"type":"if","locations":[{"start":{"line":4,"column":4},"end":{"line":4,"column":31}},{"start":{},"end":{}}],"line":4},"1":{"loc":{"start":{"line":5,"column":4},"end":{"line":5,"column":55}},"type":"if","locations":[{"start":{"line":5,"column":4},"end":{"line":5,"column":55}},{"start":{},"end":{}}],"line":5},"2":{"loc":{"start":{"line":6,"column":4},"end":{"line":14,"column":5}},"type":"if","locations":[{"start":{"line":6,"column":4},"end":{"line":14,"column":5}},{"start":{"line":12,"column":11},"end":{"line":14,"column":5}}],"line":6},"3":{"loc":{"start":{"line":8,"column":6},"end":{"line":8,"column":43}},"type":"if","locations":[{"start":{"line":8,"column":6},"end":{"line":8,"column":43}},{"start":{},"end":{}}],"line":8}},"s":{"0":1,"1":6,"2":6,"3":1,"4":5,"5":1,"6":4,"7":2,"8":2,"9":1,"10":1,"11":1,"12":2,"13":2,"14":1},"f":{"0":6},"b":{"0":[1,5],"1":[1,4],"2":[2,2],"3":[1,1]},"_coverageSchema":"1a1c01bbd47fc00a2c39e90264f33305004495a9","hash":"989c0f3e777a93b860fbbdd094e36945d788eff8"}
,"/Users/liuxiyang/work/code/aelf-web-login/packages/utils/src/address/getOriginalAddress.ts": {"path":"/Users/liuxiyang/work/code/aelf-web-login/packages/utils/src/address/getOriginalAddress.ts","statementMap":{"0":{"start":{"line":2,"column":2},"end":{"line":2,"column":27}},"1":{"start":{"line":2,"column":16},"end":{"line":2,"column":27}},"2":{"start":{"line":3,"column":2},"end":{"line":5,"column":3}},"3":{"start":{"line":4,"column":4},"end":{"line":4,"column":15}},"4":{"start":{"line":6,"column":2},"end":{"line":6,"column":58}}},"fnMap":{"0":{"name":"getOriginalAddress","decl":{"start":{"line":1,"column":9},"end":{"line":1,"column":27}},"loc":{"start":{"line":1,"column":45},"end":{"line":7,"column":1}},"line":1}},"branchMap":{"0":{"loc":{"start":{"line":2,"column":2},"end":{"line":2,"column":27}},"type":"if","locations":[{"start":{"line":2,"column":2},"end":{"line":2,"column":27}},{"start":{},"end":{}}],"line":2},"1":{"loc":{"start":{"line":3,"column":2},"end":{"line":5,"column":3}},"type":"if","locations":[{"start":{"line":3,"column":2},"end":{"line":5,"column":3}},{"start":{},"end":{}}],"line":3}},"s":{"0":6,"1":2,"2":4,"3":1,"4":3},"f":{"0":6},"b":{"0":[2,4],"1":[1,3]},"_coverageSchema":"1a1c01bbd47fc00a2c39e90264f33305004495a9","hash":"d7435d2b91aa62f6afc366de4bb733f20d58b8af"}
,"/Users/liuxiyang/work/code/aelf-web-login/packages/utils/src/calculate/divDecimals.ts": {"path":"/Users/liuxiyang/work/code/aelf-web-login/packages/utils/src/calculate/divDecimals.ts","statementMap":{"0":{"start":{"line":4,"column":2},"end":{"line":4,"column":34}},"1":{"start":{"line":4,"column":10},"end":{"line":4,"column":34}},"2":{"start":{"line":5,"column":15},"end":{"line":5,"column":62}},"3":{"start":{"line":6,"column":2},"end":{"line":6,"column":71}},"4":{"start":{"line":6,"column":47},"end":{"line":6,"column":71}},"5":{"start":{"line":7,"column":2},"end":{"line":9,"column":3}},"6":{"start":{"line":8,"column":4},"end":{"line":8,"column":30}},"7":{"start":{"line":10,"column":2},"end":{"line":10,"column":35}}},"fnMap":{"0":{"name":"divDecimals","decl":{"start":{"line":3,"column":16},"end":{"line":3,"column":27}},"loc":{"start":{"line":3,"column":81},"end":{"line":11,"column":1}},"line":3}},"branchMap":{"0":{"loc":{"start":{"line":3,"column":49},"end":{"line":3,"column":79}},"type":"default-arg","locations":[{"start":{"line":3,"column":77},"end":{"line":3,"column":79}}],"line":3},"1":{"loc":{"start":{"line":4,"column":2},"end":{"line":4,"column":34}},"type":"if","locations":[{"start":{"line":4,"column":2},"end":{"line":4,"column":34}},{"start":{},"end":{}}],"line":4},"2":{"loc":{"start":{"line":5,"column":15},"end":{"line":5,"column":62}},"type":"cond-expr","locations":[{"start":{"line":5,"column":42},"end":{"line":5,"column":43}},{"start":{"line":5,"column":46},"end":{"line":5,"column":62}}],"line":5},"3":{"loc":{"start":{"line":6,"column":2},"end":{"line":6,"column":71}},"type":"if","locations":[{"start":{"line":6,"column":2},"end":{"line":6,"column":71}},{"start":{},"end":{}}],"line":6},"4":{"loc":{"start":{"line":6,"column":6},"end":{"line":6,"column":45}},"type":"binary-expr","locations":[{"start":{"line":6,"column":6},"end":{"line":6,"column":18}},{"start":{"line":6,"column":22},"end":{"line":6,"column":45}}],"line":6},"5":{"loc":{"start":{"line":7,"column":2},"end":{"line":9,"column":3}},"type":"if","locations":[{"start":{"line":7,"column":2},"end":{"line":9,"column":3}},{"start":{},"end":{}}],"line":7},"6":{"loc":{"start":{"line":7,"column":6},"end":{"line":7,"column":58}},"type":"binary-expr","locations":[{"start":{"line":7,"column":6},"end":{"line":7,"column":34}},{"start":{"line":7,"column":38},"end":{"line":7,"column":58}}],"line":7}},"s":{"0":8,"1":3,"2":5,"3":5,"4":1,"5":4,"6":1,"7":3},"f":{"0":8},"b":{"0":[5],"1":[3,5],"2":[1,4],"3":[1,4],"4":[5,5],"5":[1,3],"6":[4,1]},"_coverageSchema":"1a1c01bbd47fc00a2c39e90264f33305004495a9","hash":"f4f94b1190897ac75d44128bd79d66d20d1a56c4"}
,"/Users/liuxiyang/work/code/aelf-web-login/packages/utils/src/calculate/index.ts": {"path":"/Users/liuxiyang/work/code/aelf-web-login/packages/utils/src/calculate/index.ts","statementMap":{},"fnMap":{},"branchMap":{},"s":{},"f":{},"b":{},"_coverageSchema":"1a1c01bbd47fc00a2c39e90264f33305004495a9","hash":"d36858d85c83144c1013387965deacfe35922075"}
,"/Users/liuxiyang/work/code/aelf-web-login/packages/utils/src/calculate/timesDecimals.ts": {"path":"/Users/liuxiyang/work/code/aelf-web-login/packages/utils/src/calculate/timesDecimals.ts","statementMap":{"0":{"start":{"line":4,"column":2},"end":{"line":4,"column":34}},"1":{"start":{"line":4,"column":10},"end":{"line":4,"column":34}},"2":{"start":{"line":5,"column":15},"end":{"line":5,"column":62}},"3":{"start":{"line":6,"column":2},"end":{"line":6,"column":71}},"4":{"start":{"line":6,"column":47},"end":{"line":6,"column":71}},"5":{"start":{"line":7,"column":2},"end":{"line":9,"column":3}},"6":{"start":{"line":8,"column":4},"end":{"line":8,"column":32}},"7":{"start":{"line":10,"column":2},"end":{"line":10,"column":37}}},"fnMap":{"0":{"name":"timesDecimals","decl":{"start":{"line":3,"column":16},"end":{"line":3,"column":29}},"loc":{"start":{"line":3,"column":83},"end":{"line":11,"column":1}},"line":3}},"branchMap":{"0":{"loc":{"start":{"line":3,"column":51},"end":{"line":3,"column":81}},"type":"default-arg","locations":[{"start":{"line":3,"column":79},"end":{"line":3,"column":81}}],"line":3},"1":{"loc":{"start":{"line":4,"column":2},"end":{"line":4,"column":34}},"type":"if","locations":[{"start":{"line":4,"column":2},"end":{"line":4,"column":34}},{"start":{},"end":{}}],"line":4},"2":{"loc":{"start":{"line":5,"column":15},"end":{"line":5,"column":62}},"type":"cond-expr","locations":[{"start":{"line":5,"column":42},"end":{"line":5,"column":43}},{"start":{"line":5,"column":46},"end":{"line":5,"column":62}}],"line":5},"3":{"loc":{"start":{"line":6,"column":2},"end":{"line":6,"column":71}},"type":"if","locations":[{"start":{"line":6,"column":2},"end":{"line":6,"column":71}},{"start":{},"end":{}}],"line":6},"4":{"loc":{"start":{"line":6,"column":6},"end":{"line":6,"column":45}},"type":"binary-expr","locations":[{"start":{"line":6,"column":6},"end":{"line":6,"column":18}},{"start":{"line":6,"column":22},"end":{"line":6,"column":45}}],"line":6},"5":{"loc":{"start":{"line":7,"column":2},"end":{"line":9,"column":3}},"type":"if","locations":[{"start":{"line":7,"column":2},"end":{"line":9,"column":3}},{"start":{},"end":{}}],"line":7},"6":{"loc":{"start":{"line":7,"column":6},"end":{"line":7,"column":58}},"type":"binary-expr","locations":[{"start":{"line":7,"column":6},"end":{"line":7,"column":34}},{"start":{"line":7,"column":38},"end":{"line":7,"column":58}}],"line":7}},"s":{"0":11,"1":3,"2":8,"3":8,"4":2,"5":6,"6":1,"7":5},"f":{"0":11},"b":{"0":[5],"1":[3,8],"2":[1,7],"3":[2,6],"4":[8,8],"5":[1,5],"6":[6,1]},"_coverageSchema":"1a1c01bbd47fc00a2c39e90264f33305004495a9","hash":"53e9f52c8236f914dd27156e22a65fdf513f54b3"}
,"/Users/liuxiyang/work/code/aelf-web-login/packages/utils/src/contract/getRawTransaction.ts": {"path":"/Users/liuxiyang/work/code/aelf-web-login/packages/utils/src/contract/getRawTransaction.ts","statementMap":{"0":{"start":{"line":16,"column":91},"end":{"line":72,"column":1}},"1":{"start":{"line":25,"column":2},"end":{"line":25,"column":22}},"2":{"start":{"line":25,"column":15},"end":{"line":25,"column":22}},"3":{"start":{"line":27,"column":12},"end":{"line":27,"column":16}},"4":{"start":{"line":29,"column":2},"end":{"line":71,"column":3}},"5":{"start":{"line":30,"column":4},"end":{"line":64,"column":5}},"6":{"start":{"line":32,"column":8},"end":{"line":32,"column":56}},"7":{"start":{"line":32,"column":49},"end":{"line":32,"column":56}},"8":{"start":{"line":33,"column":8},"end":{"line":41,"column":11}},"9":{"start":{"line":42,"column":8},"end":{"line":42,"column":14}},"10":{"start":{"line":44,"column":8},"end":{"line":44,"column":41}},"11":{"start":{"line":44,"column":34},"end":{"line":44,"column":41}},"12":{"start":{"line":45,"column":8},"end":{"line":52,"column":11}},"13":{"start":{"line":53,"column":8},"end":{"line":53,"column":14}},"14":{"start":{"line":55,"column":8},"end":{"line":55,"column":41}},"15":{"start":{"line":55,"column":34},"end":{"line":55,"column":41}},"16":{"start":{"line":56,"column":8},"end":{"line":62,"column":11}},"17":{"start":{"line":63,"column":8},"end":{"line":63,"column":14}},"18":{"start":{"line":66,"column":4},"end":{"line":66,"column":15}},"19":{"start":{"line":68,"column":4},"end":{"line":68,"column":50}},"20":{"start":{"line":70,"column":4},"end":{"line":70,"column":16}}},"fnMap":{"0":{"name":"(anonymous_0)","decl":{"start":{"line":16,"column":91},"end":{"line":16,"column":92}},"loc":{"start":{"line":24,"column":28},"end":{"line":72,"column":1}},"line":24}},"branchMap":{"0":{"loc":{"start":{"line":25,"column":2},"end":{"line":25,"column":22}},"type":"if","locations":[{"start":{"line":25,"column":2},"end":{"line":25,"column":22}},{"start":{},"end":{}}],"line":25},"1":{"loc":{"start":{"line":30,"column":4},"end":{"line":64,"column":5}},"type":"switch","locations":[{"start":{"line":31,"column":6},"end":{"line":42,"column":14}},{"start":{"line":43,"column":6},"end":{"line":53,"column":14}},{"start":{"line":54,"column":6},"end":{"line":63,"column":14}}],"line":30},"2":{"loc":{"start":{"line":32,"column":8},"end":{"line":32,"column":56}},"type":"if","locations":[{"start":{"line":32,"column":8},"end":{"line":32,"column":56}},{"start":{},"end":{}}],"line":32},"3":{"loc":{"start":{"line":37,"column":29},"end":{"line":37,"column":52}},"type":"binary-expr","locations":[{"start":{"line":37,"column":29},"end":{"line":37,"column":46}},{"start":{"line":37,"column":50},"end":{"line":37,"column":52}}],"line":37},"4":{"loc":{"start":{"line":44,"column":8},"end":{"line":44,"column":41}},"type":"if","locations":[{"start":{"line":44,"column":8},"end":{"line":44,"column":41}},{"start":{},"end":{}}],"line":44},"5":{"loc":{"start":{"line":55,"column":8},"end":{"line":55,"column":41}},"type":"if","locations":[{"start":{"line":55,"column":8},"end":{"line":55,"column":41}},{"start":{},"end":{}}],"line":55}},"s":{"0":1,"1":5,"2":1,"3":4,"4":4,"5":4,"6":1,"7":0,"8":1,"9":1,"10":2,"11":0,"12":2,"13":1,"14":1,"15":0,"16":1,"17":1,"18":3,"19":1,"20":1},"f":{"0":5},"b":{"0":[1,4],"1":[1,2,1],"2":[0,1],"3":[1,0],"4":[0,2],"5":[0,1]},"_coverageSchema":"1a1c01bbd47fc00a2c39e90264f33305004495a9","hash":"ade1c86384bc6a40b6968f6a85f8df1a99ca96e1"}
,"/Users/liuxiyang/work/code/aelf-web-login/packages/utils/src/contract/getRawTransactionNight.ts": {"path":"/Users/liuxiyang/work/code/aelf-web-login/packages/utils/src/contract/getRawTransactionNight.ts","statementMap":{"0":{"start":{"line":18,"column":19},"end":{"line":22,"column":4}},"1":{"start":{"line":23,"column":13},"end":{"line":23,"column":57}},"2":{"start":{"line":24,"column":2},"end":{"line":24,"column":17}}},"fnMap":{"0":{"name":"getRawTransactionNight","decl":{"start":{"line":11,"column":15},"end":{"line":11,"column":37}},"loc":{"start":{"line":17,"column":35},"end":{"line":25,"column":1}},"line":17}},"branchMap":{},"s":{"0":2,"1":1,"2":1},"f":{"0":2},"b":{},"_coverageSchema":"1a1c01bbd47fc00a2c39e90264f33305004495a9","hash":"32034172e16c9b12f2086265c1250112de7f52d0"}
,"/Users/liuxiyang/work/code/aelf-web-login/packages/utils/src/contract/getRawTransactionPortkey.ts": {"path":"/Users/liuxiyang/work/code/aelf-web-login/packages/utils/src/contract/getRawTransactionPortkey.ts","statementMap":{"0":{"start":{"line":14,"column":33},"end":{"line":39,"column":1}},"1":{"start":{"line":23,"column":2},"end":{"line":38,"column":3}},"2":{"start":{"line":24,"column":21},"end":{"line":31,"column":6}},"3":{"start":{"line":33,"column":14},"end":{"line":33,"column":58}},"4":{"start":{"line":35,"column":4},"end":{"line":35,"column":18}},"5":{"start":{"line":37,"column":4},"end":{"line":37,"column":33}}},"fnMap":{"0":{"name":"(anonymous_0)","decl":{"start":{"line":14,"column":33},"end":{"line":14,"column":34}},"loc":{"start":{"line":22,"column":36},"end":{"line":39,"column":1}},"line":22}},"branchMap":{},"s":{"0":1,"1":2,"2":2,"3":1,"4":1,"5":1},"f":{"0":2},"b":{},"_coverageSchema":"1a1c01bbd47fc00a2c39e90264f33305004495a9","hash":"cfe89efabae4187431b8086d4c5bdee4436aa0b4"}
,"/Users/liuxiyang/work/code/aelf-web-login/packages/utils/src/contract/getTxResultRetry.ts": {"path":"/Users/liuxiyang/work/code/aelf-web-login/packages/utils/src/contract/getTxResultRetry.ts","statementMap":{"0":{"start":{"line":5,"column":14},"end":{"line":5,"column":26}},"1":{"start":{"line":6,"column":29},"end":{"line":6,"column":31}},"2":{"start":{"line":8,"column":2},"end":{"line":10,"column":3}},"3":{"start":{"line":9,"column":4},"end":{"line":9,"column":72}},"4":{"start":{"line":11,"column":2},"end":{"line":11,"column":28}},"5":{"start":{"line":18,"column":2},"end":{"line":28,"column":3}},"6":{"start":{"line":19,"column":21},"end":{"line":19,"column":36}},"7":{"start":{"line":20,"column":21},"end":{"line":20,"column":75}},"8":{"start":{"line":21,"column":4},"end":{"line":25,"column":5}},"9":{"start":{"line":22,"column":6},"end":{"line":22,"column":22}},"10":{"start":{"line":24,"column":6},"end":{"line":24,"column":39}},"11":{"start":{"line":27,"column":4},"end":{"line":27,"column":19}}},"fnMap":{"0":{"name":"getAElf","decl":{"start":{"line":4,"column":16},"end":{"line":4,"column":23}},"loc":{"start":{"line":4,"column":41},"end":{"line":12,"column":1}},"line":4},"1":{"name":"getTxResultRetry","decl":{"start":{"line":13,"column":22},"end":{"line":13,"column":38}},"loc":{"start":{"line":17,"column":16},"end":{"line":29,"column":1}},"line":17}},"branchMap":{"0":{"loc":{"start":{"line":5,"column":14},"end":{"line":5,"column":26}},"type":"binary-expr","locations":[{"start":{"line":5,"column":14},"end":{"line":5,"column":20}},{"start":{"line":5,"column":24},"end":{"line":5,"column":26}}],"line":5},"1":{"loc":{"start":{"line":8,"column":2},"end":{"line":10,"column":3}},"type":"if","locations":[{"start":{"line":8,"column":2},"end":{"line":10,"column":3}},{"start":{},"end":{}}],"line":8},"2":{"loc":{"start":{"line":16,"column":2},"end":{"line":16,"column":19}},"type":"default-arg","locations":[{"start":{"line":16,"column":15},"end":{"line":16,"column":19}}],"line":16},"3":{"loc":{"start":{"line":21,"column":4},"end":{"line":25,"column":5}},"type":"if","locations":[{"start":{"line":21,"column":4},"end":{"line":25,"column":5}},{"start":{"line":23,"column":11},"end":{"line":25,"column":5}}],"line":21}},"s":{"0":7,"1":7,"2":7,"3":7,"4":7,"5":2,"6":2,"7":2,"8":2,"9":1,"10":1,"11":1},"f":{"0":7,"1":2},"b":{"0":[7,0],"1":[7,0],"2":[2],"3":[1,1]},"_coverageSchema":"1a1c01bbd47fc00a2c39e90264f33305004495a9","hash":"5d8a34b42123949b023783bc3197bd2659e98259"}
,"/Users/liuxiyang/work/code/aelf-web-login/packages/utils/src/contract/useCheckAllowanceAndApprove.ts": {"path":"/Users/liuxiyang/work/code/aelf-web-login/packages/utils/src/contract/useCheckAllowanceAndApprove.ts","statementMap":{"0":{"start":{"line":23,"column":36},"end":{"line":110,"column":1}},"1":{"start":{"line":38,"column":45},"end":{"line":38,"column":63}},"2":{"start":{"line":39,"column":32},"end":{"line":39,"column":47}},"3":{"start":{"line":41,"column":16},"end":{"line":107,"column":4}},"4":{"start":{"line":42,"column":4},"end":{"line":97,"column":5}},"5":{"start":{"line":43,"column":6},"end":{"line":43,"column":23}},"6":{"start":{"line":44,"column":57},"end":{"line":65,"column":8}},"7":{"start":{"line":67,"column":26},"end":{"line":67,"column":85}},"8":{"start":{"line":68,"column":19},"end":{"line":68,"column":65}},"9":{"start":{"line":70,"column":6},"end":{"line":91,"column":7}},"10":{"start":{"line":71,"column":30},"end":{"line":71,"column":45}},"11":{"start":{"line":73,"column":8},"end":{"line":89,"column":11}},"12":{"start":{"line":90,"column":8},"end":{"line":90,"column":20}},"13":{"start":{"line":92,"column":6},"end":{"line":92,"column":18}},"14":{"start":{"line":94,"column":6},"end":{"line":94,"column":15}},"15":{"start":{"line":96,"column":6},"end":{"line":96,"column":24}},"16":{"start":{"line":109,"column":2},"end":{"line":109,"column":28}}},"fnMap":{"0":{"name":"(anonymous_0)","decl":{"start":{"line":23,"column":36},"end":{"line":23,"column":37}},"loc":{"start":{"line":37,"column":6},"end":{"line":110,"column":1}},"line":37},"1":{"name":"(anonymous_1)","decl":{"start":{"line":41,"column":28},"end":{"line":41,"column":29}},"loc":{"start":{"line":41,"column":40},"end":{"line":98,"column":3}},"line":41}},"branchMap":{"0":{"loc":{"start":{"line":67,"column":40},"end":{"line":67,"column":84}},"type":"binary-expr","locations":[{"start":{"line":67,"column":40},"end":{"line":67,"column":59}},{"start":{"line":67,"column":63},"end":{"line":67,"column":79}},{"start":{"line":67,"column":83},"end":{"line":67,"column":84}}],"line":67},"1":{"loc":{"start":{"line":68,"column":41},"end":{"line":68,"column":64}},"type":"binary-expr","locations":[{"start":{"line":68,"column":41},"end":{"line":68,"column":59}},{"start":{"line":68,"column":63},"end":{"line":68,"column":64}}],"line":68},"2":{"loc":{"start":{"line":70,"column":6},"end":{"line":91,"column":7}},"type":"if","locations":[{"start":{"line":70,"column":6},"end":{"line":91,"column":7}},{"start":{},"end":{}}],"line":70}},"s":{"0":1,"1":6,"2":6,"3":6,"4":3,"5":3,"6":3,"7":2,"8":2,"9":2,"10":1,"11":1,"12":1,"13":1,"14":1,"15":3,"16":6},"f":{"0":6,"1":3},"b":{"0":[2,1,1],"1":[2,1],"2":[1,1]},"_coverageSchema":"1a1c01bbd47fc00a2c39e90264f33305004495a9","hash":"be8b76ae59ac0d3ffb2b0badf956515aac0b23cd"}
,"/Users/liuxiyang/work/code/aelf-web-login/packages/utils/src/contract/useGetBalance.ts": {"path":"/Users/liuxiyang/work/code/aelf-web-login/packages/utils/src/contract/useGetBalance.ts","statementMap":{"0":{"start":{"line":5,"column":22},"end":{"line":40,"column":1}},"1":{"start":{"line":16,"column":29},"end":{"line":16,"column":47}},"2":{"start":{"line":17,"column":32},"end":{"line":17,"column":47}},"3":{"start":{"line":19,"column":21},"end":{"line":37,"column":70}},"4":{"start":{"line":20,"column":4},"end":{"line":36,"column":5}},"5":{"start":{"line":21,"column":6},"end":{"line":21,"column":23}},"6":{"start":{"line":22,"column":17},"end":{"line":30,"column":8}},"7":{"start":{"line":31,"column":6},"end":{"line":31,"column":16}},"8":{"start":{"line":33,"column":6},"end":{"line":33,"column":15}},"9":{"start":{"line":35,"column":6},"end":{"line":35,"column":24}},"10":{"start":{"line":39,"column":2},"end":{"line":39,"column":33}}},"fnMap":{"0":{"name":"(anonymous_0)","decl":{"start":{"line":5,"column":22},"end":{"line":5,"column":23}},"loc":{"start":{"line":15,"column":6},"end":{"line":40,"column":1}},"line":15},"1":{"name":"(anonymous_1)","decl":{"start":{"line":19,"column":33},"end":{"line":19,"column":34}},"loc":{"start":{"line":19,"column":45},"end":{"line":37,"column":3}},"line":19}},"branchMap":{},"s":{"0":1,"1":2,"2":2,"3":2,"4":1,"5":1,"6":1,"7":1,"8":0,"9":1,"10":2},"f":{"0":2,"1":1},"b":{},"_coverageSchema":"1a1c01bbd47fc00a2c39e90264f33305004495a9","hash":"437c7ef58f295ce5de516303eed8d7f9d60b33a6"}
,"/Users/liuxiyang/work/code/aelf-web-login/packages/utils/src/format/formatNumberWithDecimalPlaces.ts": {"path":"/Users/liuxiyang/work/code/aelf-web-login/packages/utils/src/format/formatNumberWithDecimalPlaces.ts","statementMap":{"0":{"start":{"line":2,"column":13},"end":{"line":2,"column":29}},"1":{"start":{"line":4,"column":15},"end":{"line":4,"column":29}},"2":{"start":{"line":5,"column":2},"end":{"line":5,"column":36}},"3":{"start":{"line":5,"column":20},"end":{"line":5,"column":36}},"4":{"start":{"line":6,"column":2},"end":{"line":6,"column":75}}},"fnMap":{"0":{"name":"formatNumberWithDecimalPlaces","decl":{"start":{"line":3,"column":9},"end":{"line":3,"column":38}},"loc":{"start":{"line":3,"column":74},"end":{"line":7,"column":1}},"line":3}},"branchMap":{"0":{"loc":{"start":{"line":3,"column":61},"end":{"line":3,"column":72}},"type":"default-arg","locations":[{"start":{"line":3,"column":71},"end":{"line":3,"column":72}}],"line":3},"1":{"loc":{"start":{"line":5,"column":2},"end":{"line":5,"column":36}},"type":"if","locations":[{"start":{"line":5,"column":2},"end":{"line":5,"column":36}},{"start":{},"end":{}}],"line":5}},"s":{"0":1,"1":8,"2":8,"3":1,"4":7},"f":{"0":8},"b":{"0":[4],"1":[1,7]},"_coverageSchema":"1a1c01bbd47fc00a2c39e90264f33305004495a9","hash":"0252c6c7d950255117c5750ce9f678c6872b77b4"}
,"/Users/liuxiyang/work/code/aelf-web-login/packages/utils/src/format/formatPrice.ts": {"path":"/Users/liuxiyang/work/code/aelf-web-login/packages/utils/src/format/formatPrice.ts","statementMap":{"0":{"start":{"line":15,"column":6},"end":{"line":15,"column":24}},"1":{"start":{"line":16,"column":30},"end":{"line":16,"column":89}},"2":{"start":{"line":17,"column":2},"end":{"line":17,"column":42}},"3":{"start":{"line":17,"column":24},"end":{"line":17,"column":42}},"4":{"start":{"line":19,"column":2},"end":{"line":21,"column":3}},"5":{"start":{"line":20,"column":4},"end":{"line":20,"column":27}},"6":{"start":{"line":23,"column":21},"end":{"line":23,"column":66}},"7":{"start":{"line":24,"column":14},"end":{"line":24,"column":50}},"8":{"start":{"line":25,"column":2},"end":{"line":25,"column":13}}},"fnMap":{"0":{"name":"formatPrice","decl":{"start":{"line":3,"column":9},"end":{"line":3,"column":20}},"loc":{"start":{"line":10,"column":2},"end":{"line":26,"column":1}},"line":10}},"branchMap":{"0":{"loc":{"start":{"line":12,"column":4},"end":{"line":12,"column":21}},"type":"default-arg","locations":[{"start":{"line":12,"column":20},"end":{"line":12,"column":21}}],"line":12},"1":{"loc":{"start":{"line":13,"column":4},"end":{"line":13,"column":39}},"type":"default-arg","locations":[{"start":{"line":13,"column":19},"end":{"line":13,"column":39}}],"line":13},"2":{"loc":{"start":{"line":14,"column":4},"end":{"line":14,"column":19}},"type":"default-arg","locations":[{"start":{"line":14,"column":15},"end":{"line":14,"column":19}}],"line":14},"3":{"loc":{"start":{"line":15,"column":6},"end":{"line":15,"column":24}},"type":"binary-expr","locations":[{"start":{"line":15,"column":6},"end":{"line":15,"column":18}},{"start":{"line":15,"column":22},"end":{"line":15,"column":24}}],"line":15},"4":{"loc":{"start":{"line":16,"column":30},"end":{"line":16,"column":89}},"type":"cond-expr","locations":[{"start":{"line":16,"column":61},"end":{"line":16,"column":66}},{"start":{"line":16,"column":69},"end":{"line":16,"column":89}}],"line":16},"5":{"loc":{"start":{"line":17,"column":2},"end":{"line":17,"column":42}},"type":"if","locations":[{"start":{"line":17,"column":2},"end":{"line":17,"column":42}},{"start":{},"end":{}}],"line":17},"6":{"loc":{"start":{"line":19,"column":2},"end":{"line":21,"column":3}},"type":"if","locations":[{"start":{"line":19,"column":2},"end":{"line":21,"column":3}},{"start":{},"end":{}}],"line":19},"7":{"loc":{"start":{"line":19,"column":6},"end":{"line":19,"column":53}},"type":"binary-expr","locations":[{"start":{"line":19,"column":6},"end":{"line":19,"column":28}},{"start":{"line":19,"column":32},"end":{"line":19,"column":53}}],"line":19}},"s":{"0":8,"1":8,"2":8,"3":1,"4":7,"5":1,"6":6,"7":6,"8":6},"f":{"0":8},"b":{"0":[4],"1":[6],"2":[6],"3":[8,3],"4":[1,7],"5":[1,7],"6":[1,6],"7":[7,7]},"_coverageSchema":"1a1c01bbd47fc00a2c39e90264f33305004495a9","hash":"075a4114c7469dcb7f856b895dea7fbeae184d74"}
,"/Users/liuxiyang/work/code/aelf-web-login/packages/utils/src/format/formatTime.ts": {"path":"/Users/liuxiyang/work/code/aelf-web-login/packages/utils/src/format/formatTime.ts","statementMap":{"0":{"start":{"line":3,"column":0},"end":{"line":3,"column":23}},"1":{"start":{"line":22,"column":2},"end":{"line":22,"column":37}},"2":{"start":{"line":33,"column":2},"end":{"line":39,"column":3}},"3":{"start":{"line":34,"column":4},"end":{"line":34,"column":40}},"4":{"start":{"line":35,"column":9},"end":{"line":39,"column":3}},"5":{"start":{"line":36,"column":4},"end":{"line":36,"column":33}},"6":{"start":{"line":38,"column":4},"end":{"line":38,"column":33}}},"fnMap":{"0":{"name":"formatTime","decl":{"start":{"line":21,"column":9},"end":{"line":21,"column":19}},"loc":{"start":{"line":21,"column":67},"end":{"line":23,"column":1}},"line":21},"1":{"name":"createDuration","decl":{"start":{"line":29,"column":9},"end":{"line":29,"column":23}},"loc":{"start":{"line":32,"column":12},"end":{"line":40,"column":1}},"line":32}},"branchMap":{"0":{"loc":{"start":{"line":21,"column":43},"end":{"line":21,"column":65}},"type":"default-arg","locations":[{"start":{"line":21,"column":53},"end":{"line":21,"column":65}}],"line":21},"1":{"loc":{"start":{"line":33,"column":2},"end":{"line":39,"column":3}},"type":"if","locations":[{"start":{"line":33,"column":2},"end":{"line":39,"column":3}},{"start":{"line":35,"column":9},"end":{"line":39,"column":3}}],"line":33},"2":{"loc":{"start":{"line":35,"column":9},"end":{"line":39,"column":3}},"type":"if","locations":[{"start":{"line":35,"column":9},"end":{"line":39,"column":3}},{"start":{"line":37,"column":9},"end":{"line":39,"column":3}}],"line":35}},"s":{"0":1,"1":3,"2":3,"3":1,"4":2,"5":1,"6":1},"f":{"0":3,"1":3},"b":{"0":[2],"1":[1,2],"2":[1,1]},"_coverageSchema":"1a1c01bbd47fc00a2c39e90264f33305004495a9","hash":"42ff05db0d174a2567be1d1f54a821f6057591b5"}
,"/Users/liuxiyang/work/code/aelf-web-login/packages/utils/src/is/isAElfBridge.ts": {"path":"/Users/liuxiyang/work/code/aelf-web-login/packages/utils/src/is/isAElfBridge.ts","statementMap":{"0":{"start":{"line":5,"column":2},"end":{"line":5,"column":54}}},"fnMap":{"0":{"name":"isAElfBridge","decl":{"start":{"line":4,"column":16},"end":{"line":4,"column":28}},"loc":{"start":{"line":4,"column":57},"end":{"line":6,"column":1}},"line":4}},"branchMap":{"0":{"loc":{"start":{"line":5,"column":12},"end":{"line":5,"column":52}},"type":"binary-expr","locations":[{"start":{"line":5,"column":12},"end":{"line":5,"column":30}},{"start":{"line":5,"column":34},"end":{"line":5,"column":52}}],"line":5}},"s":{"0":2},"f":{"0":2},"b":{"0":[2,1]},"_coverageSchema":"1a1c01bbd47fc00a2c39e90264f33305004495a9","hash":"d8ff657e803b7249e8a5d2403f2c3dfd16925ef6"}
,"/Users/liuxiyang/work/code/aelf-web-login/packages/utils/src/is/isELFAddress.ts": {"path":"/Users/liuxiyang/work/code/aelf-web-login/packages/utils/src/is/isELFAddress.ts","statementMap":{"0":{"start":{"line":4,"column":2},"end":{"line":4,"column":50}},"1":{"start":{"line":4,"column":37},"end":{"line":4,"column":50}},"2":{"start":{"line":5,"column":2},"end":{"line":9,"column":3}},"3":{"start":{"line":6,"column":4},"end":{"line":6,"column":48}},"4":{"start":{"line":8,"column":4},"end":{"line":8,"column":17}}},"fnMap":{"0":{"name":"isELFAddress","decl":{"start":{"line":3,"column":9},"end":{"line":3,"column":21}},"loc":{"start":{"line":3,"column":37},"end":{"line":10,"column":1}},"line":3}},"branchMap":{"0":{"loc":{"start":{"line":4,"column":2},"end":{"line":4,"column":50}},"type":"if","locations":[{"start":{"line":4,"column":2},"end":{"line":4,"column":50}},{"start":{},"end":{}}],"line":4}},"s":{"0":3,"1":1,"2":2,"3":2,"4":1},"f":{"0":3},"b":{"0":[1,2]},"_coverageSchema":"1a1c01bbd47fc00a2c39e90264f33305004495a9","hash":"43ae17bd9d761fb90f94bc131b116ca1476faa04"}
,"/Users/liuxiyang/work/code/aelf-web-login/packages/utils/src/is/isMobileDevices.ts": {"path":"/Users/liuxiyang/work/code/aelf-web-login/packages/utils/src/is/isMobileDevices.ts","statementMap":{"0":{"start":{"line":1,"column":20},"end":{"line":1,"column":29}},"1":{"start":{"line":2,"column":18},"end":{"line":2,"column":25}},"2":{"start":{"line":3,"column":20},"end":{"line":3,"column":27}},"3":{"start":{"line":4,"column":23},"end":{"line":4,"column":52}},"4":{"start":{"line":5,"column":21},"end":{"line":5,"column":47}},"5":{"start":{"line":6,"column":22},"end":{"line":6,"column":32}},"6":{"start":{"line":7,"column":20},"end":{"line":7,"column":56}},"7":{"start":{"line":8,"column":21},"end":{"line":8,"column":28}},"8":{"start":{"line":9,"column":21},"end":{"line":9,"column":37}},"9":{"start":{"line":10,"column":22},"end":{"line":10,"column":45}},"10":{"start":{"line":11,"column":24},"end":{"line":11,"column":37}},"11":{"start":{"line":12,"column":26},"end":{"line":12,"column":33}},"12":{"start":{"line":13,"column":19},"end":{"line":13,"column":32}},"13":{"start":{"line":14,"column":20},"end":{"line":14,"column":51}},"14":{"start":{"line":15,"column":21},"end":{"line":15,"column":45}},"15":{"start":{"line":24,"column":29},"end":{"line":31,"column":1}},"16":{"start":{"line":25,"column":2},"end":{"line":30,"column":4}},"17":{"start":{"line":34,"column":2},"end":{"line":34,"column":59}},"18":{"start":{"line":34,"column":37},"end":{"line":34,"column":58}},"19":{"start":{"line":76,"column":23},"end":{"line":80,"column":3}},"20":{"start":{"line":82,"column":2},"end":{"line":96,"column":3}},"21":{"start":{"line":83,"column":4},"end":{"line":87,"column":6}},"22":{"start":{"line":88,"column":9},"end":{"line":96,"column":3}},"23":{"start":{"line":89,"column":4},"end":{"line":89,"column":26}},"24":{"start":{"line":90,"column":9},"end":{"line":96,"column":3}},"25":{"start":{"line":91,"column":4},"end":{"line":95,"column":6}},"26":{"start":{"line":98,"column":18},"end":{"line":98,"column":31}},"27":{"start":{"line":102,"column":12},"end":{"line":102,"column":36}},"28":{"start":{"line":103,"column":2},"end":{"line":105,"column":3}},"29":{"start":{"line":104,"column":4},"end":{"line":104,"column":23}},"30":{"start":{"line":110,"column":2},"end":{"line":110,"column":35}},"31":{"start":{"line":111,"column":2},"end":{"line":113,"column":3}},"32":{"start":{"line":112,"column":4},"end":{"line":112,"column":23}},"33":{"start":{"line":115,"column":16},"end":{"line":115,"column":38}},"34":{"start":{"line":117,"column":33},"end":{"line":177,"column":3}},"35":{"start":{"line":179,"column":2},"end":{"line":180,"column":97}},"36":{"start":{"line":182,"column":2},"end":{"line":182,"column":84}},"37":{"start":{"line":183,"column":2},"end":{"line":183,"column":88}},"38":{"start":{"line":185,"column":2},"end":{"line":185,"column":16}},"39":{"start":{"line":189,"column":14},"end":{"line":189,"column":24}},"40":{"start":{"line":190,"column":2},"end":{"line":190,"column":48}}},"fnMap":{"0":{"name":"(anonymous_0)","decl":{"start":{"line":24,"column":29},"end":{"line":24,"column":30}},"loc":{"start":{"line":24,"column":65},"end":{"line":31,"column":1}},"line":24},"1":{"name":"createMatch","decl":{"start":{"line":33,"column":9},"end":{"line":33,"column":20}},"loc":{"start":{"line":33,"column":71},"end":{"line":35,"column":1}},"line":33},"2":{"name":"(anonymous_2)","decl":{"start":{"line":34,"column":9},"end":{"line":34,"column":10}},"loc":{"start":{"line":34,"column":37},"end":{"line":34,"column":58}},"line":34},"3":{"name":"isMobile","decl":{"start":{"line":75,"column":16},"end":{"line":75,"column":24}},"loc":{"start":{"line":75,"column":68},"end":{"line":186,"column":1}},"line":75},"4":{"name":"isMobileDevices","decl":{"start":{"line":188,"column":16},"end":{"line":188,"column":31}},"loc":{"start":{"line":188,"column":34},"end":{"line":191,"column":1}},"line":188}},"branchMap":{"0":{"loc":{"start":{"line":26,"column":4},"end":{"line":29,"column":32}},"type":"binary-expr","locations":[{"start":{"line":26,"column":4},"end":{"line":26,"column":36}},{"start":{"line":27,"column":4},"end":{"line":27,"column":37}},{"start":{"line":28,"column":4},"end":{"line":28,"column":48}},{"start":{"line":29,"column":4},"end":{"line":29,"column":32}}],"line":26},"1":{"loc":{"start":{"line":82,"column":2},"end":{"line":96,"column":3}},"type":"if","locations":[{"start":{"line":82,"column":2},"end":{"line":96,"column":3}},{"start":{"line":88,"column":9},"end":{"line":96,"column":3}}],"line":82},"2":{"loc":{"start":{"line":82,"column":6},"end":{"line":82,"column":48}},"type":"binary-expr","locations":[{"start":{"line":82,"column":6},"end":{"line":82,"column":12}},{"start":{"line":82,"column":16},"end":{"line":82,"column":48}}],"line":82},"3":{"loc":{"start":{"line":86,"column":22},"end":{"line":86,"column":51}},"type":"binary-expr","locations":[{"start":{"line":86,"column":22},"end":{"line":86,"column":46}},{"start":{"line":86,"column":50},"end":{"line":86,"column":51}}],"line":86},"4":{"loc":{"start":{"line":88,"column":9},"end":{"line":96,"column":3}},"type":"if","locations":[{"start":{"line":88,"column":9},"end":{"line":96,"column":3}},{"start":{"line":90,"column":9},"end":{"line":96,"column":3}}],"line":88},"5":{"loc":{"start":{"line":90,"column":9},"end":{"line":96,"column":3}},"type":"if","locations":[{"start":{"line":90,"column":9},"end":{"line":96,"column":3}},{"start":{},"end":{}}],"line":90},"6":{"loc":{"start":{"line":90,"column":13},"end":{"line":90,"column":37}},"type":"binary-expr","locations":[{"start":{"line":90,"column":13},"end":{"line":90,"column":18}},{"start":{"line":90,"column":22},"end":{"line":90,"column":37}}],"line":90},"7":{"loc":{"start":{"line":94,"column":22},"end":{"line":94,"column":47}},"type":"binary-expr","locations":[{"start":{"line":94,"column":22},"end":{"line":94,"column":42}},{"start":{"line":94,"column":46},"end":{"line":94,"column":47}}],"line":94},"8":{"loc":{"start":{"line":103,"column":2},"end":{"line":105,"column":3}},"type":"if","locations":[{"start":{"line":103,"column":2},"end":{"line":105,"column":3}},{"start":{},"end":{}}],"line":103},"9":{"loc":{"start":{"line":111,"column":2},"end":{"line":113,"column":3}},"type":"if","locations":[{"start":{"line":111,"column":2},"end":{"line":113,"column":3}},{"start":{},"end":{}}],"line":111},"10":{"loc":{"start":{"line":119,"column":13},"end":{"line":119,"column":55}},"type":"binary-expr","locations":[{"start":{"line":119,"column":13},"end":{"line":119,"column":31}},{"start":{"line":119,"column":35},"end":{"line":119,"column":55}}],"line":119},"11":{"loc":{"start":{"line":122,"column":8},"end":{"line":124,"column":28}},"type":"binary-expr","locations":[{"start":{"line":122,"column":8},"end":{"line":122,"column":27}},{"start":{"line":123,"column":9},"end":{"line":123,"column":27}},{"start":{"line":123,"column":31},"end":{"line":123,"column":56}},{"start":{"line":124,"column":8},"end":{"line":124,"column":28}}],"line":122},"12":{"loc":{"start":{"line":127,"column":8},"end":{"line":132,"column":28}},"type":"binary-expr","locations":[{"start":{"line":127,"column":9},"end":{"line":127,"column":27}},{"start":{"line":128,"column":10},"end":{"line":128,"column":26}},{"start":{"line":129,"column":10},"end":{"line":129,"column":28}},{"start":{"line":130,"column":10},"end":{"line":130,"column":31}},{"start":{"line":131,"column":10},"end":{"line":131,"column":35}},{"start":{"line":132,"column":8},"end":{"line":132,"column":28}}],"line":127},"13":{"loc":{"start":{"line":136,"column":14},"end":{"line":136,"column":56}},"type":"binary-expr","locations":[{"start":{"line":136,"column":14},"end":{"line":136,"column":33}},{"start":{"line":136,"column":37},"end":{"line":136,"column":56}}],"line":136},"14":{"loc":{"start":{"line":137,"column":14},"end":{"line":137,"column":55}},"type":"binary-expr","locations":[{"start":{"line":137,"column":14},"end":{"line":137,"column":32}},{"start":{"line":137,"column":36},"end":{"line":137,"column":55}}],"line":137},"15":{"loc":{"start":{"line":141,"column":8},"end":{"line":142,"column":53}},"type":"binary-expr","locations":[{"start":{"line":141,"column":9},"end":{"line":141,"column":29}},{"start":{"line":141,"column":33},"end":{"line":141,"column":51}},{"start":{"line":142,"column":9},"end":{"line":142,"column":29}},{"start":{"line":142,"column":33},"end":{"line":142,"column":52}}],"line":141},"16":{"loc":{"start":{"line":144,"column":8},"end":{"line":147,"column":53}},"type":"binary-expr","locations":[{"start":{"line":144,"column":8},"end":{"line":144,"column":28}},{"start":{"line":145,"column":8},"end":{"line":145,"column":27}},{"start":{"line":146,"column":8},"end":{"line":146,"column":28}},{"start":{"line":147,"column":9},"end":{"line":147,"column":28}},{"start":{"line":147,"column":32},"end":{"line":147,"column":52}}],"line":144},"17":{"loc":{"start":{"line":149,"column":8},"end":{"line":154,"column":28}},"type":"binary-expr","locations":[{"start":{"line":149,"column":9},"end":{"line":149,"column":29}},{"start":{"line":150,"column":11},"end":{"line":150,"column":29}},{"start":{"line":151,"column":12},"end":{"line":151,"column":31}},{"start":{"line":152,"column":12},"end":{"line":152,"column":31}},{"start":{"line":153,"column":12},"end":{"line":153,"column":32}},{"start":{"line":154,"column":8},"end":{"line":154,"column":28}}],"line":149},"18":{"loc":{"start":{"line":159,"column":14},"end":{"line":159,"column":57}},"type":"binary-expr","locations":[{"start":{"line":159,"column":14},"end":{"line":159,"column":33}},{"start":{"line":159,"column":37},"end":{"line":159,"column":57}}],"line":159},"19":{"loc":{"start":{"line":168,"column":8},"end":{"line":172,"column":26}},"type":"binary-expr","locations":[{"start":{"line":168,"column":8},"end":{"line":168,"column":30}},{"start":{"line":169,"column":8},"end":{"line":169,"column":32}},{"start":{"line":170,"column":8},"end":{"line":170,"column":25}},{"start":{"line":171,"column":8},"end":{"line":171,"column":27}},{"start":{"line":172,"column":8},"end":{"line":172,"column":26}}],"line":168},"20":{"loc":{"start":{"line":180,"column":4},"end":{"line":180,"column":96}},"type":"binary-expr","locations":[{"start":{"line":180,"column":4},"end":{"line":180,"column":23}},{"start":{"line":180,"column":27},"end":{"line":180,"column":48}},{"start":{"line":180,"column":52},"end":{"line":180,"column":73}},{"start":{"line":180,"column":77},"end":{"line":180,"column":96}}],"line":180},"21":{"loc":{"start":{"line":182,"column":17},"end":{"line":182,"column":83}},"type":"binary-expr","locations":[{"start":{"line":182,"column":17},"end":{"line":182,"column":35}},{"start":{"line":182,"column":39},"end":{"line":182,"column":59}},{"start":{"line":182,"column":63},"end":{"line":182,"column":83}}],"line":182},"22":{"loc":{"start":{"line":183,"column":18},"end":{"line":183,"column":87}},"type":"binary-expr","locations":[{"start":{"line":183,"column":18},"end":{"line":183,"column":37}},{"start":{"line":183,"column":41},"end":{"line":183,"column":62}},{"start":{"line":183,"column":66},"end":{"line":183,"column":87}}],"line":183},"23":{"loc":{"start":{"line":190,"column":9},"end":{"line":190,"column":47}},"type":"binary-expr","locations":[{"start":{"line":190,"column":9},"end":{"line":190,"column":25}},{"start":{"line":190,"column":29},"end":{"line":190,"column":47}}],"line":190}},"s":{"0":1,"1":1,"2":1,"3":1,"4":1,"5":1,"6":1,"7":1,"8":1,"9":1,"10":1,"11":1,"12":1,"13":1,"14":1,"15":1,"16":2,"17":2,"18":84,"19":2,"20":2,"21":2,"22":0,"23":0,"24":0,"25":0,"26":2,"27":2,"28":2,"29":0,"30":2,"31":2,"32":0,"33":2,"34":2,"35":2,"36":2,"37":2,"38":2,"39":2,"40":2},"f":{"0":2,"1":2,"2":84,"3":2,"4":2},"b":{"0":[2,2,0,0],"1":[2,0],"2":[2,2],"3":[2,2],"4":[0,0],"5":[0,0],"6":[0,0],"7":[0,0],"8":[0,2],"9":[0,2],"10":[2,1],"11":[2,1,1,0],"12":[2,1,1,1,1,1],"13":[2,2],"14":[2,2],"15":[2,2,2,2],"16":[2,2,2,2,2],"17":[2,2,2,2,2,2],"18":[2,2],"19":[2,2,2,2,2],"20":[2,1,1,1],"21":[2,1,1],"22":[2,2,2],"23":[2,1]},"_coverageSchema":"1a1c01bbd47fc00a2c39e90264f33305004495a9","hash":"82b9d37051b230c0052712ae4e5bc98fd84a0c6c"}
,"/Users/liuxiyang/work/code/aelf-web-login/packages/utils/src/is/isPortkeyApp.ts": {"path":"/Users/liuxiyang/work/code/aelf-web-login/packages/utils/src/is/isPortkeyApp.ts","statementMap":{"0":{"start":{"line":2,"column":2},"end":{"line":6,"column":3}},"1":{"start":{"line":3,"column":4},"end":{"line":3,"column":17}},"2":{"start":{"line":5,"column":4},"end":{"line":5,"column":58}}},"fnMap":{"0":{"name":"isPortkeyApp","decl":{"start":{"line":1,"column":16},"end":{"line":1,"column":28}},"loc":{"start":{"line":1,"column":31},"end":{"line":7,"column":1}},"line":1}},"branchMap":{"0":{"loc":{"start":{"line":2,"column":2},"end":{"line":6,"column":3}},"type":"if","locations":[{"start":{"line":2,"column":2},"end":{"line":6,"column":3}},{"start":{"line":4,"column":9},"end":{"line":6,"column":3}}],"line":2}},"s":{"0":2,"1":1,"2":1},"f":{"0":2},"b":{"0":[1,1]},"_coverageSchema":"1a1c01bbd47fc00a2c39e90264f33305004495a9","hash":"1ed7b43151466a62a42d706e082632997327ef65"}
,"/Users/liuxiyang/work/code/aelf-web-login/packages/utils/src/is/isPrivateKey.ts": {"path":"/Users/liuxiyang/work/code/aelf-web-login/packages/utils/src/is/isPrivateKey.ts","statementMap":{"0":{"start":{"line":2,"column":2},"end":{"line":8,"column":3}},"1":{"start":{"line":3,"column":4},"end":{"line":5,"column":5}},"2":{"start":{"line":4,"column":6},"end":{"line":4,"column":75}},"3":{"start":{"line":7,"column":4},"end":{"line":7,"column":17}},"4":{"start":{"line":9,"column":2},"end":{"line":9,"column":15}}},"fnMap":{"0":{"name":"isPrivateKey","decl":{"start":{"line":1,"column":16},"end":{"line":1,"column":28}},"loc":{"start":{"line":1,"column":50},"end":{"line":10,"column":1}},"line":1}},"branchMap":{"0":{"loc":{"start":{"line":3,"column":4},"end":{"line":5,"column":5}},"type":"if","locations":[{"start":{"line":3,"column":4},"end":{"line":5,"column":5}},{"start":{},"end":{}}],"line":3},"1":{"loc":{"start":{"line":3,"column":8},"end":{"line":3,"column":52}},"type":"binary-expr","locations":[{"start":{"line":3,"column":8},"end":{"line":3,"column":18}},{"start":{"line":3,"column":22},"end":{"line":3,"column":52}}],"line":3}},"s":{"0":3,"1":3,"2":2,"3":1,"4":1},"f":{"0":3},"b":{"0":[2,1],"1":[3,2]},"_coverageSchema":"1a1c01bbd47fc00a2c39e90264f33305004495a9","hash":"f0077349f30e3216afcaf5b95239a7d7a74ff48a"}
,"/Users/liuxiyang/work/code/aelf-web-login/packages/utils/src/utility/Loading.tsx": {"path":"/Users/liuxiyang/work/code/aelf-web-login/packages/utils/src/utility/Loading.tsx","statementMap":{"0":{"start":{"line":4,"column":45},"end":{"line":4,"column":49}},"1":{"start":{"line":5,"column":30},"end":{"line":5,"column":34}},"2":{"start":{"line":9,"column":4},"end":{"line":9,"column":28}},"3":{"start":{"line":13,"column":4},"end":{"line":17,"column":5}},"4":{"start":{"line":14,"column":6},"end":{"line":14,"column":53}},"5":{"start":{"line":15,"column":6},"end":{"line":15,"column":48}},"6":{"start":{"line":16,"column":6},"end":{"line":16,"column":45}},"7":{"start":{"line":21,"column":4},"end":{"line":21,"column":27}},"8":{"start":{"line":23,"column":4},"end":{"line":23,"column":56}},"9":{"start":{"line":27,"column":4},"end":{"line":27,"column":29}},"10":{"start":{"line":31,"column":4},"end":{"line":31,"column":30}},"11":{"start":{"line":32,"column":4},"end":{"line":37,"column":5}},"12":{"start":{"line":33,"column":6},"end":{"line":33,"column":27}},"13":{"start":{"line":34,"column":6},"end":{"line":34,"column":48}},"14":{"start":{"line":35,"column":6},"end":{"line":35,"column":28}},"15":{"start":{"line":36,"column":6},"end":{"line":36,"column":23}}},"fnMap":{"0":{"name":"(anonymous_0)","decl":{"start":{"line":8,"column":2},"end":{"line":8,"column":3}},"loc":{"start":{"line":8,"column":38},"end":{"line":10,"column":3}},"line":8},"1":{"name":"(anonymous_1)","decl":{"start":{"line":12,"column":2},"end":{"line":12,"column":3}},"loc":{"start":{"line":12,"column":28},"end":{"line":18,"column":3}},"line":12},"2":{"name":"(anonymous_2)","decl":{"start":{"line":20,"column":2},"end":{"line":20,"column":3}},"loc":{"start":{"line":20,"column":42},"end":{"line":24,"column":3}},"line":20},"3":{"name":"(anonymous_3)","decl":{"start":{"line":26,"column":2},"end":{"line":26,"column":3}},"loc":{"start":{"line":26,"column":9},"end":{"line":28,"column":3}},"line":26},"4":{"name":"(anonymous_4)","decl":{"start":{"line":30,"column":2},"end":{"line":30,"column":3}},"loc":{"start":{"line":30,"column":9},"end":{"line":38,"column":3}},"line":30}},"branchMap":{"0":{"loc":{"start":{"line":13,"column":4},"end":{"line":17,"column":5}},"type":"if","locations":[{"start":{"line":13,"column":4},"end":{"line":17,"column":5}},{"start":{},"end":{}}],"line":13},"1":{"loc":{"start":{"line":23,"column":22},"end":{"line":23,"column":54}},"type":"cond-expr","locations":[{"start":{"line":23,"column":32},"end":{"line":23,"column":47}},{"start":{"line":23,"column":50},"end":{"line":23,"column":54}}],"line":23},"2":{"loc":{"start":{"line":32,"column":4},"end":{"line":37,"column":5}},"type":"if","locations":[{"start":{"line":32,"column":4},"end":{"line":37,"column":5}},{"start":{},"end":{}}],"line":32}},"s":{"0":4,"1":4,"2":4,"3":4,"4":3,"5":3,"6":3,"7":4,"8":4,"9":3,"10":1,"11":1,"12":1,"13":1,"14":1,"15":1},"f":{"0":4,"1":4,"2":4,"3":3,"4":1},"b":{"0":[3,1],"1":[3,1],"2":[1,0]},"_coverageSchema":"1a1c01bbd47fc00a2c39e90264f33305004495a9","hash":"d1b2e7b75f227d9c2a2afaca19b603ca9f0ea4e4"}
,"/Users/liuxiyang/work/code/aelf-web-login/packages/utils/src/utility/sleep.ts": {"path":"/Users/liuxiyang/work/code/aelf-web-login/packages/utils/src/utility/sleep.ts","statementMap":{"0":{"start":{"line":2,"column":2},"end":{"line":2,"column":69}},"1":{"start":{"line":2,"column":34},"end":{"line":2,"column":67}}},"fnMap":{"0":{"name":"sleep","decl":{"start":{"line":1,"column":9},"end":{"line":1,"column":14}},"loc":{"start":{"line":1,"column":52},"end":{"line":3,"column":1}},"line":1},"1":{"name":"(anonymous_1)","decl":{"start":{"line":2,"column":21},"end":{"line":2,"column":22}},"loc":{"start":{"line":2,"column":34},"end":{"line":2,"column":67}},"line":2}},"branchMap":{},"s":{"0":1,"1":1},"f":{"0":1,"1":1},"b":{},"_coverageSchema":"1a1c01bbd47fc00a2c39e90264f33305004495a9","hash":"49e1a28dfeb96cf7cd575a64842c2e71a804aa20"}
}
