TN:
SF:src/address/addPrefixSuffix.ts
FN:1,addPrefixSuffix
FNF:1
FNH:1
FNDA:5,addPrefixSuffix
DA:2,5
DA:3,4
DA:4,4
DA:5,4
DA:6,4
DA:7,4
DA:9,4
DA:10,4
DA:12,4
LF:9
LH:9
BRDA:2,0,0,1
BRDA:2,0,1,4
BRDA:5,1,0,1
BRDA:5,1,1,3
BRDA:6,2,0,4
BRDA:6,2,1,0
BRDA:9,3,0,4
BRDA:9,3,1,0
BRF:8
BRH:6
end_of_record
TN:
SF:src/address/decodeAddress.ts
FN:2,(anonymous_0)
FNF:1
FNH:1
FNDA:6,(anonymous_0)
DA:2,1
DA:3,6
DA:4,6
DA:5,5
DA:6,4
DA:7,2
DA:8,2
DA:10,1
DA:11,1
DA:13,2
DA:15,2
DA:17,1
LF:12
LH:12
BRDA:4,0,0,1
BRDA:4,0,1,5
BRDA:5,1,0,1
BRDA:5,1,1,4
BRDA:6,2,0,2
BRDA:6,2,1,2
BRDA:8,3,0,1
BRDA:8,3,1,1
BRF:8
BRH:8
end_of_record
TN:
SF:src/address/getOriginalAddress.ts
FN:1,getOriginalAddress
FNF:1
FNH:1
FNDA:6,getOriginalAddress
DA:2,6
DA:3,4
DA:4,1
DA:6,3
LF:4
LH:4
BRDA:2,0,0,2
BRDA:2,0,1,4
BRDA:3,1,0,1
BRDA:3,1,1,3
BRF:4
BRH:4
end_of_record
TN:
SF:src/calculate/divDecimals.ts
FN:3,divDecimals
FNF:1
FNH:1
FNDA:8,divDecimals
DA:4,8
DA:5,5
DA:6,5
DA:7,4
DA:8,1
DA:10,3
LF:6
LH:6
BRDA:3,0,0,5
BRDA:4,1,0,3
BRDA:4,1,1,5
BRDA:5,2,0,1
BRDA:5,2,1,4
BRDA:6,3,0,1
BRDA:6,3,1,4
BRDA:6,4,0,5
BRDA:6,4,1,5
BRDA:7,5,0,1
BRDA:7,5,1,3
BRDA:7,6,0,4
BRDA:7,6,1,1
BRF:13
BRH:13
end_of_record
TN:
SF:src/calculate/index.ts
FNF:0
FNH:0
LF:0
LH:0
BRF:0
BRH:0
end_of_record
TN:
SF:src/calculate/timesDecimals.ts
FN:3,timesDecimals
FNF:1
FNH:1
FNDA:11,timesDecimals
DA:4,11
DA:5,8
DA:6,8
DA:7,6
DA:8,1
DA:10,5
LF:6
LH:6
BRDA:3,0,0,5
BRDA:4,1,0,3
BRDA:4,1,1,8
BRDA:5,2,0,1
BRDA:5,2,1,7
BRDA:6,3,0,2
BRDA:6,3,1,6
BRDA:6,4,0,8
BRDA:6,4,1,8
BRDA:7,5,0,1
BRDA:7,5,1,5
BRDA:7,6,0,6
BRDA:7,6,1,1
BRF:13
BRH:13
end_of_record
TN:
SF:src/contract/getRawTransaction.ts
FN:16,(anonymous_0)
FNF:1
FNH:1
FNDA:5,(anonymous_0)
DA:16,1
DA:25,5
DA:27,4
DA:29,4
DA:30,4
DA:32,1
DA:33,1
DA:42,1
DA:44,2
DA:45,2
DA:53,1
DA:55,1
DA:56,1
DA:63,1
DA:66,3
DA:68,1
DA:70,1
LF:17
LH:17
BRDA:25,0,0,1
BRDA:25,0,1,4
BRDA:30,1,0,1
BRDA:30,1,1,2
BRDA:30,1,2,1
BRDA:32,2,0,0
BRDA:32,2,1,1
BRDA:37,3,0,1
BRDA:37,3,1,0
BRDA:44,4,0,0
BRDA:44,4,1,2
BRDA:55,5,0,0
BRDA:55,5,1,1
BRF:13
BRH:9
end_of_record
TN:
SF:src/contract/getRawTransactionNight.ts
FN:11,getRawTransactionNight
FNF:1
FNH:1
FNDA:2,getRawTransactionNight
DA:18,2
DA:23,1
DA:24,1
LF:3
LH:3
BRF:0
BRH:0
end_of_record
TN:
SF:src/contract/getRawTransactionPortkey.ts
FN:14,(anonymous_0)
FNF:1
FNH:1
FNDA:2,(anonymous_0)
DA:14,1
DA:23,2
DA:24,2
DA:33,1
DA:35,1
DA:37,1
LF:6
LH:6
BRF:0
BRH:0
end_of_record
TN:
SF:src/contract/getTxResultRetry.ts
FN:4,getAElf
FN:13,getTxResultRetry
FNF:2
FNH:2
FNDA:7,getAElf
FNDA:2,getTxResultRetry
DA:5,7
DA:6,7
DA:8,7
DA:9,7
DA:11,7
DA:18,2
DA:19,2
DA:20,2
DA:21,2
DA:22,1
DA:24,1
DA:27,1
LF:12
LH:12
BRDA:5,0,0,7
BRDA:5,0,1,0
BRDA:8,1,0,7
BRDA:8,1,1,0
BRDA:16,2,0,2
BRDA:21,3,0,1
BRDA:21,3,1,1
BRF:7
BRH:5
end_of_record
TN:
SF:src/contract/useCheckAllowanceAndApprove.ts
FN:23,(anonymous_0)
FN:41,(anonymous_1)
FNF:2
FNH:2
FNDA:6,(anonymous_0)
FNDA:3,(anonymous_1)
DA:23,1
DA:38,6
DA:39,6
DA:41,6
DA:42,3
DA:43,3
DA:44,3
DA:67,2
DA:68,2
DA:70,2
DA:71,1
DA:73,1
DA:90,1
DA:92,1
DA:94,1
DA:96,3
DA:109,6
LF:17
LH:17
BRDA:67,0,0,2
BRDA:67,0,1,1
BRDA:67,0,2,1
BRDA:68,1,0,2
BRDA:68,1,1,1
BRDA:70,2,0,1
BRDA:70,2,1,1
BRF:7
BRH:7
end_of_record
TN:
SF:src/contract/useGetBalance.ts
FN:5,(anonymous_0)
FN:19,(anonymous_1)
FNF:2
FNH:2
FNDA:2,(anonymous_0)
FNDA:1,(anonymous_1)
DA:5,1
DA:16,2
DA:17,2
DA:19,2
DA:20,1
DA:21,1
DA:22,1
DA:31,1
DA:33,0
DA:35,1
DA:39,2
LF:11
LH:10
BRF:0
BRH:0
end_of_record
TN:
SF:src/format/formatNumberWithDecimalPlaces.ts
FN:3,formatNumberWithDecimalPlaces
FNF:1
FNH:1
FNDA:8,formatNumberWithDecimalPlaces
DA:2,1
DA:4,8
DA:5,8
DA:6,7
LF:4
LH:4
BRDA:3,0,0,4
BRDA:5,1,0,1
BRDA:5,1,1,7
BRF:3
BRH:3
end_of_record
TN:
SF:src/format/formatPrice.ts
FN:3,formatPrice
FNF:1
FNH:1
FNDA:8,formatPrice
DA:15,8
DA:16,8
DA:17,8
DA:19,7
DA:20,1
DA:23,6
DA:24,6
DA:25,6
LF:8
LH:8
BRDA:12,0,0,4
BRDA:13,1,0,6
BRDA:14,2,0,6
BRDA:15,3,0,8
BRDA:15,3,1,3
BRDA:16,4,0,1
BRDA:16,4,1,7
BRDA:17,5,0,1
BRDA:17,5,1,7
BRDA:19,6,0,1
BRDA:19,6,1,6
BRDA:19,7,0,7
BRDA:19,7,1,7
BRF:13
BRH:13
end_of_record
TN:
SF:src/format/formatTime.ts
FN:21,formatTime
FN:29,createDuration
FNF:2
FNH:2
FNDA:3,formatTime
FNDA:3,createDuration
DA:3,1
DA:22,3
DA:33,3
DA:34,1
DA:35,2
DA:36,1
DA:38,1
LF:7
LH:7
BRDA:21,0,0,2
BRDA:33,1,0,1
BRDA:33,1,1,2
BRDA:35,2,0,1
BRDA:35,2,1,1
BRF:5
BRH:5
end_of_record
TN:
SF:src/is/isAElfBridge.ts
FN:4,isAElfBridge
FNF:1
FNH:1
FNDA:2,isAElfBridge
DA:5,2
LF:1
LH:1
BRDA:5,0,0,2
BRDA:5,0,1,1
BRF:2
BRH:2
end_of_record
TN:
SF:src/is/isELFAddress.ts
FN:3,isELFAddress
FNF:1
FNH:1
FNDA:3,isELFAddress
DA:4,3
DA:5,2
DA:6,2
DA:8,1
LF:4
LH:4
BRDA:4,0,0,1
BRDA:4,0,1,2
BRF:2
BRH:2
end_of_record
TN:
SF:src/is/isMobileDevices.ts
FN:24,(anonymous_0)
FN:33,createMatch
FN:34,(anonymous_2)
FN:75,isMobile
FN:188,isMobileDevices
FNF:5
FNH:5
FNDA:2,(anonymous_0)
FNDA:2,createMatch
FNDA:84,(anonymous_2)
FNDA:2,isMobile
FNDA:2,isMobileDevices
DA:1,1
DA:2,1
DA:3,1
DA:4,1
DA:5,1
DA:6,1
DA:7,1
DA:8,1
DA:9,1
DA:10,1
DA:11,1
DA:12,1
DA:13,1
DA:14,1
DA:15,1
DA:24,1
DA:25,2
DA:34,84
DA:76,2
DA:82,2
DA:83,2
DA:88,0
DA:89,0
DA:90,0
DA:91,0
DA:98,2
DA:102,2
DA:103,2
DA:104,0
DA:110,2
DA:111,2
DA:112,0
DA:115,2
DA:117,2
DA:179,2
DA:182,2
DA:183,2
DA:185,2
DA:189,2
DA:190,2
LF:40
LH:34
BRDA:26,0,0,2
BRDA:26,0,1,2
BRDA:26,0,2,0
BRDA:26,0,3,0
BRDA:82,1,0,2
BRDA:82,1,1,0
BRDA:82,2,0,2
BRDA:82,2,1,2
BRDA:86,3,0,2
BRDA:86,3,1,2
BRDA:88,4,0,0
BRDA:88,4,1,0
BRDA:90,5,0,0
BRDA:90,5,1,0
BRDA:90,6,0,0
BRDA:90,6,1,0
BRDA:94,7,0,0
BRDA:94,7,1,0
BRDA:103,8,0,0
BRDA:103,8,1,2
BRDA:111,9,0,0
BRDA:111,9,1,2
BRDA:119,10,0,2
BRDA:119,10,1,1
BRDA:122,11,0,2
BRDA:122,11,1,1
BRDA:122,11,2,1
BRDA:122,11,3,0
BRDA:127,12,0,2
BRDA:127,12,1,1
BRDA:127,12,2,1
BRDA:127,12,3,1
BRDA:127,12,4,1
BRDA:127,12,5,1
BRDA:136,13,0,2
BRDA:136,13,1,2
BRDA:137,14,0,2
BRDA:137,14,1,2
BRDA:141,15,0,2
BRDA:141,15,1,2
BRDA:141,15,2,2
BRDA:141,15,3,2
BRDA:144,16,0,2
BRDA:144,16,1,2
BRDA:144,16,2,2
BRDA:144,16,3,2
BRDA:144,16,4,2
BRDA:149,17,0,2
BRDA:149,17,1,2
BRDA:149,17,2,2
BRDA:149,17,3,2
BRDA:149,17,4,2
BRDA:149,17,5,2
BRDA:159,18,0,2
BRDA:159,18,1,2
BRDA:168,19,0,2
BRDA:168,19,1,2
BRDA:168,19,2,2
BRDA:168,19,3,2
BRDA:168,19,4,2
BRDA:180,20,0,2
BRDA:180,20,1,1
BRDA:180,20,2,1
BRDA:180,20,3,1
BRDA:182,21,0,2
BRDA:182,21,1,1
BRDA:182,21,2,1
BRDA:183,22,0,2
BRDA:183,22,1,2
BRDA:183,22,2,2
BRDA:190,23,0,2
BRDA:190,23,1,1
BRF:72
BRH:58
end_of_record
TN:
SF:src/is/isPortkeyApp.ts
FN:1,isPortkeyApp
FNF:1
FNH:1
FNDA:2,isPortkeyApp
DA:2,2
DA:3,1
DA:5,1
LF:3
LH:3
BRDA:2,0,0,1
BRDA:2,0,1,1
BRF:2
BRH:2
end_of_record
TN:
SF:src/is/isPrivateKey.ts
FN:1,isPrivateKey
FNF:1
FNH:1
FNDA:3,isPrivateKey
DA:2,3
DA:3,3
DA:4,2
DA:7,1
DA:9,1
LF:5
LH:5
BRDA:3,0,0,2
BRDA:3,0,1,1
BRDA:3,1,0,3
BRDA:3,1,1,2
BRF:4
BRH:4
end_of_record
TN:
SF:src/utility/Loading.tsx
FN:8,(anonymous_0)
FN:12,(anonymous_1)
FN:20,(anonymous_2)
FN:26,(anonymous_3)
FN:30,(anonymous_4)
FNF:5
FNH:5
FNDA:4,(anonymous_0)
FNDA:4,(anonymous_1)
FNDA:4,(anonymous_2)
FNDA:3,(anonymous_3)
FNDA:1,(anonymous_4)
DA:4,4
DA:5,4
DA:9,4
DA:13,4
DA:14,3
DA:15,3
DA:16,3
DA:21,4
DA:23,4
DA:27,3
DA:31,1
DA:32,1
DA:33,1
DA:34,1
DA:35,1
DA:36,1
LF:16
LH:16
BRDA:13,0,0,3
BRDA:13,0,1,1
BRDA:23,1,0,3
BRDA:23,1,1,1
BRDA:32,2,0,1
BRDA:32,2,1,0
BRF:6
BRH:5
end_of_record
TN:
SF:src/utility/sleep.ts
FN:1,sleep
FN:2,(anonymous_1)
FNF:2
FNH:2
FNDA:1,sleep
FNDA:1,(anonymous_1)
DA:2,1
LF:1
LH:1
BRF:0
BRH:0
end_of_record
