{"total": {"lines":{"total":136,"covered":134,"skipped":0,"pct":98.52},"statements":{"total":136,"covered":134,"skipped":0,"pct":98.52},"functions":{"total":5,"covered":5,"skipped":0,"pct":100},"branches":{"total":29,"covered":28,"skipped":0,"pct":96.55},"branchesTrue":{"total":0,"covered":0,"skipped":0,"pct":"Unknown"}}
,"/home/runner/work/aelf-web-login/aelf-web-login/packages/bridge/src/mountApp.tsx": {"lines":{"total":16,"covered":16,"skipped":0,"pct":100},"functions":{"total":1,"covered":1,"skipped":0,"pct":100},"statements":{"total":16,"covered":16,"skipped":0,"pct":100},"branches":{"total":2,"covered":2,"skipped":0,"pct":100}}
,"/home/runner/work/aelf-web-login/aelf-web-login/packages/bridge/src/useLockCallback.ts": {"lines":{"total":19,"covered":19,"skipped":0,"pct":100},"functions":{"total":1,"covered":1,"skipped":0,"pct":100},"statements":{"total":19,"covered":19,"skipped":0,"pct":100},"branches":{"total":6,"covered":6,"skipped":0,"pct":100}}
,"/home/runner/work/aelf-web-login/aelf-web-login/packages/bridge/src/useVerifier.ts": {"lines":{"total":70,"covered":70,"skipped":0,"pct":100},"functions":{"total":1,"covered":1,"skipped":0,"pct":100},"statements":{"total":70,"covered":70,"skipped":0,"pct":100},"branches":{"total":13,"covered":13,"skipped":0,"pct":100}}
,"/home/runner/work/aelf-web-login/aelf-web-login/packages/bridge/src/utils.ts": {"lines":{"total":31,"covered":29,"skipped":0,"pct":93.54},"functions":{"total":2,"covered":2,"skipped":0,"pct":100},"statements":{"total":31,"covered":29,"skipped":0,"pct":93.54},"branches":{"total":8,"covered":7,"skipped":0,"pct":87.5}}
}
