TN:
SF:src/mountApp.tsx
FN:8,useMountSignIn
FNF:1
FNH:1
FNDA:3,useMountSignIn
DA:1,1
DA:8,1
DA:9,3
DA:10,3
DA:11,3
DA:12,3
DA:13,3
DA:14,3
DA:15,2
DA:16,2
DA:17,2
DA:18,2
DA:19,2
DA:21,3
DA:22,3
DA:23,3
LF:16
LH:16
BRDA:8,0,0,3
BRDA:14,1,0,2
BRF:2
BRH:2
end_of_record
TN:
SF:src/useLockCallback.ts
FN:3,useLockCallback
FNF:1
FNH:1
FNDA:4,useLockCallback
DA:1,1
DA:3,4
DA:4,4
DA:5,4
DA:6,4
DA:7,4
DA:8,4
DA:9,7
DA:10,6
DA:11,6
DA:12,6
DA:13,4
DA:14,4
DA:15,7
DA:16,2
DA:17,2
DA:18,2
DA:20,4
DA:21,4
LF:19
LH:19
BRDA:3,0,0,4
BRDA:8,1,0,7
BRDA:9,2,0,1
BRDA:9,3,0,6
BRDA:12,4,0,4
BRDA:15,5,0,2
BRF:6
BRH:6
end_of_record
TN:
SF:src/useVerifier.ts
FN:32,useVerifier
FNF:1
FNH:1
FNDA:7,useVerifier
DA:1,1
DA:8,1
DA:32,1
DA:33,7
DA:35,7
DA:36,7
DA:37,7
DA:38,7
DA:40,7
DA:41,7
DA:42,1
DA:43,1
DA:44,1
DA:45,7
DA:46,7
DA:48,7
DA:49,7
DA:50,5
DA:51,5
DA:52,5
DA:53,5
DA:54,5
DA:55,5
DA:56,5
DA:57,5
DA:65,5
DA:66,5
DA:67,5
DA:68,5
DA:69,5
DA:70,5
DA:71,5
DA:72,2
DA:73,2
DA:74,2
DA:75,2
DA:76,2
DA:77,5
DA:78,1
DA:79,1
DA:80,1
DA:81,1
DA:82,5
DA:83,1
DA:84,1
DA:85,1
DA:86,5
DA:87,1
DA:88,5
DA:89,5
DA:90,3
DA:91,3
DA:92,3
DA:93,3
DA:94,3
DA:95,5
DA:96,5
DA:97,5
DA:98,5
DA:99,5
DA:100,5
DA:101,5
DA:102,7
DA:103,7
DA:105,7
DA:106,7
DA:107,7
DA:108,7
DA:109,7
DA:111,1
LF:70
LH:70
BRDA:32,0,0,7
BRDA:36,1,0,7
BRDA:41,2,0,1
BRDA:49,3,0,5
BRDA:71,4,0,2
BRDA:77,5,0,1
BRDA:82,6,0,1
BRDA:86,7,0,1
BRDA:88,8,0,4
BRDA:89,9,0,1
BRDA:89,10,0,3
BRDA:95,11,0,1
BRDA:106,12,0,7
BRF:13
BRH:13
end_of_record
TN:
SF:src/utils.ts
FN:10,getCaContractBase
FN:24,getIsManagerReadOnly
FNF:2
FNH:2
FNDA:4,getCaContractBase
FNDA:2,getIsManagerReadOnly
DA:1,1
DA:6,1
DA:7,1
DA:8,1
DA:10,1
DA:11,4
DA:12,4
DA:13,2
DA:14,2
DA:15,4
DA:16,4
DA:17,4
DA:18,4
DA:19,4
DA:20,4
DA:21,2
DA:22,2
DA:24,1
DA:25,2
DA:26,1
DA:27,1
DA:28,1
DA:29,1
DA:30,1
DA:31,0
DA:32,0
DA:33,2
DA:34,1
DA:35,1
DA:36,1
DA:37,2
LF:31
LH:29
BRDA:10,0,0,4
BRDA:12,1,0,2
BRDA:15,2,0,2
BRDA:20,3,0,2
BRDA:24,4,0,2
BRDA:25,5,0,1
BRDA:30,6,0,0
BRDA:33,7,0,1
BRF:8
BRH:7
end_of_record
