{"/home/runner/work/aelf-web-login/aelf-web-login/packages/utils/src/address/addPrefixSuffix.ts": {"path":"/home/runner/work/aelf-web-login/aelf-web-login/packages/utils/src/address/addPrefixSuffix.ts","all":false,"statementMap":{"0":{"start":{"line":1,"column":0},"end":{"line":1,"column":57}},"1":{"start":{"line":2,"column":0},"end":{"line":2,"column":23}},"2":{"start":{"line":3,"column":0},"end":{"line":3,"column":26}},"3":{"start":{"line":4,"column":0},"end":{"line":4,"column":24}},"4":{"start":{"line":5,"column":0},"end":{"line":5,"column":51}},"5":{"start":{"line":6,"column":0},"end":{"line":6,"column":32}},"6":{"start":{"line":7,"column":0},"end":{"line":7,"column":34}},"7":{"start":{"line":8,"column":0},"end":{"line":8,"column":3}},"8":{"start":{"line":9,"column":0},"end":{"line":9,"column":30}},"9":{"start":{"line":10,"column":0},"end":{"line":10,"column":34}},"10":{"start":{"line":11,"column":0},"end":{"line":11,"column":3}},"11":{"start":{"line":12,"column":0},"end":{"line":12,"column":16}},"12":{"start":{"line":13,"column":0},"end":{"line":13,"column":1}}},"s":{"0":5,"1":5,"2":4,"3":4,"4":5,"5":5,"6":4,"7":4,"8":4,"9":4,"10":4,"11":4,"12":4},"branchMap":{"0":{"type":"branch","line":1,"loc":{"start":{"line":1,"column":0},"end":{"line":13,"column":1}},"locations":[{"start":{"line":1,"column":0},"end":{"line":13,"column":1}}]},"1":{"type":"branch","line":2,"loc":{"start":{"line":2,"column":12},"end":{"line":2,"column":23}},"locations":[{"start":{"line":2,"column":12},"end":{"line":2,"column":23}}]},"2":{"type":"branch","line":2,"loc":{"start":{"line":2,"column":19},"end":{"line":5,"column":27}},"locations":[{"start":{"line":2,"column":19},"end":{"line":5,"column":27}}]},"3":{"type":"branch","line":5,"loc":{"start":{"line":5,"column":17},"end":{"line":5,"column":43}},"locations":[{"start":{"line":5,"column":17},"end":{"line":5,"column":43}}]},"4":{"type":"branch","line":5,"loc":{"start":{"line":5,"column":38},"end":{"line":5,"column":51}},"locations":[{"start":{"line":5,"column":38},"end":{"line":5,"column":51}}]},"5":{"type":"branch","line":6,"loc":{"start":{"line":6,"column":31},"end":{"line":13,"column":1}},"locations":[{"start":{"line":6,"column":31},"end":{"line":13,"column":1}}]}},"b":{"0":[5],"1":[1],"2":[4],"3":[1],"4":[3],"5":[4]},"fnMap":{"0":{"name":"addPrefixSuffix","decl":{"start":{"line":1,"column":0},"end":{"line":13,"column":1}},"loc":{"start":{"line":1,"column":0},"end":{"line":13,"column":1}},"line":1}},"f":{"0":5}}
,"/home/runner/work/aelf-web-login/aelf-web-login/packages/utils/src/address/decodeAddress.ts": {"path":"/home/runner/work/aelf-web-login/aelf-web-login/packages/utils/src/address/decodeAddress.ts","all":false,"statementMap":{"0":{"start":{"line":1,"column":0},"end":{"line":1,"column":28}},"1":{"start":{"line":2,"column":0},"end":{"line":2,"column":51}},"2":{"start":{"line":3,"column":0},"end":{"line":3,"column":7}},"3":{"start":{"line":4,"column":0},"end":{"line":4,"column":31}},"4":{"start":{"line":5,"column":0},"end":{"line":5,"column":55}},"5":{"start":{"line":6,"column":0},"end":{"line":6,"column":32}},"6":{"start":{"line":7,"column":0},"end":{"line":7,"column":39}},"7":{"start":{"line":8,"column":0},"end":{"line":8,"column":43}},"9":{"start":{"line":10,"column":0},"end":{"line":10,"column":35}},"10":{"start":{"line":11,"column":0},"end":{"line":11,"column":47}},"11":{"start":{"line":12,"column":0},"end":{"line":12,"column":12}},"12":{"start":{"line":13,"column":0},"end":{"line":13,"column":43}},"13":{"start":{"line":14,"column":0},"end":{"line":14,"column":5}},"14":{"start":{"line":15,"column":0},"end":{"line":15,"column":16}},"15":{"start":{"line":16,"column":0},"end":{"line":16,"column":19}},"16":{"start":{"line":17,"column":0},"end":{"line":17,"column":17}},"17":{"start":{"line":18,"column":0},"end":{"line":18,"column":3}},"18":{"start":{"line":19,"column":0},"end":{"line":19,"column":2}}},"s":{"0":1,"1":1,"2":6,"3":6,"4":6,"5":6,"6":2,"7":2,"9":1,"10":1,"11":2,"12":2,"13":2,"14":2,"15":6,"16":1,"17":1,"18":6},"branchMap":{"0":{"type":"branch","line":2,"loc":{"start":{"line":2,"column":29},"end":{"line":19,"column":2}},"locations":[{"start":{"line":2,"column":29},"end":{"line":19,"column":2}}]},"1":{"type":"branch","line":4,"loc":{"start":{"line":4,"column":18},"end":{"line":4,"column":31}},"locations":[{"start":{"line":4,"column":18},"end":{"line":4,"column":31}}]},"2":{"type":"branch","line":4,"loc":{"start":{"line":4,"column":25},"end":{"line":5,"column":49}},"locations":[{"start":{"line":4,"column":25},"end":{"line":5,"column":49}}]},"3":{"type":"branch","line":5,"loc":{"start":{"line":5,"column":42},"end":{"line":5,"column":55}},"locations":[{"start":{"line":5,"column":42},"end":{"line":5,"column":55}}]},"4":{"type":"branch","line":5,"loc":{"start":{"line":5,"column":49},"end":{"line":6,"column":31}},"locations":[{"start":{"line":5,"column":49},"end":{"line":6,"column":31}}]},"5":{"type":"branch","line":6,"loc":{"start":{"line":6,"column":31},"end":{"line":16,"column":11}},"locations":[{"start":{"line":6,"column":31},"end":{"line":16,"column":11}}]},"6":{"type":"branch","line":8,"loc":{"start":{"line":8,"column":30},"end":{"line":12,"column":11}},"locations":[{"start":{"line":8,"column":30},"end":{"line":12,"column":11}}]},"7":{"type":"branch","line":16,"loc":{"start":{"line":16,"column":2},"end":{"line":18,"column":3}},"locations":[{"start":{"line":16,"column":2},"end":{"line":18,"column":3}}]}},"b":{"0":[6],"1":[1],"2":[5],"3":[1],"4":[4],"5":[2],"6":[1],"7":[1]},"fnMap":{"0":{"name":"decodeAddress","decl":{"start":{"line":2,"column":29},"end":{"line":19,"column":2}},"loc":{"start":{"line":2,"column":29},"end":{"line":19,"column":2}},"line":2}},"f":{"0":6}}
,"/home/runner/work/aelf-web-login/aelf-web-login/packages/utils/src/address/getOriginalAddress.ts": {"path":"/home/runner/work/aelf-web-login/aelf-web-login/packages/utils/src/address/getOriginalAddress.ts","all":false,"statementMap":{"0":{"start":{"line":1,"column":0},"end":{"line":1,"column":46}},"1":{"start":{"line":2,"column":0},"end":{"line":2,"column":27}},"2":{"start":{"line":3,"column":0},"end":{"line":3,"column":36}},"3":{"start":{"line":4,"column":0},"end":{"line":4,"column":15}},"4":{"start":{"line":5,"column":0},"end":{"line":5,"column":3}},"5":{"start":{"line":6,"column":0},"end":{"line":6,"column":58}},"6":{"start":{"line":7,"column":0},"end":{"line":7,"column":1}}},"s":{"0":6,"1":6,"2":6,"3":1,"4":1,"5":3,"6":3},"branchMap":{"0":{"type":"branch","line":1,"loc":{"start":{"line":1,"column":0},"end":{"line":7,"column":1}},"locations":[{"start":{"line":1,"column":0},"end":{"line":7,"column":1}}]},"1":{"type":"branch","line":2,"loc":{"start":{"line":2,"column":16},"end":{"line":2,"column":27}},"locations":[{"start":{"line":2,"column":16},"end":{"line":2,"column":27}}]},"2":{"type":"branch","line":2,"loc":{"start":{"line":2,"column":23},"end":{"line":3,"column":35}},"locations":[{"start":{"line":2,"column":23},"end":{"line":3,"column":35}}]},"3":{"type":"branch","line":3,"loc":{"start":{"line":3,"column":35},"end":{"line":5,"column":3}},"locations":[{"start":{"line":3,"column":35},"end":{"line":5,"column":3}}]},"4":{"type":"branch","line":5,"loc":{"start":{"line":5,"column":2},"end":{"line":7,"column":1}},"locations":[{"start":{"line":5,"column":2},"end":{"line":7,"column":1}}]}},"b":{"0":[6],"1":[2],"2":[4],"3":[1],"4":[3]},"fnMap":{"0":{"name":"getOriginalAddress","decl":{"start":{"line":1,"column":0},"end":{"line":7,"column":1}},"loc":{"start":{"line":1,"column":0},"end":{"line":7,"column":1}},"line":1}},"f":{"0":6}}
,"/home/runner/work/aelf-web-login/aelf-web-login/packages/utils/src/calculate/divDecimals.ts": {"path":"/home/runner/work/aelf-web-login/aelf-web-login/packages/utils/src/calculate/divDecimals.ts","all":false,"statementMap":{"0":{"start":{"line":1,"column":0},"end":{"line":1,"column":37}},"2":{"start":{"line":3,"column":0},"end":{"line":3,"column":82}},"3":{"start":{"line":4,"column":0},"end":{"line":4,"column":34}},"4":{"start":{"line":5,"column":0},"end":{"line":5,"column":63}},"5":{"start":{"line":6,"column":0},"end":{"line":6,"column":71}},"6":{"start":{"line":7,"column":0},"end":{"line":7,"column":61}},"7":{"start":{"line":8,"column":0},"end":{"line":8,"column":30}},"8":{"start":{"line":9,"column":0},"end":{"line":9,"column":3}},"9":{"start":{"line":10,"column":0},"end":{"line":10,"column":35}},"10":{"start":{"line":11,"column":0},"end":{"line":11,"column":1}}},"s":{"0":1,"2":1,"3":8,"4":8,"5":8,"6":8,"7":1,"8":1,"9":3,"10":3},"branchMap":{"0":{"type":"branch","line":3,"loc":{"start":{"line":3,"column":7},"end":{"line":11,"column":1}},"locations":[{"start":{"line":3,"column":7},"end":{"line":11,"column":1}}]},"1":{"type":"branch","line":4,"loc":{"start":{"line":4,"column":10},"end":{"line":4,"column":34}},"locations":[{"start":{"line":4,"column":10},"end":{"line":4,"column":34}}]},"2":{"type":"branch","line":4,"loc":{"start":{"line":4,"column":32},"end":{"line":5,"column":42}},"locations":[{"start":{"line":4,"column":32},"end":{"line":5,"column":42}}]},"3":{"type":"branch","line":5,"loc":{"start":{"line":5,"column":38},"end":{"line":5,"column":46}},"locations":[{"start":{"line":5,"column":38},"end":{"line":5,"column":46}}]},"4":{"type":"branch","line":5,"loc":{"start":{"line":5,"column":42},"end":{"line":5,"column":63}},"locations":[{"start":{"line":5,"column":42},"end":{"line":5,"column":63}}]},"5":{"type":"branch","line":6,"loc":{"start":{"line":6,"column":17},"end":{"line":6,"column":47}},"locations":[{"start":{"line":6,"column":17},"end":{"line":6,"column":47}}]},"6":{"type":"branch","line":6,"loc":{"start":{"line":6,"column":47},"end":{"line":6,"column":71}},"locations":[{"start":{"line":6,"column":47},"end":{"line":6,"column":71}}]},"7":{"type":"branch","line":6,"loc":{"start":{"line":6,"column":69},"end":{"line":7,"column":38}},"locations":[{"start":{"line":6,"column":69},"end":{"line":7,"column":38}}]},"8":{"type":"branch","line":7,"loc":{"start":{"line":7,"column":26},"end":{"line":7,"column":60}},"locations":[{"start":{"line":7,"column":26},"end":{"line":7,"column":60}}]},"9":{"type":"branch","line":7,"loc":{"start":{"line":7,"column":60},"end":{"line":9,"column":3}},"locations":[{"start":{"line":7,"column":60},"end":{"line":9,"column":3}}]},"10":{"type":"branch","line":9,"loc":{"start":{"line":9,"column":2},"end":{"line":11,"column":1}},"locations":[{"start":{"line":9,"column":2},"end":{"line":11,"column":1}}]}},"b":{"0":[8],"1":[3],"2":[5],"3":[1],"4":[4],"5":[5],"6":[1],"7":[4],"8":[1],"9":[1],"10":[3]},"fnMap":{"0":{"name":"divDecimals","decl":{"start":{"line":3,"column":7},"end":{"line":11,"column":1}},"loc":{"start":{"line":3,"column":7},"end":{"line":11,"column":1}},"line":3}},"f":{"0":8}}
,"/home/runner/work/aelf-web-login/aelf-web-login/packages/utils/src/calculate/index.ts": {"path":"/home/runner/work/aelf-web-login/aelf-web-login/packages/utils/src/calculate/index.ts","all":false,"statementMap":{"0":{"start":{"line":1,"column":0},"end":{"line":1,"column":32}},"1":{"start":{"line":2,"column":0},"end":{"line":2,"column":30}}},"s":{"0":1,"1":1},"branchMap":{},"b":{},"fnMap":{},"f":{}}
,"/home/runner/work/aelf-web-login/aelf-web-login/packages/utils/src/calculate/timesDecimals.ts": {"path":"/home/runner/work/aelf-web-login/aelf-web-login/packages/utils/src/calculate/timesDecimals.ts","all":false,"statementMap":{"0":{"start":{"line":1,"column":0},"end":{"line":1,"column":37}},"2":{"start":{"line":3,"column":0},"end":{"line":3,"column":84}},"3":{"start":{"line":4,"column":0},"end":{"line":4,"column":34}},"4":{"start":{"line":5,"column":0},"end":{"line":5,"column":63}},"5":{"start":{"line":6,"column":0},"end":{"line":6,"column":71}},"6":{"start":{"line":7,"column":0},"end":{"line":7,"column":61}},"7":{"start":{"line":8,"column":0},"end":{"line":8,"column":32}},"8":{"start":{"line":9,"column":0},"end":{"line":9,"column":3}},"9":{"start":{"line":10,"column":0},"end":{"line":10,"column":37}},"10":{"start":{"line":11,"column":0},"end":{"line":11,"column":1}}},"s":{"0":1,"2":1,"3":11,"4":11,"5":11,"6":11,"7":1,"8":1,"9":5,"10":5},"branchMap":{"0":{"type":"branch","line":3,"loc":{"start":{"line":3,"column":7},"end":{"line":11,"column":1}},"locations":[{"start":{"line":3,"column":7},"end":{"line":11,"column":1}}]},"1":{"type":"branch","line":4,"loc":{"start":{"line":4,"column":10},"end":{"line":4,"column":34}},"locations":[{"start":{"line":4,"column":10},"end":{"line":4,"column":34}}]},"2":{"type":"branch","line":4,"loc":{"start":{"line":4,"column":32},"end":{"line":5,"column":42}},"locations":[{"start":{"line":4,"column":32},"end":{"line":5,"column":42}}]},"3":{"type":"branch","line":5,"loc":{"start":{"line":5,"column":38},"end":{"line":5,"column":46}},"locations":[{"start":{"line":5,"column":38},"end":{"line":5,"column":46}}]},"4":{"type":"branch","line":5,"loc":{"start":{"line":5,"column":42},"end":{"line":5,"column":63}},"locations":[{"start":{"line":5,"column":42},"end":{"line":5,"column":63}}]},"5":{"type":"branch","line":6,"loc":{"start":{"line":6,"column":17},"end":{"line":6,"column":47}},"locations":[{"start":{"line":6,"column":17},"end":{"line":6,"column":47}}]},"6":{"type":"branch","line":6,"loc":{"start":{"line":6,"column":47},"end":{"line":6,"column":71}},"locations":[{"start":{"line":6,"column":47},"end":{"line":6,"column":71}}]},"7":{"type":"branch","line":6,"loc":{"start":{"line":6,"column":69},"end":{"line":7,"column":38}},"locations":[{"start":{"line":6,"column":69},"end":{"line":7,"column":38}}]},"8":{"type":"branch","line":7,"loc":{"start":{"line":7,"column":26},"end":{"line":7,"column":60}},"locations":[{"start":{"line":7,"column":26},"end":{"line":7,"column":60}}]},"9":{"type":"branch","line":7,"loc":{"start":{"line":7,"column":60},"end":{"line":9,"column":3}},"locations":[{"start":{"line":7,"column":60},"end":{"line":9,"column":3}}]},"10":{"type":"branch","line":9,"loc":{"start":{"line":9,"column":2},"end":{"line":11,"column":1}},"locations":[{"start":{"line":9,"column":2},"end":{"line":11,"column":1}}]}},"b":{"0":[11],"1":[3],"2":[8],"3":[1],"4":[7],"5":[8],"6":[2],"7":[6],"8":[1],"9":[1],"10":[5]},"fnMap":{"0":{"name":"timesDecimals","decl":{"start":{"line":3,"column":7},"end":{"line":11,"column":1}},"loc":{"start":{"line":3,"column":7},"end":{"line":11,"column":1}},"line":3}},"f":{"0":11}}
,"/home/runner/work/aelf-web-login/aelf-web-login/packages/utils/src/contract/getRawTransaction.ts": {"path":"/home/runner/work/aelf-web-login/aelf-web-login/packages/utils/src/contract/getRawTransaction.ts","all":false,"statementMap":{"0":{"start":{"line":1,"column":0},"end":{"line":1,"column":62}},"15":{"start":{"line":16,"column":0},"end":{"line":16,"column":99}},"16":{"start":{"line":17,"column":0},"end":{"line":17,"column":13}},"17":{"start":{"line":18,"column":0},"end":{"line":18,"column":13}},"18":{"start":{"line":19,"column":0},"end":{"line":19,"column":9}},"19":{"start":{"line":20,"column":0},"end":{"line":20,"column":13}},"20":{"start":{"line":21,"column":0},"end":{"line":21,"column":18}},"21":{"start":{"line":22,"column":0},"end":{"line":22,"column":20}},"22":{"start":{"line":23,"column":0},"end":{"line":23,"column":9}},"23":{"start":{"line":24,"column":0},"end":{"line":24,"column":29}},"24":{"start":{"line":25,"column":0},"end":{"line":25,"column":22}},"26":{"start":{"line":27,"column":0},"end":{"line":27,"column":17}},"28":{"start":{"line":29,"column":0},"end":{"line":29,"column":7}},"29":{"start":{"line":30,"column":0},"end":{"line":30,"column":25}},"30":{"start":{"line":31,"column":0},"end":{"line":31,"column":29}},"31":{"start":{"line":32,"column":0},"end":{"line":32,"column":56}},"32":{"start":{"line":33,"column":0},"end":{"line":33,"column":46}},"33":{"start":{"line":34,"column":0},"end":{"line":34,"column":65}},"34":{"start":{"line":35,"column":0},"end":{"line":35,"column":77}},"35":{"start":{"line":36,"column":0},"end":{"line":36,"column":26}},"36":{"start":{"line":37,"column":0},"end":{"line":37,"column":53}},"37":{"start":{"line":38,"column":0},"end":{"line":38,"column":17}},"38":{"start":{"line":39,"column":0},"end":{"line":39,"column":17}},"39":{"start":{"line":40,"column":0},"end":{"line":40,"column":21}},"40":{"start":{"line":41,"column":0},"end":{"line":41,"column":11}},"41":{"start":{"line":42,"column":0},"end":{"line":42,"column":14}},"42":{"start":{"line":43,"column":0},"end":{"line":43,"column":35}},"43":{"start":{"line":44,"column":0},"end":{"line":44,"column":41}},"44":{"start":{"line":45,"column":0},"end":{"line":45,"column":47}},"45":{"start":{"line":46,"column":0},"end":{"line":46,"column":40}},"46":{"start":{"line":47,"column":0},"end":{"line":47,"column":26}},"47":{"start":{"line":48,"column":0},"end":{"line":48,"column":28}},"48":{"start":{"line":49,"column":0},"end":{"line":49,"column":17}},"49":{"start":{"line":50,"column":0},"end":{"line":50,"column":17}},"50":{"start":{"line":51,"column":0},"end":{"line":51,"column":21}},"51":{"start":{"line":52,"column":0},"end":{"line":52,"column":11}},"52":{"start":{"line":53,"column":0},"end":{"line":53,"column":14}},"53":{"start":{"line":54,"column":0},"end":{"line":54,"column":30}},"54":{"start":{"line":55,"column":0},"end":{"line":55,"column":41}},"55":{"start":{"line":56,"column":0},"end":{"line":56,"column":44}},"56":{"start":{"line":57,"column":0},"end":{"line":57,"column":26}},"57":{"start":{"line":58,"column":0},"end":{"line":58,"column":17}},"58":{"start":{"line":59,"column":0},"end":{"line":59,"column":51}},"59":{"start":{"line":60,"column":0},"end":{"line":60,"column":21}},"60":{"start":{"line":61,"column":0},"end":{"line":61,"column":17}},"61":{"start":{"line":62,"column":0},"end":{"line":62,"column":11}},"62":{"start":{"line":63,"column":0},"end":{"line":63,"column":14}},"63":{"start":{"line":64,"column":0},"end":{"line":64,"column":5}},"65":{"start":{"line":66,"column":0},"end":{"line":66,"column":15}},"66":{"start":{"line":67,"column":0},"end":{"line":67,"column":19}},"67":{"start":{"line":68,"column":0},"end":{"line":68,"column":50}},"69":{"start":{"line":70,"column":0},"end":{"line":70,"column":16}},"70":{"start":{"line":71,"column":0},"end":{"line":71,"column":3}},"71":{"start":{"line":72,"column":0},"end":{"line":72,"column":2}}},"s":{"0":1,"15":1,"16":5,"17":5,"18":5,"19":5,"20":5,"21":5,"22":5,"23":5,"24":5,"26":4,"28":4,"29":4,"30":5,"31":1,"32":1,"33":1,"34":1,"35":1,"36":1,"37":1,"38":1,"39":1,"40":1,"41":1,"42":5,"43":2,"44":2,"45":2,"46":2,"47":2,"48":2,"49":2,"50":2,"51":2,"52":1,"53":5,"54":1,"55":1,"56":1,"57":1,"58":1,"59":1,"60":1,"61":1,"62":1,"63":5,"65":3,"66":5,"67":1,"69":1,"70":1,"71":5},"branchMap":{"0":{"type":"branch","line":16,"loc":{"start":{"line":16,"column":91},"end":{"line":72,"column":2}},"locations":[{"start":{"line":16,"column":91},"end":{"line":72,"column":2}}]},"1":{"type":"branch","line":25,"loc":{"start":{"line":25,"column":15},"end":{"line":25,"column":22}},"locations":[{"start":{"line":25,"column":15},"end":{"line":25,"column":22}}]},"2":{"type":"branch","line":25,"loc":{"start":{"line":25,"column":15},"end":{"line":30,"column":25}},"locations":[{"start":{"line":25,"column":15},"end":{"line":30,"column":25}}]},"3":{"type":"branch","line":31,"loc":{"start":{"line":31,"column":6},"end":{"line":42,"column":14}},"locations":[{"start":{"line":31,"column":6},"end":{"line":42,"column":14}}]},"4":{"type":"branch","line":32,"loc":{"start":{"line":32,"column":49},"end":{"line":32,"column":56}},"locations":[{"start":{"line":32,"column":49},"end":{"line":32,"column":56}}]},"5":{"type":"branch","line":37,"loc":{"start":{"line":37,"column":29},"end":{"line":37,"column":53}},"locations":[{"start":{"line":37,"column":29},"end":{"line":37,"column":53}}]},"6":{"type":"branch","line":43,"loc":{"start":{"line":43,"column":6},"end":{"line":53,"column":14}},"locations":[{"start":{"line":43,"column":6},"end":{"line":53,"column":14}}]},"7":{"type":"branch","line":44,"loc":{"start":{"line":44,"column":34},"end":{"line":44,"column":41}},"locations":[{"start":{"line":44,"column":34},"end":{"line":44,"column":41}}]},"8":{"type":"branch","line":52,"loc":{"start":{"line":52,"column":9},"end":{"line":53,"column":14}},"locations":[{"start":{"line":52,"column":9},"end":{"line":53,"column":14}}]},"9":{"type":"branch","line":54,"loc":{"start":{"line":54,"column":6},"end":{"line":63,"column":14}},"locations":[{"start":{"line":54,"column":6},"end":{"line":63,"column":14}}]},"10":{"type":"branch","line":55,"loc":{"start":{"line":55,"column":34},"end":{"line":55,"column":41}},"locations":[{"start":{"line":55,"column":34},"end":{"line":55,"column":41}}]},"11":{"type":"branch","line":64,"loc":{"start":{"line":64,"column":4},"end":{"line":67,"column":11}},"locations":[{"start":{"line":64,"column":4},"end":{"line":67,"column":11}}]},"12":{"type":"branch","line":67,"loc":{"start":{"line":67,"column":2},"end":{"line":71,"column":3}},"locations":[{"start":{"line":67,"column":2},"end":{"line":71,"column":3}}]}},"b":{"0":[5],"1":[1],"2":[4],"3":[1],"4":[0],"5":[0],"6":[2],"7":[0],"8":[1],"9":[1],"10":[0],"11":[3],"12":[1]},"fnMap":{"0":{"name":"getRawTransaction","decl":{"start":{"line":16,"column":91},"end":{"line":72,"column":2}},"loc":{"start":{"line":16,"column":91},"end":{"line":72,"column":2}},"line":16}},"f":{"0":5}}
,"/home/runner/work/aelf-web-login/aelf-web-login/packages/utils/src/contract/getRawTransactionNight.ts": {"path":"/home/runner/work/aelf-web-login/aelf-web-login/packages/utils/src/contract/getRawTransactionNight.ts","all":false,"statementMap":{"0":{"start":{"line":1,"column":0},"end":{"line":1,"column":54}},"10":{"start":{"line":11,"column":0},"end":{"line":11,"column":39}},"11":{"start":{"line":12,"column":0},"end":{"line":12,"column":10}},"12":{"start":{"line":13,"column":0},"end":{"line":13,"column":18}},"13":{"start":{"line":14,"column":0},"end":{"line":14,"column":9}},"14":{"start":{"line":15,"column":0},"end":{"line":15,"column":13}},"15":{"start":{"line":16,"column":0},"end":{"line":16,"column":9}},"16":{"start":{"line":17,"column":0},"end":{"line":17,"column":36}},"17":{"start":{"line":18,"column":0},"end":{"line":18,"column":43}},"18":{"start":{"line":19,"column":0},"end":{"line":19,"column":21}},"19":{"start":{"line":20,"column":0},"end":{"line":20,"column":37}},"20":{"start":{"line":21,"column":0},"end":{"line":21,"column":19}},"21":{"start":{"line":22,"column":0},"end":{"line":22,"column":5}},"22":{"start":{"line":23,"column":0},"end":{"line":23,"column":58}},"23":{"start":{"line":24,"column":0},"end":{"line":24,"column":17}},"24":{"start":{"line":25,"column":0},"end":{"line":25,"column":1}},"26":{"start":{"line":27,"column":0},"end":{"line":27,"column":38}}},"s":{"0":1,"10":2,"11":2,"12":2,"13":2,"14":2,"15":2,"16":2,"17":2,"18":2,"19":2,"20":2,"21":2,"22":1,"23":1,"24":1,"26":1},"branchMap":{"0":{"type":"branch","line":11,"loc":{"start":{"line":11,"column":0},"end":{"line":25,"column":1}},"locations":[{"start":{"line":11,"column":0},"end":{"line":25,"column":1}}]},"1":{"type":"branch","line":22,"loc":{"start":{"line":22,"column":3},"end":{"line":25,"column":1}},"locations":[{"start":{"line":22,"column":3},"end":{"line":25,"column":1}}]}},"b":{"0":[2],"1":[1]},"fnMap":{"0":{"name":"getRawTransactionNight","decl":{"start":{"line":11,"column":0},"end":{"line":25,"column":1}},"loc":{"start":{"line":11,"column":0},"end":{"line":25,"column":1}},"line":11}},"f":{"0":2}}
,"/home/runner/work/aelf-web-login/aelf-web-login/packages/utils/src/contract/getRawTransactionPortkey.ts": {"path":"/home/runner/work/aelf-web-login/aelf-web-login/packages/utils/src/contract/getRawTransactionPortkey.ts","all":false,"statementMap":{"0":{"start":{"line":1,"column":0},"end":{"line":1,"column":54}},"1":{"start":{"line":2,"column":0},"end":{"line":2,"column":38}},"13":{"start":{"line":14,"column":0},"end":{"line":14,"column":41}},"14":{"start":{"line":15,"column":0},"end":{"line":15,"column":9}},"15":{"start":{"line":16,"column":0},"end":{"line":16,"column":13}},"16":{"start":{"line":17,"column":0},"end":{"line":17,"column":18}},"17":{"start":{"line":18,"column":0},"end":{"line":18,"column":20}},"18":{"start":{"line":19,"column":0},"end":{"line":19,"column":9}},"19":{"start":{"line":20,"column":0},"end":{"line":20,"column":9}},"20":{"start":{"line":21,"column":0},"end":{"line":21,"column":13}},"21":{"start":{"line":22,"column":0},"end":{"line":22,"column":37}},"22":{"start":{"line":23,"column":0},"end":{"line":23,"column":7}},"23":{"start":{"line":24,"column":0},"end":{"line":24,"column":45}},"24":{"start":{"line":25,"column":0},"end":{"line":25,"column":21}},"25":{"start":{"line":26,"column":0},"end":{"line":26,"column":21}},"26":{"start":{"line":27,"column":0},"end":{"line":27,"column":42}},"27":{"start":{"line":28,"column":0},"end":{"line":28,"column":39}},"28":{"start":{"line":29,"column":0},"end":{"line":29,"column":43}},"29":{"start":{"line":30,"column":0},"end":{"line":30,"column":21}},"30":{"start":{"line":31,"column":0},"end":{"line":31,"column":7}},"32":{"start":{"line":33,"column":0},"end":{"line":33,"column":59}},"34":{"start":{"line":35,"column":0},"end":{"line":35,"column":18}},"35":{"start":{"line":36,"column":0},"end":{"line":36,"column":19}},"36":{"start":{"line":37,"column":0},"end":{"line":37,"column":33}},"37":{"start":{"line":38,"column":0},"end":{"line":38,"column":3}},"38":{"start":{"line":39,"column":0},"end":{"line":39,"column":2}},"39":{"start":{"line":40,"column":0},"end":{"line":40,"column":40}}},"s":{"0":1,"1":1,"13":1,"14":2,"15":2,"16":2,"17":2,"18":2,"19":2,"20":2,"21":2,"22":2,"23":2,"24":2,"25":2,"26":2,"27":2,"28":2,"29":2,"30":2,"32":1,"34":1,"35":1,"36":1,"37":1,"38":2,"39":1},"branchMap":{"0":{"type":"branch","line":14,"loc":{"start":{"line":14,"column":33},"end":{"line":39,"column":2}},"locations":[{"start":{"line":14,"column":33},"end":{"line":39,"column":2}}]},"1":{"type":"branch","line":31,"loc":{"start":{"line":31,"column":5},"end":{"line":38,"column":3}},"locations":[{"start":{"line":31,"column":5},"end":{"line":38,"column":3}}]}},"b":{"0":[2],"1":[1]},"fnMap":{"0":{"name":"getRawTransactionPortkey","decl":{"start":{"line":14,"column":33},"end":{"line":39,"column":2}},"loc":{"start":{"line":14,"column":33},"end":{"line":39,"column":2}},"line":14}},"f":{"0":2}}
,"/home/runner/work/aelf-web-login/aelf-web-login/packages/utils/src/contract/getTxResultRetry.ts": {"path":"/home/runner/work/aelf-web-login/aelf-web-login/packages/utils/src/contract/getTxResultRetry.ts","all":false,"statementMap":{"0":{"start":{"line":1,"column":0},"end":{"line":1,"column":28}},"3":{"start":{"line":4,"column":0},"end":{"line":4,"column":42}},"4":{"start":{"line":5,"column":0},"end":{"line":5,"column":27}},"5":{"start":{"line":6,"column":0},"end":{"line":6,"column":32}},"7":{"start":{"line":8,"column":0},"end":{"line":8,"column":28}},"8":{"start":{"line":9,"column":0},"end":{"line":9,"column":72}},"9":{"start":{"line":10,"column":0},"end":{"line":10,"column":3}},"10":{"start":{"line":11,"column":0},"end":{"line":11,"column":28}},"11":{"start":{"line":12,"column":0},"end":{"line":12,"column":1}},"12":{"start":{"line":13,"column":0},"end":{"line":13,"column":39}},"13":{"start":{"line":14,"column":0},"end":{"line":14,"column":24}},"14":{"start":{"line":15,"column":0},"end":{"line":15,"column":17}},"15":{"start":{"line":16,"column":0},"end":{"line":16,"column":20}},"16":{"start":{"line":17,"column":0},"end":{"line":17,"column":17}},"17":{"start":{"line":18,"column":0},"end":{"line":18,"column":7}},"18":{"start":{"line":19,"column":0},"end":{"line":19,"column":37}},"19":{"start":{"line":20,"column":0},"end":{"line":20,"column":76}},"20":{"start":{"line":21,"column":0},"end":{"line":21,"column":52}},"21":{"start":{"line":22,"column":0},"end":{"line":22,"column":22}},"22":{"start":{"line":23,"column":0},"end":{"line":23,"column":12}},"23":{"start":{"line":24,"column":0},"end":{"line":24,"column":39}},"24":{"start":{"line":25,"column":0},"end":{"line":25,"column":5}},"25":{"start":{"line":26,"column":0},"end":{"line":26,"column":20}},"26":{"start":{"line":27,"column":0},"end":{"line":27,"column":19}},"27":{"start":{"line":28,"column":0},"end":{"line":28,"column":3}},"28":{"start":{"line":29,"column":0},"end":{"line":29,"column":1}}},"s":{"0":1,"3":1,"4":7,"5":7,"7":7,"8":7,"9":7,"10":7,"11":7,"12":2,"13":2,"14":2,"15":2,"16":2,"17":2,"18":2,"19":2,"20":2,"21":1,"22":1,"23":1,"24":1,"25":2,"26":1,"27":1,"28":2},"branchMap":{"0":{"type":"branch","line":4,"loc":{"start":{"line":4,"column":7},"end":{"line":12,"column":1}},"locations":[{"start":{"line":4,"column":7},"end":{"line":12,"column":1}}]},"1":{"type":"branch","line":5,"loc":{"start":{"line":5,"column":14},"end":{"line":5,"column":27}},"locations":[{"start":{"line":5,"column":14},"end":{"line":5,"column":27}}]},"2":{"type":"branch","line":13,"loc":{"start":{"line":13,"column":0},"end":{"line":29,"column":1}},"locations":[{"start":{"line":13,"column":0},"end":{"line":29,"column":1}}]},"3":{"type":"branch","line":21,"loc":{"start":{"line":21,"column":51},"end":{"line":25,"column":5}},"locations":[{"start":{"line":21,"column":51},"end":{"line":25,"column":5}}]},"4":{"type":"branch","line":26,"loc":{"start":{"line":26,"column":2},"end":{"line":28,"column":3}},"locations":[{"start":{"line":26,"column":2},"end":{"line":28,"column":3}}]}},"b":{"0":[7],"1":[0],"2":[2],"3":[1],"4":[1]},"fnMap":{"0":{"name":"getAElf","decl":{"start":{"line":4,"column":7},"end":{"line":12,"column":1}},"loc":{"start":{"line":4,"column":7},"end":{"line":12,"column":1}},"line":4},"1":{"name":"getTxResultRetry","decl":{"start":{"line":13,"column":0},"end":{"line":29,"column":1}},"loc":{"start":{"line":13,"column":0},"end":{"line":29,"column":1}},"line":13}},"f":{"0":7,"1":2}}
,"/home/runner/work/aelf-web-login/aelf-web-login/packages/utils/src/contract/useCheckAllowanceAndApprove.ts": {"path":"/home/runner/work/aelf-web-login/aelf-web-login/packages/utils/src/contract/useCheckAllowanceAndApprove.ts","all":false,"statementMap":{"0":{"start":{"line":1,"column":0},"end":{"line":1,"column":72}},"22":{"start":{"line":23,"column":0},"end":{"line":23,"column":38}},"23":{"start":{"line":24,"column":0},"end":{"line":24,"column":23}},"24":{"start":{"line":25,"column":0},"end":{"line":25,"column":23}},"25":{"start":{"line":26,"column":0},"end":{"line":26,"column":10}},"26":{"start":{"line":27,"column":0},"end":{"line":27,"column":9}},"27":{"start":{"line":28,"column":0},"end":{"line":28,"column":9}},"28":{"start":{"line":29,"column":0},"end":{"line":29,"column":10}},"29":{"start":{"line":30,"column":0},"end":{"line":30,"column":4}},"36":{"start":{"line":37,"column":0},"end":{"line":37,"column":7}},"37":{"start":{"line":38,"column":0},"end":{"line":38,"column":64}},"38":{"start":{"line":39,"column":0},"end":{"line":39,"column":48}},"40":{"start":{"line":41,"column":0},"end":{"line":41,"column":41}},"41":{"start":{"line":42,"column":0},"end":{"line":42,"column":9}},"42":{"start":{"line":43,"column":0},"end":{"line":43,"column":23}},"43":{"start":{"line":44,"column":0},"end":{"line":44,"column":75}},"45":{"start":{"line":46,"column":0},"end":{"line":46,"column":9}},"46":{"start":{"line":47,"column":0},"end":{"line":47,"column":24}},"47":{"start":{"line":48,"column":0},"end":{"line":48,"column":18}},"48":{"start":{"line":49,"column":0},"end":{"line":49,"column":48}},"49":{"start":{"line":50,"column":0},"end":{"line":50,"column":37}},"50":{"start":{"line":51,"column":0},"end":{"line":51,"column":17}},"51":{"start":{"line":52,"column":0},"end":{"line":52,"column":19}},"52":{"start":{"line":53,"column":0},"end":{"line":53,"column":27}},"53":{"start":{"line":54,"column":0},"end":{"line":54,"column":42}},"54":{"start":{"line":55,"column":0},"end":{"line":55,"column":12}},"55":{"start":{"line":56,"column":0},"end":{"line":56,"column":11}},"56":{"start":{"line":57,"column":0},"end":{"line":57,"column":24}},"57":{"start":{"line":58,"column":0},"end":{"line":58,"column":18}},"58":{"start":{"line":59,"column":0},"end":{"line":59,"column":48}},"59":{"start":{"line":60,"column":0},"end":{"line":60,"column":37}},"60":{"start":{"line":61,"column":0},"end":{"line":61,"column":17}},"61":{"start":{"line":62,"column":0},"end":{"line":62,"column":19}},"62":{"start":{"line":63,"column":0},"end":{"line":63,"column":12}},"63":{"start":{"line":64,"column":0},"end":{"line":64,"column":11}},"64":{"start":{"line":65,"column":0},"end":{"line":65,"column":9}},"66":{"start":{"line":67,"column":0},"end":{"line":67,"column":86}},"67":{"start":{"line":68,"column":0},"end":{"line":68,"column":66}},"69":{"start":{"line":70,"column":0},"end":{"line":70,"column":33}},"70":{"start":{"line":71,"column":0},"end":{"line":71,"column":46}},"72":{"start":{"line":73,"column":0},"end":{"line":73,"column":29}},"79":{"start":{"line":80,"column":0},"end":{"line":80,"column":11}},"80":{"start":{"line":81,"column":0},"end":{"line":81,"column":18}},"81":{"start":{"line":82,"column":0},"end":{"line":82,"column":48}},"82":{"start":{"line":83,"column":0},"end":{"line":83,"column":32}},"83":{"start":{"line":84,"column":0},"end":{"line":84,"column":17}},"84":{"start":{"line":85,"column":0},"end":{"line":85,"column":42}},"85":{"start":{"line":86,"column":0},"end":{"line":86,"column":19}},"86":{"start":{"line":87,"column":0},"end":{"line":87,"column":34}},"87":{"start":{"line":88,"column":0},"end":{"line":88,"column":12}},"88":{"start":{"line":89,"column":0},"end":{"line":89,"column":11}},"89":{"start":{"line":90,"column":0},"end":{"line":90,"column":20}},"90":{"start":{"line":91,"column":0},"end":{"line":91,"column":7}},"91":{"start":{"line":92,"column":0},"end":{"line":92,"column":18}},"92":{"start":{"line":93,"column":0},"end":{"line":93,"column":17}},"93":{"start":{"line":94,"column":0},"end":{"line":94,"column":15}},"94":{"start":{"line":95,"column":0},"end":{"line":95,"column":15}},"95":{"start":{"line":96,"column":0},"end":{"line":96,"column":24}},"96":{"start":{"line":97,"column":0},"end":{"line":97,"column":5}},"97":{"start":{"line":98,"column":0},"end":{"line":98,"column":6}},"98":{"start":{"line":99,"column":0},"end":{"line":99,"column":12}},"99":{"start":{"line":100,"column":0},"end":{"line":100,"column":11}},"100":{"start":{"line":101,"column":0},"end":{"line":101,"column":25}},"101":{"start":{"line":102,"column":0},"end":{"line":102,"column":19}},"102":{"start":{"line":103,"column":0},"end":{"line":103,"column":19}},"103":{"start":{"line":104,"column":0},"end":{"line":104,"column":12}},"104":{"start":{"line":105,"column":0},"end":{"line":105,"column":11}},"105":{"start":{"line":106,"column":0},"end":{"line":106,"column":25}},"106":{"start":{"line":107,"column":0},"end":{"line":107,"column":5}},"108":{"start":{"line":109,"column":0},"end":{"line":109,"column":28}},"109":{"start":{"line":110,"column":0},"end":{"line":110,"column":2}}},"s":{"0":1,"22":1,"23":6,"24":6,"25":6,"26":6,"27":6,"28":6,"29":6,"36":6,"37":6,"38":6,"40":6,"41":3,"42":3,"43":3,"45":3,"46":3,"47":3,"48":3,"49":3,"50":3,"51":3,"52":3,"53":3,"54":3,"55":3,"56":3,"57":3,"58":3,"59":3,"60":3,"61":3,"62":3,"63":3,"64":3,"66":3,"67":3,"69":3,"70":1,"72":1,"79":1,"80":1,"81":1,"82":1,"83":1,"84":1,"85":1,"86":1,"87":1,"88":1,"89":1,"90":1,"91":1,"92":1,"93":1,"94":3,"95":3,"96":3,"97":6,"98":6,"99":6,"100":6,"101":6,"102":6,"103":6,"104":6,"105":6,"106":6,"108":6,"109":6},"branchMap":{"0":{"type":"branch","line":23,"loc":{"start":{"line":23,"column":36},"end":{"line":110,"column":2}},"locations":[{"start":{"line":23,"column":36},"end":{"line":110,"column":2}}]},"1":{"type":"branch","line":41,"loc":{"start":{"line":41,"column":28},"end":{"line":98,"column":5}},"locations":[{"start":{"line":41,"column":28},"end":{"line":98,"column":5}}]},"2":{"type":"branch","line":65,"loc":{"start":{"line":65,"column":7},"end":{"line":67,"column":63}},"locations":[{"start":{"line":65,"column":7},"end":{"line":67,"column":63}}]},"3":{"type":"branch","line":67,"loc":{"start":{"line":67,"column":50},"end":{"line":67,"column":83}},"locations":[{"start":{"line":67,"column":50},"end":{"line":67,"column":83}}]},"4":{"type":"branch","line":67,"loc":{"start":{"line":67,"column":73},"end":{"line":67,"column":84}},"locations":[{"start":{"line":67,"column":73},"end":{"line":67,"column":84}}]},"5":{"type":"branch","line":68,"loc":{"start":{"line":68,"column":51},"end":{"line":68,"column":64}},"locations":[{"start":{"line":68,"column":51},"end":{"line":68,"column":64}}]},"6":{"type":"branch","line":70,"loc":{"start":{"line":70,"column":32},"end":{"line":95,"column":6}},"locations":[{"start":{"line":70,"column":32},"end":{"line":95,"column":6}}]},"7":{"type":"branch","line":95,"loc":{"start":{"line":95,"column":4},"end":{"line":95,"column":6}},"locations":[{"start":{"line":95,"column":4},"end":{"line":95,"column":6}}]}},"b":{"0":[6],"1":[3],"2":[2],"3":[1],"4":[1],"5":[1],"6":[1],"7":[0]},"fnMap":{"0":{"name":"useCheckAllowanceAndApprove","decl":{"start":{"line":23,"column":36},"end":{"line":110,"column":2}},"loc":{"start":{"line":23,"column":36},"end":{"line":110,"column":2}},"line":23}},"f":{"0":6}}
,"/home/runner/work/aelf-web-login/aelf-web-login/packages/utils/src/contract/useGetBalance.ts": {"path":"/home/runner/work/aelf-web-login/aelf-web-login/packages/utils/src/contract/useGetBalance.ts","all":false,"statementMap":{"0":{"start":{"line":1,"column":0},"end":{"line":1,"column":72}},"4":{"start":{"line":5,"column":0},"end":{"line":5,"column":24}},"5":{"start":{"line":6,"column":0},"end":{"line":6,"column":23}},"6":{"start":{"line":7,"column":0},"end":{"line":7,"column":10}},"7":{"start":{"line":8,"column":0},"end":{"line":8,"column":9}},"8":{"start":{"line":9,"column":0},"end":{"line":9,"column":10}},"9":{"start":{"line":10,"column":0},"end":{"line":10,"column":4}},"14":{"start":{"line":15,"column":0},"end":{"line":15,"column":7}},"15":{"start":{"line":16,"column":0},"end":{"line":16,"column":48}},"16":{"start":{"line":17,"column":0},"end":{"line":17,"column":48}},"18":{"start":{"line":19,"column":0},"end":{"line":19,"column":46}},"19":{"start":{"line":20,"column":0},"end":{"line":20,"column":9}},"20":{"start":{"line":21,"column":0},"end":{"line":21,"column":23}},"21":{"start":{"line":22,"column":0},"end":{"line":22,"column":39}},"22":{"start":{"line":23,"column":0},"end":{"line":23,"column":16}},"23":{"start":{"line":24,"column":0},"end":{"line":24,"column":46}},"24":{"start":{"line":25,"column":0},"end":{"line":25,"column":33}},"25":{"start":{"line":26,"column":0},"end":{"line":26,"column":15}},"26":{"start":{"line":27,"column":0},"end":{"line":27,"column":17}},"27":{"start":{"line":28,"column":0},"end":{"line":28,"column":25}},"28":{"start":{"line":29,"column":0},"end":{"line":29,"column":10}},"29":{"start":{"line":30,"column":0},"end":{"line":30,"column":9}},"30":{"start":{"line":31,"column":0},"end":{"line":31,"column":16}},"31":{"start":{"line":32,"column":0},"end":{"line":32,"column":17}},"32":{"start":{"line":33,"column":0},"end":{"line":33,"column":15}},"33":{"start":{"line":34,"column":0},"end":{"line":34,"column":15}},"34":{"start":{"line":35,"column":0},"end":{"line":35,"column":24}},"35":{"start":{"line":36,"column":0},"end":{"line":36,"column":5}},"36":{"start":{"line":37,"column":0},"end":{"line":37,"column":71}},"38":{"start":{"line":39,"column":0},"end":{"line":39,"column":33}},"39":{"start":{"line":40,"column":0},"end":{"line":40,"column":2}}},"s":{"0":1,"4":1,"5":2,"6":2,"7":2,"8":2,"9":2,"14":2,"15":2,"16":2,"18":2,"19":1,"20":1,"21":1,"22":1,"23":1,"24":1,"25":1,"26":1,"27":1,"28":1,"29":1,"30":1,"31":1,"32":0,"33":1,"34":1,"35":1,"36":2,"38":2,"39":2},"branchMap":{"0":{"type":"branch","line":5,"loc":{"start":{"line":5,"column":22},"end":{"line":40,"column":2}},"locations":[{"start":{"line":5,"column":22},"end":{"line":40,"column":2}}]},"1":{"type":"branch","line":19,"loc":{"start":{"line":19,"column":33},"end":{"line":37,"column":5}},"locations":[{"start":{"line":19,"column":33},"end":{"line":37,"column":5}}]},"2":{"type":"branch","line":32,"loc":{"start":{"line":32,"column":4},"end":{"line":34,"column":6}},"locations":[{"start":{"line":32,"column":4},"end":{"line":34,"column":6}}]}},"b":{"0":[2],"1":[1],"2":[0]},"fnMap":{"0":{"name":"useGetBalance","decl":{"start":{"line":5,"column":22},"end":{"line":40,"column":2}},"loc":{"start":{"line":5,"column":22},"end":{"line":40,"column":2}},"line":5}},"f":{"0":2}}
,"/home/runner/work/aelf-web-login/aelf-web-login/packages/utils/src/format/formatNumberWithDecimalPlaces.ts": {"path":"/home/runner/work/aelf-web-login/aelf-web-login/packages/utils/src/format/formatNumberWithDecimalPlaces.ts","all":false,"statementMap":{"0":{"start":{"line":1,"column":0},"end":{"line":1,"column":37}},"1":{"start":{"line":2,"column":0},"end":{"line":2,"column":30}},"2":{"start":{"line":3,"column":0},"end":{"line":3,"column":75}},"3":{"start":{"line":4,"column":0},"end":{"line":4,"column":30}},"4":{"start":{"line":5,"column":0},"end":{"line":5,"column":36}},"5":{"start":{"line":6,"column":0},"end":{"line":6,"column":75}},"6":{"start":{"line":7,"column":0},"end":{"line":7,"column":1}}},"s":{"0":1,"1":1,"2":8,"3":8,"4":8,"5":7,"6":7},"branchMap":{"0":{"type":"branch","line":3,"loc":{"start":{"line":3,"column":0},"end":{"line":7,"column":1}},"locations":[{"start":{"line":3,"column":0},"end":{"line":7,"column":1}}]},"1":{"type":"branch","line":5,"loc":{"start":{"line":5,"column":20},"end":{"line":5,"column":36}},"locations":[{"start":{"line":5,"column":20},"end":{"line":5,"column":36}}]},"2":{"type":"branch","line":5,"loc":{"start":{"line":5,"column":33},"end":{"line":7,"column":1}},"locations":[{"start":{"line":5,"column":33},"end":{"line":7,"column":1}}]}},"b":{"0":[8],"1":[1],"2":[7]},"fnMap":{"0":{"name":"formatNumberWithDecimalPlaces","decl":{"start":{"line":3,"column":0},"end":{"line":7,"column":1}},"loc":{"start":{"line":3,"column":0},"end":{"line":7,"column":1}},"line":3}},"f":{"0":8}}
,"/home/runner/work/aelf-web-login/aelf-web-login/packages/utils/src/format/formatPrice.ts": {"path":"/home/runner/work/aelf-web-login/aelf-web-login/packages/utils/src/format/formatPrice.ts","all":false,"statementMap":{"0":{"start":{"line":1,"column":0},"end":{"line":1,"column":37}},"2":{"start":{"line":3,"column":0},"end":{"line":3,"column":21}},"3":{"start":{"line":4,"column":0},"end":{"line":4,"column":37}},"4":{"start":{"line":5,"column":0},"end":{"line":5,"column":18}},"9":{"start":{"line":10,"column":0},"end":{"line":10,"column":3}},"10":{"start":{"line":11,"column":0},"end":{"line":11,"column":9}},"11":{"start":{"line":12,"column":0},"end":{"line":12,"column":22}},"12":{"start":{"line":13,"column":0},"end":{"line":13,"column":40}},"13":{"start":{"line":14,"column":0},"end":{"line":14,"column":20}},"14":{"start":{"line":15,"column":0},"end":{"line":15,"column":25}},"15":{"start":{"line":16,"column":0},"end":{"line":16,"column":90}},"16":{"start":{"line":17,"column":0},"end":{"line":17,"column":42}},"18":{"start":{"line":19,"column":0},"end":{"line":19,"column":56}},"19":{"start":{"line":20,"column":0},"end":{"line":20,"column":27}},"20":{"start":{"line":21,"column":0},"end":{"line":21,"column":3}},"22":{"start":{"line":23,"column":0},"end":{"line":23,"column":67}},"23":{"start":{"line":24,"column":0},"end":{"line":24,"column":51}},"24":{"start":{"line":25,"column":0},"end":{"line":25,"column":13}},"25":{"start":{"line":26,"column":0},"end":{"line":26,"column":1}}},"s":{"0":1,"2":8,"3":8,"4":8,"9":8,"10":8,"11":8,"12":8,"13":8,"14":8,"15":8,"16":8,"18":8,"19":1,"20":1,"22":6,"23":6,"24":6,"25":6},"branchMap":{"0":{"type":"branch","line":3,"loc":{"start":{"line":3,"column":0},"end":{"line":26,"column":1}},"locations":[{"start":{"line":3,"column":0},"end":{"line":26,"column":1}}]},"1":{"type":"branch","line":15,"loc":{"start":{"line":15,"column":6},"end":{"line":15,"column":25}},"locations":[{"start":{"line":15,"column":6},"end":{"line":15,"column":25}}]},"2":{"type":"branch","line":16,"loc":{"start":{"line":16,"column":57},"end":{"line":16,"column":69}},"locations":[{"start":{"line":16,"column":57},"end":{"line":16,"column":69}}]},"3":{"type":"branch","line":16,"loc":{"start":{"line":16,"column":61},"end":{"line":16,"column":90}},"locations":[{"start":{"line":16,"column":61},"end":{"line":16,"column":90}}]},"4":{"type":"branch","line":17,"loc":{"start":{"line":17,"column":24},"end":{"line":17,"column":42}},"locations":[{"start":{"line":17,"column":24},"end":{"line":17,"column":42}}]},"5":{"type":"branch","line":17,"loc":{"start":{"line":17,"column":39},"end":{"line":19,"column":55}},"locations":[{"start":{"line":17,"column":39},"end":{"line":19,"column":55}}]},"6":{"type":"branch","line":19,"loc":{"start":{"line":19,"column":55},"end":{"line":21,"column":3}},"locations":[{"start":{"line":19,"column":55},"end":{"line":21,"column":3}}]},"7":{"type":"branch","line":21,"loc":{"start":{"line":21,"column":2},"end":{"line":26,"column":1}},"locations":[{"start":{"line":21,"column":2},"end":{"line":26,"column":1}}]}},"b":{"0":[8],"1":[3],"2":[1],"3":[7],"4":[1],"5":[7],"6":[1],"7":[6]},"fnMap":{"0":{"name":"formatPrice","decl":{"start":{"line":3,"column":0},"end":{"line":26,"column":1}},"loc":{"start":{"line":3,"column":0},"end":{"line":26,"column":1}},"line":3}},"f":{"0":8}}
,"/home/runner/work/aelf-web-login/aelf-web-login/packages/utils/src/format/formatTime.ts": {"path":"/home/runner/work/aelf-web-login/aelf-web-login/packages/utils/src/format/formatTime.ts","all":false,"statementMap":{"0":{"start":{"line":1,"column":0},"end":{"line":1,"column":42}},"2":{"start":{"line":3,"column":0},"end":{"line":3,"column":23}},"20":{"start":{"line":21,"column":0},"end":{"line":21,"column":68}},"21":{"start":{"line":22,"column":0},"end":{"line":22,"column":37}},"22":{"start":{"line":23,"column":0},"end":{"line":23,"column":1}},"28":{"start":{"line":29,"column":0},"end":{"line":29,"column":24}},"29":{"start":{"line":30,"column":0},"end":{"line":30,"column":51}},"30":{"start":{"line":31,"column":0},"end":{"line":31,"column":27}},"31":{"start":{"line":32,"column":0},"end":{"line":32,"column":13}},"32":{"start":{"line":33,"column":0},"end":{"line":33,"column":34}},"33":{"start":{"line":34,"column":0},"end":{"line":34,"column":40}},"34":{"start":{"line":35,"column":0},"end":{"line":35,"column":41}},"35":{"start":{"line":36,"column":0},"end":{"line":36,"column":33}},"36":{"start":{"line":37,"column":0},"end":{"line":37,"column":10}},"37":{"start":{"line":38,"column":0},"end":{"line":38,"column":33}},"38":{"start":{"line":39,"column":0},"end":{"line":39,"column":3}},"39":{"start":{"line":40,"column":0},"end":{"line":40,"column":1}}},"s":{"0":1,"2":1,"20":3,"21":3,"22":3,"28":3,"29":3,"30":3,"31":3,"32":3,"33":1,"34":3,"35":1,"36":1,"37":1,"38":1,"39":3},"branchMap":{"0":{"type":"branch","line":21,"loc":{"start":{"line":21,"column":0},"end":{"line":23,"column":1}},"locations":[{"start":{"line":21,"column":0},"end":{"line":23,"column":1}}]},"1":{"type":"branch","line":29,"loc":{"start":{"line":29,"column":0},"end":{"line":40,"column":1}},"locations":[{"start":{"line":29,"column":0},"end":{"line":40,"column":1}}]},"2":{"type":"branch","line":33,"loc":{"start":{"line":33,"column":33},"end":{"line":35,"column":13}},"locations":[{"start":{"line":33,"column":33},"end":{"line":35,"column":13}}]},"3":{"type":"branch","line":35,"loc":{"start":{"line":35,"column":2},"end":{"line":39,"column":3}},"locations":[{"start":{"line":35,"column":2},"end":{"line":39,"column":3}}]},"4":{"type":"branch","line":35,"loc":{"start":{"line":35,"column":40},"end":{"line":39,"column":3}},"locations":[{"start":{"line":35,"column":40},"end":{"line":39,"column":3}}]}},"b":{"0":[3],"1":[3],"2":[1],"3":[2],"4":[1]},"fnMap":{"0":{"name":"formatTime","decl":{"start":{"line":21,"column":0},"end":{"line":23,"column":1}},"loc":{"start":{"line":21,"column":0},"end":{"line":23,"column":1}},"line":21},"1":{"name":"createDuration","decl":{"start":{"line":29,"column":0},"end":{"line":40,"column":1}},"loc":{"start":{"line":29,"column":0},"end":{"line":40,"column":1}},"line":29}},"f":{"0":3,"1":3}}
,"/home/runner/work/aelf-web-login/aelf-web-login/packages/utils/src/is/isAElfBridge.ts": {"path":"/home/runner/work/aelf-web-login/aelf-web-login/packages/utils/src/is/isAElfBridge.ts","all":false,"statementMap":{"3":{"start":{"line":4,"column":0},"end":{"line":4,"column":58}},"4":{"start":{"line":5,"column":0},"end":{"line":5,"column":54}},"5":{"start":{"line":6,"column":0},"end":{"line":6,"column":1}}},"s":{"3":1,"4":2,"5":2},"branchMap":{"0":{"type":"branch","line":4,"loc":{"start":{"line":4,"column":7},"end":{"line":6,"column":1}},"locations":[{"start":{"line":4,"column":7},"end":{"line":6,"column":1}}]},"1":{"type":"branch","line":5,"loc":{"start":{"line":5,"column":23},"end":{"line":5,"column":54}},"locations":[{"start":{"line":5,"column":23},"end":{"line":5,"column":54}}]}},"b":{"0":[2],"1":[1]},"fnMap":{"0":{"name":"isAElfBridge","decl":{"start":{"line":4,"column":7},"end":{"line":6,"column":1}},"loc":{"start":{"line":4,"column":7},"end":{"line":6,"column":1}},"line":4}},"f":{"0":2}}
,"/home/runner/work/aelf-web-login/aelf-web-login/packages/utils/src/is/isELFAddress.ts": {"path":"/home/runner/work/aelf-web-login/aelf-web-login/packages/utils/src/is/isELFAddress.ts","all":false,"statementMap":{"0":{"start":{"line":1,"column":0},"end":{"line":1,"column":28}},"2":{"start":{"line":3,"column":0},"end":{"line":3,"column":38}},"3":{"start":{"line":4,"column":0},"end":{"line":4,"column":50}},"4":{"start":{"line":5,"column":0},"end":{"line":5,"column":7}},"5":{"start":{"line":6,"column":0},"end":{"line":6,"column":48}},"6":{"start":{"line":7,"column":0},"end":{"line":7,"column":11}},"7":{"start":{"line":8,"column":0},"end":{"line":8,"column":17}},"8":{"start":{"line":9,"column":0},"end":{"line":9,"column":3}},"9":{"start":{"line":10,"column":0},"end":{"line":10,"column":1}}},"s":{"0":1,"2":3,"3":3,"4":2,"5":2,"6":3,"7":1,"8":1,"9":3},"branchMap":{"0":{"type":"branch","line":3,"loc":{"start":{"line":3,"column":0},"end":{"line":10,"column":1}},"locations":[{"start":{"line":3,"column":0},"end":{"line":10,"column":1}}]},"1":{"type":"branch","line":4,"loc":{"start":{"line":4,"column":37},"end":{"line":4,"column":50}},"locations":[{"start":{"line":4,"column":37},"end":{"line":4,"column":50}}]},"2":{"type":"branch","line":4,"loc":{"start":{"line":4,"column":44},"end":{"line":7,"column":10}},"locations":[{"start":{"line":4,"column":44},"end":{"line":7,"column":10}}]},"3":{"type":"branch","line":7,"loc":{"start":{"line":7,"column":2},"end":{"line":9,"column":3}},"locations":[{"start":{"line":7,"column":2},"end":{"line":9,"column":3}}]}},"b":{"0":[3],"1":[1],"2":[2],"3":[1]},"fnMap":{"0":{"name":"isELFAddress","decl":{"start":{"line":3,"column":0},"end":{"line":10,"column":1}},"loc":{"start":{"line":3,"column":0},"end":{"line":10,"column":1}},"line":3}},"f":{"0":3}}
,"/home/runner/work/aelf-web-login/aelf-web-login/packages/utils/src/is/isMobileDevices.ts": {"path":"/home/runner/work/aelf-web-login/aelf-web-login/packages/utils/src/is/isMobileDevices.ts","all":false,"statementMap":{"0":{"start":{"line":1,"column":0},"end":{"line":1,"column":30}},"1":{"start":{"line":2,"column":0},"end":{"line":2,"column":26}},"2":{"start":{"line":3,"column":0},"end":{"line":3,"column":28}},"3":{"start":{"line":4,"column":0},"end":{"line":4,"column":53}},"4":{"start":{"line":5,"column":0},"end":{"line":5,"column":80}},"5":{"start":{"line":6,"column":0},"end":{"line":6,"column":33}},"6":{"start":{"line":7,"column":0},"end":{"line":7,"column":86}},"7":{"start":{"line":8,"column":0},"end":{"line":8,"column":29}},"8":{"start":{"line":9,"column":0},"end":{"line":9,"column":38}},"9":{"start":{"line":10,"column":0},"end":{"line":10,"column":75}},"10":{"start":{"line":11,"column":0},"end":{"line":11,"column":38}},"11":{"start":{"line":12,"column":0},"end":{"line":12,"column":34}},"12":{"start":{"line":13,"column":0},"end":{"line":13,"column":33}},"13":{"start":{"line":14,"column":0},"end":{"line":14,"column":52}},"14":{"start":{"line":15,"column":0},"end":{"line":15,"column":78}},"23":{"start":{"line":24,"column":0},"end":{"line":24,"column":66}},"24":{"start":{"line":25,"column":0},"end":{"line":25,"column":10}},"25":{"start":{"line":26,"column":0},"end":{"line":26,"column":39}},"26":{"start":{"line":27,"column":0},"end":{"line":27,"column":40}},"27":{"start":{"line":28,"column":0},"end":{"line":28,"column":51}},"28":{"start":{"line":29,"column":0},"end":{"line":29,"column":32}},"30":{"start":{"line":31,"column":0},"end":{"line":31,"column":2}},"32":{"start":{"line":33,"column":0},"end":{"line":33,"column":72}},"33":{"start":{"line":34,"column":0},"end":{"line":34,"column":59}},"34":{"start":{"line":35,"column":0},"end":{"line":35,"column":1}},"74":{"start":{"line":75,"column":0},"end":{"line":75,"column":69}},"75":{"start":{"line":76,"column":0},"end":{"line":76,"column":24}},"76":{"start":{"line":77,"column":0},"end":{"line":77,"column":18}},"77":{"start":{"line":78,"column":0},"end":{"line":78,"column":17}},"78":{"start":{"line":79,"column":0},"end":{"line":79,"column":22}},"79":{"start":{"line":80,"column":0},"end":{"line":80,"column":4}},"81":{"start":{"line":82,"column":0},"end":{"line":82,"column":51}},"82":{"start":{"line":83,"column":0},"end":{"line":83,"column":11}},"83":{"start":{"line":84,"column":0},"end":{"line":84,"column":37}},"84":{"start":{"line":85,"column":0},"end":{"line":85,"column":35}},"85":{"start":{"line":86,"column":0},"end":{"line":86,"column":52}},"86":{"start":{"line":87,"column":0},"end":{"line":87,"column":6}},"87":{"start":{"line":88,"column":0},"end":{"line":88,"column":41}},"88":{"start":{"line":89,"column":0},"end":{"line":89,"column":26}},"89":{"start":{"line":90,"column":0},"end":{"line":90,"column":40}},"90":{"start":{"line":91,"column":0},"end":{"line":91,"column":11}},"91":{"start":{"line":92,"column":0},"end":{"line":92,"column":33}},"92":{"start":{"line":93,"column":0},"end":{"line":93,"column":31}},"93":{"start":{"line":94,"column":0},"end":{"line":94,"column":48}},"94":{"start":{"line":95,"column":0},"end":{"line":95,"column":6}},"95":{"start":{"line":96,"column":0},"end":{"line":96,"column":3}},"97":{"start":{"line":98,"column":0},"end":{"line":98,"column":32}},"101":{"start":{"line":102,"column":0},"end":{"line":102,"column":37}},"102":{"start":{"line":103,"column":0},"end":{"line":103,"column":38}},"103":{"start":{"line":104,"column":0},"end":{"line":104,"column":23}},"104":{"start":{"line":105,"column":0},"end":{"line":105,"column":3}},"109":{"start":{"line":110,"column":0},"end":{"line":110,"column":35}},"110":{"start":{"line":111,"column":0},"end":{"line":111,"column":38}},"111":{"start":{"line":112,"column":0},"end":{"line":112,"column":23}},"112":{"start":{"line":113,"column":0},"end":{"line":113,"column":3}},"114":{"start":{"line":115,"column":0},"end":{"line":115,"column":39}},"116":{"start":{"line":117,"column":0},"end":{"line":117,"column":34}},"117":{"start":{"line":118,"column":0},"end":{"line":118,"column":12}},"118":{"start":{"line":119,"column":0},"end":{"line":119,"column":56}},"119":{"start":{"line":120,"column":0},"end":{"line":120,"column":29}},"120":{"start":{"line":121,"column":0},"end":{"line":121,"column":13}},"121":{"start":{"line":122,"column":0},"end":{"line":122,"column":30}},"122":{"start":{"line":123,"column":0},"end":{"line":123,"column":60}},"123":{"start":{"line":124,"column":0},"end":{"line":124,"column":29}},"124":{"start":{"line":125,"column":0},"end":{"line":125,"column":39}},"125":{"start":{"line":126,"column":0},"end":{"line":126,"column":13}},"126":{"start":{"line":127,"column":0},"end":{"line":127,"column":30}},"127":{"start":{"line":128,"column":0},"end":{"line":128,"column":29}},"128":{"start":{"line":129,"column":0},"end":{"line":129,"column":31}},"129":{"start":{"line":130,"column":0},"end":{"line":130,"column":34}},"130":{"start":{"line":131,"column":0},"end":{"line":131,"column":39}},"131":{"start":{"line":132,"column":0},"end":{"line":132,"column":29}},"132":{"start":{"line":133,"column":0},"end":{"line":133,"column":6}},"133":{"start":{"line":134,"column":0},"end":{"line":134,"column":13}},"134":{"start":{"line":135,"column":0},"end":{"line":135,"column":32}},"135":{"start":{"line":136,"column":0},"end":{"line":136,"column":57}},"136":{"start":{"line":137,"column":0},"end":{"line":137,"column":56}},"137":{"start":{"line":138,"column":0},"end":{"line":138,"column":6}},"138":{"start":{"line":139,"column":0},"end":{"line":139,"column":14}},"139":{"start":{"line":140,"column":0},"end":{"line":140,"column":12}},"140":{"start":{"line":141,"column":0},"end":{"line":141,"column":55}},"141":{"start":{"line":142,"column":0},"end":{"line":142,"column":54}},"142":{"start":{"line":143,"column":0},"end":{"line":143,"column":13}},"143":{"start":{"line":144,"column":0},"end":{"line":144,"column":31}},"144":{"start":{"line":145,"column":0},"end":{"line":145,"column":30}},"145":{"start":{"line":146,"column":0},"end":{"line":146,"column":31}},"146":{"start":{"line":147,"column":0},"end":{"line":147,"column":54}},"147":{"start":{"line":148,"column":0},"end":{"line":148,"column":13}},"148":{"start":{"line":149,"column":0},"end":{"line":149,"column":32}},"149":{"start":{"line":150,"column":0},"end":{"line":150,"column":32}},"150":{"start":{"line":151,"column":0},"end":{"line":151,"column":34}},"151":{"start":{"line":152,"column":0},"end":{"line":152,"column":34}},"152":{"start":{"line":153,"column":0},"end":{"line":153,"column":37}},"153":{"start":{"line":154,"column":0},"end":{"line":154,"column":29}},"154":{"start":{"line":155,"column":0},"end":{"line":155,"column":6}},"155":{"start":{"line":156,"column":0},"end":{"line":156,"column":14}},"156":{"start":{"line":157,"column":0},"end":{"line":157,"column":33}},"157":{"start":{"line":158,"column":0},"end":{"line":158,"column":35}},"158":{"start":{"line":159,"column":0},"end":{"line":159,"column":58}},"159":{"start":{"line":160,"column":0},"end":{"line":160,"column":6}},"160":{"start":{"line":161,"column":0},"end":{"line":161,"column":12}},"161":{"start":{"line":162,"column":0},"end":{"line":162,"column":41}},"162":{"start":{"line":163,"column":0},"end":{"line":163,"column":45}},"163":{"start":{"line":164,"column":0},"end":{"line":164,"column":31}},"164":{"start":{"line":165,"column":0},"end":{"line":165,"column":35}},"165":{"start":{"line":166,"column":0},"end":{"line":166,"column":33}},"166":{"start":{"line":167,"column":0},"end":{"line":167,"column":13}},"167":{"start":{"line":168,"column":0},"end":{"line":168,"column":33}},"168":{"start":{"line":169,"column":0},"end":{"line":169,"column":35}},"169":{"start":{"line":170,"column":0},"end":{"line":170,"column":28}},"170":{"start":{"line":171,"column":0},"end":{"line":171,"column":30}},"171":{"start":{"line":172,"column":0},"end":{"line":172,"column":27}},"172":{"start":{"line":173,"column":0},"end":{"line":173,"column":6}},"173":{"start":{"line":174,"column":0},"end":{"line":174,"column":15}},"174":{"start":{"line":175,"column":0},"end":{"line":175,"column":17}},"175":{"start":{"line":176,"column":0},"end":{"line":176,"column":18}},"176":{"start":{"line":177,"column":0},"end":{"line":177,"column":4}},"178":{"start":{"line":179,"column":0},"end":{"line":179,"column":14}},"179":{"start":{"line":180,"column":0},"end":{"line":180,"column":97}},"181":{"start":{"line":182,"column":0},"end":{"line":182,"column":84}},"182":{"start":{"line":183,"column":0},"end":{"line":183,"column":88}},"184":{"start":{"line":185,"column":0},"end":{"line":185,"column":16}},"185":{"start":{"line":186,"column":0},"end":{"line":186,"column":1}},"187":{"start":{"line":188,"column":0},"end":{"line":188,"column":35}},"188":{"start":{"line":189,"column":0},"end":{"line":189,"column":25}},"189":{"start":{"line":190,"column":0},"end":{"line":190,"column":48}},"190":{"start":{"line":191,"column":0},"end":{"line":191,"column":1}}},"s":{"0":1,"1":1,"2":1,"3":1,"4":1,"5":1,"6":1,"7":1,"8":1,"9":1,"10":1,"11":1,"12":1,"13":1,"14":1,"23":1,"24":2,"25":2,"26":2,"27":0,"28":0,"30":2,"32":2,"33":2,"34":2,"74":1,"75":2,"76":2,"77":2,"78":2,"79":2,"81":2,"82":2,"83":2,"84":2,"85":2,"86":2,"87":2,"88":0,"89":0,"90":0,"91":0,"92":0,"93":0,"94":0,"95":0,"97":2,"101":2,"102":2,"103":0,"104":0,"109":2,"110":2,"111":0,"112":0,"114":2,"116":2,"117":2,"118":2,"119":2,"120":2,"121":2,"122":1,"123":0,"124":2,"125":2,"126":2,"127":1,"128":1,"129":1,"130":1,"131":1,"132":2,"133":2,"134":2,"135":2,"136":2,"137":2,"138":2,"139":2,"140":2,"141":2,"142":2,"143":2,"144":2,"145":2,"146":2,"147":2,"148":2,"149":2,"150":2,"151":2,"152":2,"153":2,"154":2,"155":2,"156":2,"157":2,"158":2,"159":2,"160":2,"161":2,"162":2,"163":2,"164":2,"165":2,"166":2,"167":2,"168":2,"169":2,"170":2,"171":2,"172":2,"173":2,"174":2,"175":2,"176":2,"178":2,"179":2,"181":2,"182":2,"184":2,"185":2,"187":1,"188":2,"189":2,"190":2},"branchMap":{"0":{"type":"branch","line":24,"loc":{"start":{"line":24,"column":29},"end":{"line":31,"column":2}},"locations":[{"start":{"line":24,"column":29},"end":{"line":31,"column":2}}]},"1":{"type":"branch","line":27,"loc":{"start":{"line":27,"column":27},"end":{"line":28,"column":51}},"locations":[{"start":{"line":27,"column":27},"end":{"line":28,"column":51}}]},"2":{"type":"branch","line":28,"loc":{"start":{"line":28,"column":40},"end":{"line":29,"column":32}},"locations":[{"start":{"line":28,"column":40},"end":{"line":29,"column":32}}]},"3":{"type":"branch","line":33,"loc":{"start":{"line":33,"column":0},"end":{"line":35,"column":1}},"locations":[{"start":{"line":33,"column":0},"end":{"line":35,"column":1}}]},"4":{"type":"branch","line":34,"loc":{"start":{"line":34,"column":9},"end":{"line":34,"column":59}},"locations":[{"start":{"line":34,"column":9},"end":{"line":34,"column":59}}]},"5":{"type":"branch","line":75,"loc":{"start":{"line":75,"column":7},"end":{"line":186,"column":1}},"locations":[{"start":{"line":75,"column":7},"end":{"line":186,"column":1}}]},"6":{"type":"branch","line":88,"loc":{"start":{"line":88,"column":2},"end":{"line":96,"column":3}},"locations":[{"start":{"line":88,"column":2},"end":{"line":96,"column":3}}]},"7":{"type":"branch","line":103,"loc":{"start":{"line":103,"column":37},"end":{"line":105,"column":3}},"locations":[{"start":{"line":103,"column":37},"end":{"line":105,"column":3}}]},"8":{"type":"branch","line":111,"loc":{"start":{"line":111,"column":37},"end":{"line":113,"column":3}},"locations":[{"start":{"line":111,"column":37},"end":{"line":113,"column":3}}]},"9":{"type":"branch","line":119,"loc":{"start":{"line":119,"column":30},"end":{"line":119,"column":56}},"locations":[{"start":{"line":119,"column":30},"end":{"line":119,"column":56}}]},"10":{"type":"branch","line":122,"loc":{"start":{"line":122,"column":26},"end":{"line":123,"column":60}},"locations":[{"start":{"line":122,"column":26},"end":{"line":123,"column":60}}]},"11":{"type":"branch","line":123,"loc":{"start":{"line":123,"column":55},"end":{"line":124,"column":29}},"locations":[{"start":{"line":123,"column":55},"end":{"line":124,"column":29}}]},"12":{"type":"branch","line":127,"loc":{"start":{"line":127,"column":26},"end":{"line":128,"column":29}},"locations":[{"start":{"line":127,"column":26},"end":{"line":128,"column":29}}]},"13":{"type":"branch","line":128,"loc":{"start":{"line":128,"column":25},"end":{"line":129,"column":31}},"locations":[{"start":{"line":128,"column":25},"end":{"line":129,"column":31}}]},"14":{"type":"branch","line":129,"loc":{"start":{"line":129,"column":27},"end":{"line":130,"column":34}},"locations":[{"start":{"line":129,"column":27},"end":{"line":130,"column":34}}]},"15":{"type":"branch","line":130,"loc":{"start":{"line":130,"column":30},"end":{"line":131,"column":39}},"locations":[{"start":{"line":130,"column":30},"end":{"line":131,"column":39}}]},"16":{"type":"branch","line":131,"loc":{"start":{"line":131,"column":34},"end":{"line":132,"column":29}},"locations":[{"start":{"line":131,"column":34},"end":{"line":132,"column":29}}]},"17":{"type":"branch","line":180,"loc":{"start":{"line":180,"column":17},"end":{"line":180,"column":52}},"locations":[{"start":{"line":180,"column":17},"end":{"line":180,"column":52}}]},"18":{"type":"branch","line":180,"loc":{"start":{"line":180,"column":42},"end":{"line":180,"column":77}},"locations":[{"start":{"line":180,"column":42},"end":{"line":180,"column":77}}]},"19":{"type":"branch","line":180,"loc":{"start":{"line":180,"column":67},"end":{"line":180,"column":97}},"locations":[{"start":{"line":180,"column":67},"end":{"line":180,"column":97}}]},"20":{"type":"branch","line":182,"loc":{"start":{"line":182,"column":30},"end":{"line":182,"column":63}},"locations":[{"start":{"line":182,"column":30},"end":{"line":182,"column":63}}]},"21":{"type":"branch","line":182,"loc":{"start":{"line":182,"column":54},"end":{"line":182,"column":84}},"locations":[{"start":{"line":182,"column":54},"end":{"line":182,"column":84}}]},"22":{"type":"branch","line":188,"loc":{"start":{"line":188,"column":7},"end":{"line":191,"column":1}},"locations":[{"start":{"line":188,"column":7},"end":{"line":191,"column":1}}]},"23":{"type":"branch","line":190,"loc":{"start":{"line":190,"column":19},"end":{"line":190,"column":48}},"locations":[{"start":{"line":190,"column":19},"end":{"line":190,"column":48}}]}},"b":{"0":[2],"1":[0],"2":[0],"3":[2],"4":[84],"5":[2],"6":[0],"7":[0],"8":[0],"9":[1],"10":[1],"11":[0],"12":[1],"13":[1],"14":[1],"15":[1],"16":[1],"17":[1],"18":[1],"19":[1],"20":[1],"21":[1],"22":[2],"23":[1]},"fnMap":{"0":{"name":"isAppleTabletOnIos13","decl":{"start":{"line":24,"column":29},"end":{"line":31,"column":2}},"loc":{"start":{"line":24,"column":29},"end":{"line":31,"column":2}},"line":24},"1":{"name":"createMatch","decl":{"start":{"line":33,"column":0},"end":{"line":35,"column":1}},"loc":{"start":{"line":33,"column":0},"end":{"line":35,"column":1}},"line":33},"2":{"name":"isMobile","decl":{"start":{"line":75,"column":7},"end":{"line":186,"column":1}},"loc":{"start":{"line":75,"column":7},"end":{"line":186,"column":1}},"line":75},"3":{"name":"isMobileDevices","decl":{"start":{"line":188,"column":7},"end":{"line":191,"column":1}},"loc":{"start":{"line":188,"column":7},"end":{"line":191,"column":1}},"line":188}},"f":{"0":2,"1":2,"2":2,"3":2}}
,"/home/runner/work/aelf-web-login/aelf-web-login/packages/utils/src/is/isPortkeyApp.ts": {"path":"/home/runner/work/aelf-web-login/aelf-web-login/packages/utils/src/is/isPortkeyApp.ts","all":false,"statementMap":{"0":{"start":{"line":1,"column":0},"end":{"line":1,"column":32}},"1":{"start":{"line":2,"column":0},"end":{"line":2,"column":35}},"2":{"start":{"line":3,"column":0},"end":{"line":3,"column":17}},"3":{"start":{"line":4,"column":0},"end":{"line":4,"column":10}},"4":{"start":{"line":5,"column":0},"end":{"line":5,"column":58}},"5":{"start":{"line":6,"column":0},"end":{"line":6,"column":3}},"6":{"start":{"line":7,"column":0},"end":{"line":7,"column":1}}},"s":{"0":1,"1":2,"2":0,"3":2,"4":2,"5":2,"6":2},"branchMap":{"0":{"type":"branch","line":1,"loc":{"start":{"line":1,"column":7},"end":{"line":7,"column":1}},"locations":[{"start":{"line":1,"column":7},"end":{"line":7,"column":1}}]},"1":{"type":"branch","line":2,"loc":{"start":{"line":2,"column":34},"end":{"line":4,"column":9}},"locations":[{"start":{"line":2,"column":34},"end":{"line":4,"column":9}}]}},"b":{"0":[2],"1":[0]},"fnMap":{"0":{"name":"isPortkeyApp","decl":{"start":{"line":1,"column":7},"end":{"line":7,"column":1}},"loc":{"start":{"line":1,"column":7},"end":{"line":7,"column":1}},"line":1}},"f":{"0":2}}
,"/home/runner/work/aelf-web-login/aelf-web-login/packages/utils/src/is/isPrivateKey.ts": {"path":"/home/runner/work/aelf-web-login/aelf-web-login/packages/utils/src/is/isPrivateKey.ts","all":false,"statementMap":{"0":{"start":{"line":1,"column":0},"end":{"line":1,"column":51}},"1":{"start":{"line":2,"column":0},"end":{"line":2,"column":7}},"2":{"start":{"line":3,"column":0},"end":{"line":3,"column":55}},"3":{"start":{"line":4,"column":0},"end":{"line":4,"column":75}},"4":{"start":{"line":5,"column":0},"end":{"line":5,"column":5}},"5":{"start":{"line":6,"column":0},"end":{"line":6,"column":19}},"6":{"start":{"line":7,"column":0},"end":{"line":7,"column":17}},"7":{"start":{"line":8,"column":0},"end":{"line":8,"column":3}},"8":{"start":{"line":9,"column":0},"end":{"line":9,"column":15}},"9":{"start":{"line":10,"column":0},"end":{"line":10,"column":1}}},"s":{"0":1,"1":3,"2":3,"3":2,"4":2,"5":3,"6":1,"7":1,"8":1,"9":1},"branchMap":{"0":{"type":"branch","line":1,"loc":{"start":{"line":1,"column":7},"end":{"line":10,"column":1}},"locations":[{"start":{"line":1,"column":7},"end":{"line":10,"column":1}}]},"1":{"type":"branch","line":3,"loc":{"start":{"line":3,"column":8},"end":{"line":3,"column":54}},"locations":[{"start":{"line":3,"column":8},"end":{"line":3,"column":54}}]},"2":{"type":"branch","line":3,"loc":{"start":{"line":3,"column":54},"end":{"line":5,"column":5}},"locations":[{"start":{"line":3,"column":54},"end":{"line":5,"column":5}}]},"3":{"type":"branch","line":6,"loc":{"start":{"line":6,"column":2},"end":{"line":10,"column":1}},"locations":[{"start":{"line":6,"column":2},"end":{"line":10,"column":1}}]}},"b":{"0":[3],"1":[2],"2":[2],"3":[1]},"fnMap":{"0":{"name":"isPrivateKey","decl":{"start":{"line":1,"column":7},"end":{"line":10,"column":1}},"loc":{"start":{"line":1,"column":7},"end":{"line":10,"column":1}},"line":1}},"f":{"0":3}}
,"/home/runner/work/aelf-web-login/aelf-web-login/packages/utils/src/utility/Loading.tsx": {"path":"/home/runner/work/aelf-web-login/aelf-web-login/packages/utils/src/utility/Loading.tsx","all":false,"statementMap":{"0":{"start":{"line":1,"column":0},"end":{"line":1,"column":52}},"2":{"start":{"line":3,"column":0},"end":{"line":3,"column":15}},"3":{"start":{"line":4,"column":0},"end":{"line":4,"column":50}},"4":{"start":{"line":5,"column":0},"end":{"line":5,"column":35}},"5":{"start":{"line":6,"column":0},"end":{"line":6,"column":38}},"7":{"start":{"line":8,"column":0},"end":{"line":8,"column":39}},"8":{"start":{"line":9,"column":0},"end":{"line":9,"column":28}},"9":{"start":{"line":10,"column":0},"end":{"line":10,"column":3}},"11":{"start":{"line":12,"column":0},"end":{"line":12,"column":29}},"12":{"start":{"line":13,"column":0},"end":{"line":13,"column":26}},"13":{"start":{"line":14,"column":0},"end":{"line":14,"column":53}},"14":{"start":{"line":15,"column":0},"end":{"line":15,"column":48}},"15":{"start":{"line":16,"column":0},"end":{"line":16,"column":45}},"16":{"start":{"line":17,"column":0},"end":{"line":17,"column":5}},"17":{"start":{"line":18,"column":0},"end":{"line":18,"column":3}},"19":{"start":{"line":20,"column":0},"end":{"line":20,"column":43}},"20":{"start":{"line":21,"column":0},"end":{"line":21,"column":27}},"22":{"start":{"line":23,"column":0},"end":{"line":23,"column":56}},"23":{"start":{"line":24,"column":0},"end":{"line":24,"column":3}},"25":{"start":{"line":26,"column":0},"end":{"line":26,"column":10}},"26":{"start":{"line":27,"column":0},"end":{"line":27,"column":29}},"27":{"start":{"line":28,"column":0},"end":{"line":28,"column":3}},"29":{"start":{"line":30,"column":0},"end":{"line":30,"column":10}},"30":{"start":{"line":31,"column":0},"end":{"line":31,"column":30}},"31":{"start":{"line":32,"column":0},"end":{"line":32,"column":25}},"32":{"start":{"line":33,"column":0},"end":{"line":33,"column":27}},"33":{"start":{"line":34,"column":0},"end":{"line":34,"column":48}},"34":{"start":{"line":35,"column":0},"end":{"line":35,"column":28}},"35":{"start":{"line":36,"column":0},"end":{"line":36,"column":23}},"36":{"start":{"line":37,"column":0},"end":{"line":37,"column":5}},"37":{"start":{"line":38,"column":0},"end":{"line":38,"column":3}},"38":{"start":{"line":39,"column":0},"end":{"line":39,"column":1}}},"s":{"0":1,"2":4,"3":4,"4":4,"5":4,"7":4,"8":4,"9":4,"11":4,"12":4,"13":3,"14":3,"15":3,"16":3,"17":4,"19":4,"20":4,"22":4,"23":4,"25":4,"26":3,"27":3,"29":4,"30":1,"31":1,"32":1,"33":1,"34":1,"35":1,"36":1,"37":1,"38":4},"branchMap":{"0":{"type":"branch","line":3,"loc":{"start":{"line":3,"column":0},"end":{"line":39,"column":1}},"locations":[{"start":{"line":3,"column":0},"end":{"line":39,"column":1}}]},"1":{"type":"branch","line":8,"loc":{"start":{"line":8,"column":2},"end":{"line":10,"column":3}},"locations":[{"start":{"line":8,"column":2},"end":{"line":10,"column":3}}]},"2":{"type":"branch","line":12,"loc":{"start":{"line":12,"column":10},"end":{"line":18,"column":3}},"locations":[{"start":{"line":12,"column":10},"end":{"line":18,"column":3}}]},"3":{"type":"branch","line":13,"loc":{"start":{"line":13,"column":25},"end":{"line":17,"column":5}},"locations":[{"start":{"line":13,"column":25},"end":{"line":17,"column":5}}]},"4":{"type":"branch","line":20,"loc":{"start":{"line":20,"column":10},"end":{"line":24,"column":3}},"locations":[{"start":{"line":20,"column":10},"end":{"line":24,"column":3}}]},"5":{"type":"branch","line":23,"loc":{"start":{"line":23,"column":22},"end":{"line":23,"column":50}},"locations":[{"start":{"line":23,"column":22},"end":{"line":23,"column":50}}]},"6":{"type":"branch","line":23,"loc":{"start":{"line":23,"column":37},"end":{"line":23,"column":54}},"locations":[{"start":{"line":23,"column":37},"end":{"line":23,"column":54}}]},"7":{"type":"branch","line":26,"loc":{"start":{"line":26,"column":2},"end":{"line":28,"column":3}},"locations":[{"start":{"line":26,"column":2},"end":{"line":28,"column":3}}]},"8":{"type":"branch","line":30,"loc":{"start":{"line":30,"column":2},"end":{"line":38,"column":3}},"locations":[{"start":{"line":30,"column":2},"end":{"line":38,"column":3}}]}},"b":{"0":[4],"1":[4],"2":[4],"3":[3],"4":[4],"5":[3],"6":[1],"7":[3],"8":[1]},"fnMap":{"0":{"name":"<instance_members_initializer>","decl":{"start":{"line":3,"column":0},"end":{"line":39,"column":1}},"loc":{"start":{"line":3,"column":0},"end":{"line":39,"column":1}},"line":3},"1":{"name":"Loading","decl":{"start":{"line":8,"column":2},"end":{"line":10,"column":3}},"loc":{"start":{"line":8,"column":2},"end":{"line":10,"column":3}},"line":8},"2":{"name":"createContainer","decl":{"start":{"line":12,"column":10},"end":{"line":18,"column":3}},"loc":{"start":{"line":12,"column":10},"end":{"line":18,"column":3}},"line":12},"3":{"name":"renderLoading","decl":{"start":{"line":20,"column":10},"end":{"line":24,"column":3}},"loc":{"start":{"line":20,"column":10},"end":{"line":24,"column":3}},"line":20},"4":{"name":"show","decl":{"start":{"line":26,"column":2},"end":{"line":28,"column":3}},"loc":{"start":{"line":26,"column":2},"end":{"line":28,"column":3}},"line":26},"5":{"name":"hide","decl":{"start":{"line":30,"column":2},"end":{"line":38,"column":3}},"loc":{"start":{"line":30,"column":2},"end":{"line":38,"column":3}},"line":30}},"f":{"0":4,"1":4,"2":4,"3":4,"4":3,"5":1}}
,"/home/runner/work/aelf-web-login/aelf-web-login/packages/utils/src/utility/sleep.ts": {"path":"/home/runner/work/aelf-web-login/aelf-web-login/packages/utils/src/utility/sleep.ts","all":false,"statementMap":{"0":{"start":{"line":1,"column":0},"end":{"line":1,"column":53}},"1":{"start":{"line":2,"column":0},"end":{"line":2,"column":69}},"2":{"start":{"line":3,"column":0},"end":{"line":3,"column":1}}},"s":{"0":1,"1":1,"2":1},"branchMap":{"0":{"type":"branch","line":1,"loc":{"start":{"line":1,"column":0},"end":{"line":3,"column":1}},"locations":[{"start":{"line":1,"column":0},"end":{"line":3,"column":1}}]},"1":{"type":"branch","line":2,"loc":{"start":{"line":2,"column":21},"end":{"line":2,"column":67}},"locations":[{"start":{"line":2,"column":21},"end":{"line":2,"column":67}}]}},"b":{"0":[1],"1":[1]},"fnMap":{"0":{"name":"sleep","decl":{"start":{"line":1,"column":0},"end":{"line":3,"column":1}},"loc":{"start":{"line":1,"column":0},"end":{"line":3,"column":1}},"line":1}},"f":{"0":1}}
}
