{"total": {"lines":{"total":582,"covered":579,"skipped":0,"pct":99.48},"statements":{"total":582,"covered":579,"skipped":0,"pct":99.48},"functions":{"total":34,"covered":34,"skipped":0,"pct":100},"branches":{"total":188,"covered":180,"skipped":0,"pct":95.74},"branchesTrue":{"total":0,"covered":0,"skipped":0,"pct":100}}
,"/home/runner/work/aelf-web-login/aelf-web-login/packages/utils/src/address/addPrefixSuffix.ts": {"lines":{"total":13,"covered":13,"skipped":0,"pct":100},"functions":{"total":1,"covered":1,"skipped":0,"pct":100},"statements":{"total":13,"covered":13,"skipped":0,"pct":100},"branches":{"total":6,"covered":6,"skipped":0,"pct":100}}
,"/home/runner/work/aelf-web-login/aelf-web-login/packages/utils/src/address/decodeAddress.ts": {"lines":{"total":18,"covered":18,"skipped":0,"pct":100},"functions":{"total":1,"covered":1,"skipped":0,"pct":100},"statements":{"total":18,"covered":18,"skipped":0,"pct":100},"branches":{"total":8,"covered":8,"skipped":0,"pct":100}}
,"/home/runner/work/aelf-web-login/aelf-web-login/packages/utils/src/address/getOriginalAddress.ts": {"lines":{"total":7,"covered":7,"skipped":0,"pct":100},"functions":{"total":1,"covered":1,"skipped":0,"pct":100},"statements":{"total":7,"covered":7,"skipped":0,"pct":100},"branches":{"total":5,"covered":5,"skipped":0,"pct":100}}
,"/home/runner/work/aelf-web-login/aelf-web-login/packages/utils/src/calculate/divDecimals.ts": {"lines":{"total":10,"covered":10,"skipped":0,"pct":100},"functions":{"total":1,"covered":1,"skipped":0,"pct":100},"statements":{"total":10,"covered":10,"skipped":0,"pct":100},"branches":{"total":11,"covered":11,"skipped":0,"pct":100}}
,"/home/runner/work/aelf-web-login/aelf-web-login/packages/utils/src/calculate/timesDecimals.ts": {"lines":{"total":10,"covered":10,"skipped":0,"pct":100},"functions":{"total":1,"covered":1,"skipped":0,"pct":100},"statements":{"total":10,"covered":10,"skipped":0,"pct":100},"branches":{"total":11,"covered":11,"skipped":0,"pct":100}}
,"/home/runner/work/aelf-web-login/aelf-web-login/packages/utils/src/contract/getRawTransaction.ts": {"lines":{"total":77,"covered":77,"skipped":0,"pct":100},"functions":{"total":1,"covered":1,"skipped":0,"pct":100},"statements":{"total":77,"covered":77,"skipped":0,"pct":100},"branches":{"total":27,"covered":25,"skipped":0,"pct":92.59}}
,"/home/runner/work/aelf-web-login/aelf-web-login/packages/utils/src/contract/getRawTransactionFairyVault.ts": {"lines":{"total":34,"covered":34,"skipped":0,"pct":100},"functions":{"total":1,"covered":1,"skipped":0,"pct":100},"statements":{"total":34,"covered":34,"skipped":0,"pct":100},"branches":{"total":3,"covered":3,"skipped":0,"pct":100}}
,"/home/runner/work/aelf-web-login/aelf-web-login/packages/utils/src/contract/getRawTransactionNight.ts": {"lines":{"total":126,"covered":124,"skipped":0,"pct":98.41},"functions":{"total":5,"covered":5,"skipped":0,"pct":100},"statements":{"total":126,"covered":124,"skipped":0,"pct":98.41},"branches":{"total":20,"covered":17,"skipped":0,"pct":85}}
,"/home/runner/work/aelf-web-login/aelf-web-login/packages/utils/src/contract/getRawTransactionPortkey.ts": {"lines":{"total":27,"covered":27,"skipped":0,"pct":100},"functions":{"total":1,"covered":1,"skipped":0,"pct":100},"statements":{"total":27,"covered":27,"skipped":0,"pct":100},"branches":{"total":2,"covered":2,"skipped":0,"pct":100}}
,"/home/runner/work/aelf-web-login/aelf-web-login/packages/utils/src/contract/getTxResultRetry.ts": {"lines":{"total":26,"covered":26,"skipped":0,"pct":100},"functions":{"total":2,"covered":2,"skipped":0,"pct":100},"statements":{"total":26,"covered":26,"skipped":0,"pct":100},"branches":{"total":5,"covered":4,"skipped":0,"pct":80}}
,"/home/runner/work/aelf-web-login/aelf-web-login/packages/utils/src/format/formatNumberWithDecimalPlaces.ts": {"lines":{"total":7,"covered":7,"skipped":0,"pct":100},"functions":{"total":1,"covered":1,"skipped":0,"pct":100},"statements":{"total":7,"covered":7,"skipped":0,"pct":100},"branches":{"total":3,"covered":3,"skipped":0,"pct":100}}
,"/home/runner/work/aelf-web-login/aelf-web-login/packages/utils/src/format/formatPrice.ts": {"lines":{"total":19,"covered":19,"skipped":0,"pct":100},"functions":{"total":1,"covered":1,"skipped":0,"pct":100},"statements":{"total":19,"covered":19,"skipped":0,"pct":100},"branches":{"total":8,"covered":8,"skipped":0,"pct":100}}
,"/home/runner/work/aelf-web-login/aelf-web-login/packages/utils/src/format/formatTime.ts": {"lines":{"total":17,"covered":17,"skipped":0,"pct":100},"functions":{"total":2,"covered":2,"skipped":0,"pct":100},"statements":{"total":17,"covered":17,"skipped":0,"pct":100},"branches":{"total":5,"covered":5,"skipped":0,"pct":100}}
,"/home/runner/work/aelf-web-login/aelf-web-login/packages/utils/src/is/isAElfBridge.ts": {"lines":{"total":3,"covered":3,"skipped":0,"pct":100},"functions":{"total":1,"covered":1,"skipped":0,"pct":100},"statements":{"total":3,"covered":3,"skipped":0,"pct":100},"branches":{"total":2,"covered":2,"skipped":0,"pct":100}}
,"/home/runner/work/aelf-web-login/aelf-web-login/packages/utils/src/is/isELFAddress.ts": {"lines":{"total":9,"covered":9,"skipped":0,"pct":100},"functions":{"total":1,"covered":1,"skipped":0,"pct":100},"statements":{"total":9,"covered":9,"skipped":0,"pct":100},"branches":{"total":4,"covered":4,"skipped":0,"pct":100}}
,"/home/runner/work/aelf-web-login/aelf-web-login/packages/utils/src/is/isMobileDevices.ts": {"lines":{"total":127,"covered":126,"skipped":0,"pct":99.21},"functions":{"total":4,"covered":4,"skipped":0,"pct":100},"statements":{"total":127,"covered":126,"skipped":0,"pct":99.21},"branches":{"total":46,"covered":44,"skipped":0,"pct":95.65}}
,"/home/runner/work/aelf-web-login/aelf-web-login/packages/utils/src/is/isPortkeyApp.ts": {"lines":{"total":7,"covered":7,"skipped":0,"pct":100},"functions":{"total":1,"covered":1,"skipped":0,"pct":100},"statements":{"total":7,"covered":7,"skipped":0,"pct":100},"branches":{"total":6,"covered":6,"skipped":0,"pct":100}}
,"/home/runner/work/aelf-web-login/aelf-web-login/packages/utils/src/is/isPrivateKey.ts": {"lines":{"total":10,"covered":10,"skipped":0,"pct":100},"functions":{"total":1,"covered":1,"skipped":0,"pct":100},"statements":{"total":10,"covered":10,"skipped":0,"pct":100},"branches":{"total":5,"covered":5,"skipped":0,"pct":100}}
,"/home/runner/work/aelf-web-login/aelf-web-login/packages/utils/src/utility/Loading.tsx": {"lines":{"total":32,"covered":32,"skipped":0,"pct":100},"functions":{"total":6,"covered":6,"skipped":0,"pct":100},"statements":{"total":32,"covered":32,"skipped":0,"pct":100},"branches":{"total":9,"covered":9,"skipped":0,"pct":100}}
,"/home/runner/work/aelf-web-login/aelf-web-login/packages/utils/src/utility/sleep.ts": {"lines":{"total":3,"covered":3,"skipped":0,"pct":100},"functions":{"total":1,"covered":1,"skipped":0,"pct":100},"statements":{"total":3,"covered":3,"skipped":0,"pct":100},"branches":{"total":2,"covered":2,"skipped":0,"pct":100}}
}
