TN:
SF:src/address/addPrefixSuffix.ts
FN:1,addPrefixSuffix
FNF:1
FNH:1
FNDA:5,addPrefixSuffix
DA:1,5
DA:2,5
DA:3,4
DA:4,4
DA:5,5
DA:6,5
DA:7,4
DA:8,4
DA:9,4
DA:10,4
DA:11,4
DA:12,4
DA:13,4
LF:13
LH:13
BRDA:1,0,0,5
BRDA:2,1,0,1
BRDA:2,2,0,4
BRDA:5,3,0,1
BRDA:5,4,0,3
BRDA:6,5,0,4
BRF:6
BRH:6
end_of_record
TN:
SF:src/address/decodeAddress.ts
FN:2,decodeAddress
FNF:1
FNH:1
FNDA:6,decodeAddress
DA:1,1
DA:2,1
DA:3,6
DA:4,6
DA:5,6
DA:6,6
DA:7,2
DA:8,2
DA:10,1
DA:11,1
DA:12,2
DA:13,2
DA:14,2
DA:15,2
DA:16,6
DA:17,1
DA:18,1
DA:19,6
LF:18
LH:18
BRDA:2,0,0,6
BRDA:4,1,0,1
BRDA:4,2,0,5
BRDA:5,3,0,1
BRDA:5,4,0,4
BRDA:6,5,0,2
BRDA:8,6,0,1
BRDA:16,7,0,1
BRF:8
BRH:8
end_of_record
TN:
SF:src/address/getOriginalAddress.ts
FN:1,getOriginalAddress
FNF:1
FNH:1
FNDA:6,getOriginalAddress
DA:1,6
DA:2,6
DA:3,6
DA:4,1
DA:5,1
DA:6,3
DA:7,3
LF:7
LH:7
BRDA:1,0,0,6
BRDA:2,1,0,2
BRDA:2,2,0,4
BRDA:3,3,0,1
BRDA:5,4,0,3
BRF:5
BRH:5
end_of_record
TN:
SF:src/calculate/divDecimals.ts
FN:3,divDecimals
FNF:1
FNH:1
FNDA:8,divDecimals
DA:1,1
DA:3,1
DA:4,8
DA:5,8
DA:6,8
DA:7,8
DA:8,1
DA:9,1
DA:10,3
DA:11,3
LF:10
LH:10
BRDA:3,0,0,8
BRDA:4,1,0,3
BRDA:4,2,0,5
BRDA:5,3,0,1
BRDA:5,4,0,4
BRDA:6,5,0,5
BRDA:6,6,0,1
BRDA:6,7,0,4
BRDA:7,8,0,1
BRDA:7,9,0,1
BRDA:9,10,0,3
BRF:11
BRH:11
end_of_record
TN:
SF:src/calculate/timesDecimals.ts
FN:3,timesDecimals
FNF:1
FNH:1
FNDA:9,timesDecimals
DA:1,1
DA:3,1
DA:4,9
DA:5,9
DA:6,9
DA:7,9
DA:8,1
DA:9,1
DA:10,3
DA:11,3
LF:10
LH:10
BRDA:3,0,0,9
BRDA:4,1,0,3
BRDA:4,2,0,6
BRDA:5,3,0,1
BRDA:5,4,0,5
BRDA:6,5,0,6
BRDA:6,6,0,2
BRDA:6,7,0,4
BRDA:7,8,0,1
BRDA:7,9,0,1
BRDA:9,10,0,3
BRF:11
BRH:11
end_of_record
TN:
SF:src/contract/getRawTransaction.ts
FN:18,getRawTransaction
FNF:1
FNH:1
FNDA:14,getRawTransaction
DA:1,1
DA:18,1
DA:19,14
DA:20,14
DA:21,14
DA:22,14
DA:23,14
DA:24,14
DA:25,14
DA:26,14
DA:27,14
DA:28,14
DA:29,13
DA:30,13
DA:31,13
DA:32,14
DA:33,12
DA:34,12
DA:35,12
DA:36,13
DA:37,13
DA:38,13
DA:39,14
DA:40,2
DA:41,1
DA:42,1
DA:43,1
DA:44,1
DA:45,2
DA:46,2
DA:47,2
DA:48,2
DA:49,2
DA:50,1
DA:51,14
DA:52,14
DA:53,6
DA:54,6
DA:55,5
DA:56,5
DA:57,5
DA:58,5
DA:59,5
DA:60,5
DA:61,5
DA:62,5
DA:63,6
DA:64,4
DA:65,14
DA:66,3
DA:67,3
DA:69,1
DA:70,1
DA:71,1
DA:72,1
DA:73,1
DA:74,1
DA:75,1
DA:76,3
DA:77,1
DA:78,14
DA:79,2
DA:81,1
DA:82,1
DA:83,1
DA:84,1
DA:85,1
DA:86,1
DA:87,1
DA:88,1
DA:89,14
DA:91,7
DA:92,14
DA:93,1
DA:95,1
DA:96,1
DA:97,14
LF:77
LH:77
BRDA:18,0,0,14
BRDA:28,1,0,1
BRDA:28,2,0,13
BRDA:32,3,0,12
BRDA:33,4,0,8
BRDA:34,5,0,5
BRDA:35,6,0,13
BRDA:39,7,0,2
BRDA:40,8,0,1
BRDA:45,9,0,0
BRDA:49,10,0,1
BRDA:51,11,0,5
BRDA:52,12,0,6
BRDA:53,13,0,1
BRDA:53,14,0,5
BRDA:54,15,0,0
BRDA:54,16,0,5
BRDA:63,17,0,4
BRDA:65,18,0,3
BRDA:66,19,0,1
BRDA:66,20,0,2
BRDA:67,21,0,1
BRDA:76,22,0,1
BRDA:78,23,0,2
BRDA:79,24,0,1
BRDA:89,25,0,7
BRDA:92,26,0,1
BRF:27
BRH:25
end_of_record
TN:
SF:src/contract/getRawTransactionFairyVault.ts
FN:6,getRawTransactionFairyVault
FNF:1
FNH:1
FNDA:5,getRawTransactionFairyVault
DA:1,1
DA:6,1
DA:7,5
DA:8,5
DA:9,5
DA:10,5
DA:11,5
DA:12,5
DA:13,5
DA:14,5
DA:15,5
DA:17,5
DA:18,5
DA:19,5
DA:20,5
DA:21,5
DA:22,5
DA:24,1
DA:26,1
DA:27,1
DA:29,1
DA:30,1
DA:31,1
DA:32,1
DA:33,1
DA:34,1
DA:35,1
DA:36,1
DA:37,1
DA:38,5
DA:39,4
DA:40,4
DA:41,4
DA:42,5
LF:34
LH:34
BRDA:6,0,0,5
BRDA:22,1,0,1
BRDA:38,2,0,4
BRF:3
BRH:3
end_of_record
TN:
SF:src/contract/getRawTransactionNight.ts
FN:6,getSignature
FN:39,getRawTx
FN:54,handleTransaction
FN:114,handleTransactionParams
FN:136,getRawTransactionNight
FNF:5
FNH:5
FNDA:4,getSignature
FNDA:5,getRawTx
FNDA:5,handleTransaction
FNDA:8,handleTransactionParams
FNDA:13,getRawTransactionNight
DA:1,1
DA:6,1
DA:7,4
DA:8,4
DA:9,4
DA:10,4
DA:14,4
DA:15,4
DA:16,4
DA:17,4
DA:18,4
DA:19,4
DA:20,4
DA:21,1
DA:22,1
DA:23,2
DA:24,4
DA:25,1
DA:26,1
DA:27,1
DA:28,4
DA:39,1
DA:40,5
DA:41,5
DA:42,5
DA:43,5
DA:44,5
DA:45,5
DA:46,5
DA:47,5
DA:48,5
DA:49,5
DA:50,5
DA:51,5
DA:52,5
DA:54,1
DA:55,5
DA:56,5
DA:57,5
DA:58,5
DA:59,5
DA:60,5
DA:61,5
DA:62,5
DA:63,5
DA:65,5
DA:66,5
DA:67,5
DA:68,5
DA:69,5
DA:70,5
DA:71,5
DA:72,5
DA:73,5
DA:75,5
DA:77,5
DA:79,5
DA:80,2
DA:82,2
DA:84,2
DA:85,2
DA:86,2
DA:87,2
DA:89,2
DA:90,5
DA:91,0
DA:92,0
DA:93,2
DA:94,5
DA:95,3
DA:96,3
DA:97,5
DA:114,1
DA:115,8
DA:116,8
DA:117,8
DA:118,8
DA:119,8
DA:120,8
DA:121,6
DA:123,6
DA:125,6
DA:126,6
DA:127,6
DA:128,6
DA:129,6
DA:131,6
DA:133,6
DA:134,6
DA:136,13
DA:137,13
DA:138,13
DA:139,13
DA:140,13
DA:141,13
DA:142,13
DA:143,13
DA:144,13
DA:145,13
DA:146,13
DA:147,13
DA:149,13
DA:150,13
DA:152,13
DA:153,13
DA:154,13
DA:155,13
DA:156,13
DA:157,13
DA:159,5
DA:161,5
DA:163,5
DA:164,5
DA:165,5
DA:166,5
DA:167,5
DA:168,5
DA:169,5
DA:170,5
DA:171,5
DA:172,2
DA:173,13
DA:174,6
DA:175,6
DA:176,13
DA:178,1
LF:126
LH:124
BRDA:6,0,0,4
BRDA:19,1,0,3
BRDA:20,2,0,1
BRDA:22,3,0,2
BRDA:24,4,0,1
BRDA:39,5,0,5
BRDA:49,6,0,0
BRDA:54,7,0,5
BRDA:79,8,0,2
BRDA:82,9,0,0
BRDA:82,10,0,2
BRDA:90,11,0,0
BRDA:92,12,0,2
BRDA:94,13,0,3
BRDA:114,14,0,8
BRDA:120,15,0,6
BRDA:136,16,0,13
BRDA:157,17,0,5
BRDA:171,18,0,2
BRDA:173,19,0,6
BRF:20
BRH:17
end_of_record
TN:
SF:src/contract/getRawTransactionPortkey.ts
FN:14,getRawTransactionPortkey
FNF:1
FNH:1
FNDA:2,getRawTransactionPortkey
DA:1,1
DA:2,1
DA:14,1
DA:15,2
DA:16,2
DA:17,2
DA:18,2
DA:19,2
DA:20,2
DA:21,2
DA:22,2
DA:23,2
DA:24,2
DA:25,2
DA:26,2
DA:27,2
DA:28,2
DA:29,2
DA:30,2
DA:31,2
DA:33,1
DA:35,1
DA:36,1
DA:37,1
DA:38,1
DA:39,2
DA:40,1
LF:27
LH:27
BRDA:14,0,0,2
BRDA:31,1,0,1
BRF:2
BRH:2
end_of_record
TN:
SF:src/contract/getTxResultRetry.ts
FN:4,getAElf
FN:13,getTxResultRetry
FNF:2
FNH:2
FNDA:7,getAElf
FNDA:2,getTxResultRetry
DA:1,1
DA:4,1
DA:5,7
DA:6,7
DA:8,7
DA:9,7
DA:10,7
DA:11,7
DA:12,7
DA:13,2
DA:14,2
DA:15,2
DA:16,2
DA:17,2
DA:18,2
DA:19,2
DA:20,2
DA:21,2
DA:22,1
DA:23,1
DA:24,1
DA:25,1
DA:26,2
DA:27,1
DA:28,1
DA:29,2
LF:26
LH:26
BRDA:4,0,0,7
BRDA:5,1,0,0
BRDA:13,2,0,2
BRDA:21,3,0,1
BRDA:26,4,0,1
BRF:5
BRH:4
end_of_record
TN:
SF:src/format/formatNumberWithDecimalPlaces.ts
FN:3,formatNumberWithDecimalPlaces
FNF:1
FNH:1
FNDA:8,formatNumberWithDecimalPlaces
DA:1,1
DA:2,1
DA:3,8
DA:4,8
DA:5,8
DA:6,7
DA:7,7
LF:7
LH:7
BRDA:3,0,0,8
BRDA:5,1,0,1
BRDA:5,2,0,7
BRF:3
BRH:3
end_of_record
TN:
SF:src/format/formatPrice.ts
FN:3,formatPrice
FNF:1
FNH:1
FNDA:8,formatPrice
DA:1,1
DA:3,8
DA:4,8
DA:5,8
DA:10,8
DA:11,8
DA:12,8
DA:13,8
DA:14,8
DA:15,8
DA:16,8
DA:17,8
DA:19,8
DA:20,1
DA:21,1
DA:23,6
DA:24,6
DA:25,6
DA:26,6
LF:19
LH:19
BRDA:3,0,0,8
BRDA:15,1,0,3
BRDA:16,2,0,1
BRDA:16,3,0,7
BRDA:17,4,0,1
BRDA:17,5,0,7
BRDA:19,6,0,1
BRDA:21,7,0,6
BRF:8
BRH:8
end_of_record
TN:
SF:src/format/formatTime.ts
FN:21,formatTime
FN:29,createDuration
FNF:2
FNH:2
FNDA:3,formatTime
FNDA:3,createDuration
DA:1,1
DA:3,1
DA:21,3
DA:22,3
DA:23,3
DA:29,3
DA:30,3
DA:31,3
DA:32,3
DA:33,3
DA:34,1
DA:35,3
DA:36,1
DA:37,1
DA:38,1
DA:39,1
DA:40,3
LF:17
LH:17
BRDA:21,0,0,3
BRDA:29,1,0,3
BRDA:33,2,0,1
BRDA:35,3,0,2
BRDA:35,4,0,1
BRF:5
BRH:5
end_of_record
TN:
SF:src/is/isAElfBridge.ts
FN:4,isAElfBridge
FNF:1
FNH:1
FNDA:2,isAElfBridge
DA:4,1
DA:5,2
DA:6,2
LF:3
LH:3
BRDA:4,0,0,2
BRDA:5,1,0,1
BRF:2
BRH:2
end_of_record
TN:
SF:src/is/isELFAddress.ts
FN:3,isELFAddress
FNF:1
FNH:1
FNDA:10,isELFAddress
DA:1,1
DA:3,10
DA:4,10
DA:5,9
DA:6,9
DA:7,10
DA:8,8
DA:9,8
DA:10,10
LF:9
LH:9
BRDA:3,0,0,10
BRDA:4,1,0,1
BRDA:4,2,0,9
BRDA:7,3,0,8
BRF:4
BRH:4
end_of_record
TN:
SF:src/is/isMobileDevices.ts
FN:24,isAppleTabletOnIos13
FN:33,createMatch
FN:75,isMobile
FN:188,isMobileDevices
FNF:4
FNH:4
FNDA:39,isAppleTabletOnIos13
FNDA:25,createMatch
FNDA:25,isMobile
FNDA:24,isMobileDevices
DA:1,1
DA:2,1
DA:3,1
DA:4,1
DA:5,1
DA:6,1
DA:7,1
DA:8,1
DA:9,1
DA:10,1
DA:11,1
DA:12,1
DA:13,1
DA:14,1
DA:15,1
DA:24,1
DA:25,39
DA:26,39
DA:27,39
DA:28,2
DA:29,2
DA:31,39
DA:33,25
DA:34,25
DA:35,25
DA:75,1
DA:76,25
DA:77,25
DA:78,25
DA:79,25
DA:80,25
DA:82,25
DA:83,24
DA:84,24
DA:85,24
DA:86,24
DA:87,24
DA:88,25
DA:89,0
DA:90,1
DA:91,1
DA:92,1
DA:93,1
DA:94,1
DA:95,1
DA:96,1
DA:98,25
DA:102,25
DA:103,25
DA:104,1
DA:105,1
DA:110,25
DA:111,25
DA:112,1
DA:113,1
DA:115,25
DA:117,25
DA:118,25
DA:119,25
DA:120,25
DA:121,25
DA:122,25
DA:123,22
DA:124,3
DA:125,25
DA:126,25
DA:127,25
DA:128,22
DA:129,22
DA:130,20
DA:131,19
DA:132,7
DA:133,25
DA:134,25
DA:135,25
DA:136,25
DA:137,25
DA:138,25
DA:139,25
DA:140,25
DA:141,25
DA:142,25
DA:143,25
DA:144,25
DA:145,24
DA:146,24
DA:147,22
DA:148,25
DA:149,25
DA:150,24
DA:151,24
DA:152,22
DA:153,20
DA:154,20
DA:155,25
DA:156,25
DA:157,25
DA:158,25
DA:159,25
DA:160,25
DA:161,25
DA:162,25
DA:163,25
DA:164,25
DA:165,25
DA:166,25
DA:167,25
DA:168,25
DA:169,24
DA:170,23
DA:171,22
DA:172,21
DA:173,25
DA:174,25
DA:175,25
DA:176,25
DA:177,25
DA:179,25
DA:180,25
DA:182,25
DA:183,25
DA:185,25
DA:186,25
DA:188,1
DA:189,24
DA:190,24
DA:191,24
LF:127
LH:126
BRDA:24,0,0,39
BRDA:27,1,0,2
BRDA:28,2,0,2
BRDA:33,3,0,25
BRDA:34,4,0,1036
BRDA:75,5,0,25
BRDA:82,6,0,24
BRDA:82,7,0,24
BRDA:88,8,0,1
BRDA:88,9,0,0
BRDA:94,10,0,0
BRDA:103,11,0,1
BRDA:111,12,0,1
BRDA:119,13,0,3
BRDA:122,14,0,22
BRDA:123,15,0,20
BRDA:123,16,0,3
BRDA:127,17,0,22
BRDA:128,18,0,22
BRDA:129,19,0,20
BRDA:130,20,0,19
BRDA:131,21,0,7
BRDA:141,22,0,24
BRDA:142,23,0,24
BRDA:144,24,0,24
BRDA:145,25,0,24
BRDA:146,26,0,22
BRDA:147,27,0,20
BRDA:149,28,0,24
BRDA:151,29,0,22
BRDA:152,30,0,20
BRDA:153,31,0,20
BRDA:159,32,0,24
BRDA:168,33,0,24
BRDA:169,34,0,23
BRDA:170,35,0,22
BRDA:171,36,0,21
BRDA:180,37,0,18
BRDA:180,38,0,12
BRDA:180,39,0,11
BRDA:182,40,0,22
BRDA:182,41,0,20
BRDA:183,42,0,22
BRDA:183,43,0,19
BRDA:188,44,0,24
BRDA:190,45,0,18
BRF:46
BRH:44
end_of_record
TN:
SF:src/is/isPortkeyApp.ts
FN:1,isPortkeyApp
FNF:1
FNH:1
FNDA:8,isPortkeyApp
DA:1,1
DA:2,8
DA:3,1
DA:4,8
DA:5,7
DA:6,7
DA:7,8
LF:7
LH:7
BRDA:1,0,0,8
BRDA:2,1,0,1
BRDA:4,2,0,7
BRDA:5,3,0,6
BRDA:5,4,0,5
BRDA:5,5,0,6
BRF:6
BRH:6
end_of_record
TN:
SF:src/is/isPrivateKey.ts
FN:1,isPrivateKey
FNF:1
FNH:1
FNDA:9,isPrivateKey
DA:1,1
DA:2,9
DA:3,9
DA:4,5
DA:5,5
DA:6,9
DA:7,1
DA:8,1
DA:9,4
DA:10,4
LF:10
LH:10
BRDA:1,0,0,9
BRDA:3,1,0,6
BRDA:3,2,0,5
BRDA:6,3,0,1
BRDA:8,4,0,4
BRF:5
BRH:5
end_of_record
TN:
SF:src/utility/Loading.tsx
FN:3,<instance_members_initializer>
FN:8,Loading
FN:12,createContainer
FN:20,renderLoading
FN:26,show
FN:30,hide
FNF:6
FNH:6
FNDA:4,<instance_members_initializer>
FNDA:4,Loading
FNDA:8,createContainer
FNDA:8,renderLoading
FNDA:3,show
FNDA:5,hide
DA:1,1
DA:3,1
DA:4,4
DA:5,4
DA:6,4
DA:8,4
DA:9,4
DA:10,4
DA:12,4
DA:13,8
DA:14,5
DA:15,5
DA:16,5
DA:17,5
DA:18,8
DA:20,4
DA:21,8
DA:23,8
DA:24,8
DA:26,4
DA:27,3
DA:28,3
DA:30,4
DA:31,5
DA:32,5
DA:33,5
DA:34,5
DA:35,5
DA:36,5
DA:37,5
DA:38,5
DA:39,4
LF:32
LH:32
BRDA:3,0,0,4
BRDA:8,1,0,4
BRDA:12,2,0,8
BRDA:13,3,0,5
BRDA:20,4,0,8
BRDA:23,5,0,3
BRDA:23,6,0,5
BRDA:26,7,0,3
BRDA:30,8,0,5
BRF:9
BRH:9
end_of_record
TN:
SF:src/utility/sleep.ts
FN:1,sleep
FNF:1
FNH:1
FNDA:1,sleep
DA:1,1
DA:2,1
DA:3,1
LF:3
LH:3
BRDA:1,0,0,1
BRDA:2,1,0,1
BRF:2
BRH:2
end_of_record
