TN:
SF:src/address/addPrefixSuffix.ts
FN:1,addPrefixSuffix
FNF:1
FNH:1
FNDA:5,addPrefixSuffix
DA:1,5
DA:2,5
DA:3,4
DA:4,4
DA:5,5
DA:6,5
DA:7,4
DA:8,4
DA:9,4
DA:10,4
DA:11,4
DA:12,4
DA:13,4
LF:13
LH:13
BRDA:1,0,0,5
BRDA:2,1,0,1
BRDA:2,2,0,4
BRDA:5,3,0,1
BRDA:5,4,0,3
BRDA:6,5,0,4
BRF:6
BRH:6
end_of_record
TN:
SF:src/address/decodeAddress.ts
FN:2,decodeAddress
FNF:1
FNH:1
FNDA:6,decodeAddress
DA:1,1
DA:2,1
DA:3,6
DA:4,6
DA:5,6
DA:6,6
DA:7,2
DA:8,2
DA:10,1
DA:11,1
DA:12,2
DA:13,2
DA:14,2
DA:15,2
DA:16,6
DA:17,1
DA:18,1
DA:19,6
LF:18
LH:18
BRDA:2,0,0,6
BRDA:4,1,0,1
BRDA:4,2,0,5
BRDA:5,3,0,1
BRDA:5,4,0,4
BRDA:6,5,0,2
BRDA:8,6,0,1
BRDA:16,7,0,1
BRF:8
BRH:8
end_of_record
TN:
SF:src/address/getOriginalAddress.ts
FN:1,getOriginalAddress
FNF:1
FNH:1
FNDA:6,getOriginalAddress
DA:1,6
DA:2,6
DA:3,6
DA:4,1
DA:5,1
DA:6,3
DA:7,3
LF:7
LH:7
BRDA:1,0,0,6
BRDA:2,1,0,2
BRDA:2,2,0,4
BRDA:3,3,0,1
BRDA:5,4,0,3
BRF:5
BRH:5
end_of_record
TN:
SF:src/calculate/divDecimals.ts
FN:3,divDecimals
FNF:1
FNH:1
FNDA:8,divDecimals
DA:1,1
DA:3,1
DA:4,8
DA:5,8
DA:6,8
DA:7,8
DA:8,1
DA:9,1
DA:10,3
DA:11,3
LF:10
LH:10
BRDA:3,0,0,8
BRDA:4,1,0,3
BRDA:4,2,0,5
BRDA:5,3,0,1
BRDA:5,4,0,4
BRDA:6,5,0,5
BRDA:6,6,0,1
BRDA:6,7,0,4
BRDA:7,8,0,1
BRDA:7,9,0,1
BRDA:9,10,0,3
BRF:11
BRH:11
end_of_record
TN:
SF:src/calculate/index.ts
FNF:0
FNH:0
DA:1,1
DA:2,1
LF:2
LH:2
BRF:0
BRH:0
end_of_record
TN:
SF:src/calculate/timesDecimals.ts
FN:3,timesDecimals
FNF:1
FNH:1
FNDA:11,timesDecimals
DA:1,1
DA:3,1
DA:4,11
DA:5,11
DA:6,11
DA:7,11
DA:8,1
DA:9,1
DA:10,5
DA:11,5
LF:10
LH:10
BRDA:3,0,0,11
BRDA:4,1,0,3
BRDA:4,2,0,8
BRDA:5,3,0,1
BRDA:5,4,0,7
BRDA:6,5,0,8
BRDA:6,6,0,2
BRDA:6,7,0,6
BRDA:7,8,0,1
BRDA:7,9,0,1
BRDA:9,10,0,5
BRF:11
BRH:11
end_of_record
TN:
SF:src/contract/getRawTransaction.ts
FN:16,getRawTransaction
FNF:1
FNH:1
FNDA:5,getRawTransaction
DA:1,1
DA:16,1
DA:17,5
DA:18,5
DA:19,5
DA:20,5
DA:21,5
DA:22,5
DA:23,5
DA:24,5
DA:25,5
DA:27,4
DA:29,4
DA:30,4
DA:31,5
DA:32,1
DA:33,1
DA:34,1
DA:35,1
DA:36,1
DA:37,1
DA:38,1
DA:39,1
DA:40,1
DA:41,1
DA:42,1
DA:43,5
DA:44,2
DA:45,2
DA:46,2
DA:47,2
DA:48,2
DA:49,2
DA:50,2
DA:51,2
DA:52,2
DA:53,1
DA:54,5
DA:55,1
DA:56,1
DA:57,1
DA:58,1
DA:59,1
DA:60,1
DA:61,1
DA:62,1
DA:63,1
DA:64,5
DA:66,3
DA:67,5
DA:68,1
DA:70,1
DA:71,1
DA:72,5
LF:54
LH:54
BRDA:16,0,0,5
BRDA:25,1,0,1
BRDA:25,2,0,4
BRDA:31,3,0,1
BRDA:32,4,0,0
BRDA:37,5,0,0
BRDA:43,6,0,2
BRDA:44,7,0,0
BRDA:52,8,0,1
BRDA:54,9,0,1
BRDA:55,10,0,0
BRDA:64,11,0,3
BRDA:67,12,0,1
BRF:13
BRH:9
end_of_record
TN:
SF:src/contract/getRawTransactionNight.ts
FN:11,getRawTransactionNight
FNF:1
FNH:1
FNDA:2,getRawTransactionNight
DA:1,1
DA:11,2
DA:12,2
DA:13,2
DA:14,2
DA:15,2
DA:16,2
DA:17,2
DA:18,2
DA:19,2
DA:20,2
DA:21,2
DA:22,2
DA:23,1
DA:24,1
DA:25,1
DA:27,1
LF:17
LH:17
BRDA:11,0,0,2
BRDA:22,1,0,1
BRF:2
BRH:2
end_of_record
TN:
SF:src/contract/getRawTransactionPortkey.ts
FN:14,getRawTransactionPortkey
FNF:1
FNH:1
FNDA:2,getRawTransactionPortkey
DA:1,1
DA:2,1
DA:14,1
DA:15,2
DA:16,2
DA:17,2
DA:18,2
DA:19,2
DA:20,2
DA:21,2
DA:22,2
DA:23,2
DA:24,2
DA:25,2
DA:26,2
DA:27,2
DA:28,2
DA:29,2
DA:30,2
DA:31,2
DA:33,1
DA:35,1
DA:36,1
DA:37,1
DA:38,1
DA:39,2
DA:40,1
LF:27
LH:27
BRDA:14,0,0,2
BRDA:31,1,0,1
BRF:2
BRH:2
end_of_record
TN:
SF:src/contract/getTxResultRetry.ts
FN:4,getAElf
FN:13,getTxResultRetry
FNF:2
FNH:2
FNDA:7,getAElf
FNDA:2,getTxResultRetry
DA:1,1
DA:4,1
DA:5,7
DA:6,7
DA:8,7
DA:9,7
DA:10,7
DA:11,7
DA:12,7
DA:13,2
DA:14,2
DA:15,2
DA:16,2
DA:17,2
DA:18,2
DA:19,2
DA:20,2
DA:21,2
DA:22,1
DA:23,1
DA:24,1
DA:25,1
DA:26,2
DA:27,1
DA:28,1
DA:29,2
LF:26
LH:26
BRDA:4,0,0,7
BRDA:5,1,0,0
BRDA:13,2,0,2
BRDA:21,3,0,1
BRDA:26,4,0,1
BRF:5
BRH:4
end_of_record
TN:
SF:src/contract/useCheckAllowanceAndApprove.ts
FN:23,useCheckAllowanceAndApprove
FNF:1
FNH:1
FNDA:6,useCheckAllowanceAndApprove
DA:1,1
DA:23,1
DA:24,6
DA:25,6
DA:26,6
DA:27,6
DA:28,6
DA:29,6
DA:30,6
DA:37,6
DA:38,6
DA:39,6
DA:41,6
DA:42,3
DA:43,3
DA:44,3
DA:46,3
DA:47,3
DA:48,3
DA:49,3
DA:50,3
DA:51,3
DA:52,3
DA:53,3
DA:54,3
DA:55,3
DA:56,3
DA:57,3
DA:58,3
DA:59,3
DA:60,3
DA:61,3
DA:62,3
DA:63,3
DA:64,3
DA:65,3
DA:67,3
DA:68,3
DA:70,3
DA:71,1
DA:73,1
DA:80,1
DA:81,1
DA:82,1
DA:83,1
DA:84,1
DA:85,1
DA:86,1
DA:87,1
DA:88,1
DA:89,1
DA:90,1
DA:91,1
DA:92,1
DA:93,1
DA:94,1
DA:95,3
DA:96,3
DA:97,3
DA:98,6
DA:99,6
DA:100,6
DA:101,6
DA:102,6
DA:103,6
DA:104,6
DA:105,6
DA:106,6
DA:107,6
DA:109,6
DA:110,6
LF:71
LH:71
BRDA:23,0,0,6
BRDA:41,1,0,3
BRDA:65,2,0,2
BRDA:67,3,0,1
BRDA:67,4,0,1
BRDA:68,5,0,1
BRDA:70,6,0,1
BRDA:95,7,0,0
BRF:8
BRH:7
end_of_record
TN:
SF:src/contract/useGetBalance.ts
FN:5,useGetBalance
FNF:1
FNH:1
FNDA:2,useGetBalance
DA:1,1
DA:5,1
DA:6,2
DA:7,2
DA:8,2
DA:9,2
DA:10,2
DA:15,2
DA:16,2
DA:17,2
DA:19,2
DA:20,1
DA:21,1
DA:22,1
DA:23,1
DA:24,1
DA:25,1
DA:26,1
DA:27,1
DA:28,1
DA:29,1
DA:30,1
DA:31,1
DA:32,1
DA:33,0
DA:34,1
DA:35,1
DA:36,1
DA:37,2
DA:39,2
DA:40,2
LF:31
LH:30
BRDA:5,0,0,2
BRDA:19,1,0,1
BRDA:32,2,0,0
BRF:3
BRH:2
end_of_record
TN:
SF:src/format/formatNumberWithDecimalPlaces.ts
FN:3,formatNumberWithDecimalPlaces
FNF:1
FNH:1
FNDA:8,formatNumberWithDecimalPlaces
DA:1,1
DA:2,1
DA:3,8
DA:4,8
DA:5,8
DA:6,7
DA:7,7
LF:7
LH:7
BRDA:3,0,0,8
BRDA:5,1,0,1
BRDA:5,2,0,7
BRF:3
BRH:3
end_of_record
TN:
SF:src/format/formatPrice.ts
FN:3,formatPrice
FNF:1
FNH:1
FNDA:8,formatPrice
DA:1,1
DA:3,8
DA:4,8
DA:5,8
DA:10,8
DA:11,8
DA:12,8
DA:13,8
DA:14,8
DA:15,8
DA:16,8
DA:17,8
DA:19,8
DA:20,1
DA:21,1
DA:23,6
DA:24,6
DA:25,6
DA:26,6
LF:19
LH:19
BRDA:3,0,0,8
BRDA:15,1,0,3
BRDA:16,2,0,1
BRDA:16,3,0,7
BRDA:17,4,0,1
BRDA:17,5,0,7
BRDA:19,6,0,1
BRDA:21,7,0,6
BRF:8
BRH:8
end_of_record
TN:
SF:src/format/formatTime.ts
FN:21,formatTime
FN:29,createDuration
FNF:2
FNH:2
FNDA:3,formatTime
FNDA:3,createDuration
DA:1,1
DA:3,1
DA:21,3
DA:22,3
DA:23,3
DA:29,3
DA:30,3
DA:31,3
DA:32,3
DA:33,3
DA:34,1
DA:35,3
DA:36,1
DA:37,1
DA:38,1
DA:39,1
DA:40,3
LF:17
LH:17
BRDA:21,0,0,3
BRDA:29,1,0,3
BRDA:33,2,0,1
BRDA:35,3,0,2
BRDA:35,4,0,1
BRF:5
BRH:5
end_of_record
TN:
SF:src/is/isAElfBridge.ts
FN:4,isAElfBridge
FNF:1
FNH:1
FNDA:2,isAElfBridge
DA:4,1
DA:5,2
DA:6,2
LF:3
LH:3
BRDA:4,0,0,2
BRDA:5,1,0,1
BRF:2
BRH:2
end_of_record
TN:
SF:src/is/isELFAddress.ts
FN:3,isELFAddress
FNF:1
FNH:1
FNDA:3,isELFAddress
DA:1,1
DA:3,3
DA:4,3
DA:5,2
DA:6,2
DA:7,3
DA:8,1
DA:9,1
DA:10,3
LF:9
LH:9
BRDA:3,0,0,3
BRDA:4,1,0,1
BRDA:4,2,0,2
BRDA:7,3,0,1
BRF:4
BRH:4
end_of_record
TN:
SF:src/is/isMobileDevices.ts
FN:24,isAppleTabletOnIos13
FN:33,createMatch
FN:75,isMobile
FN:188,isMobileDevices
FNF:4
FNH:4
FNDA:2,isAppleTabletOnIos13
FNDA:2,createMatch
FNDA:2,isMobile
FNDA:2,isMobileDevices
DA:1,1
DA:2,1
DA:3,1
DA:4,1
DA:5,1
DA:6,1
DA:7,1
DA:8,1
DA:9,1
DA:10,1
DA:11,1
DA:12,1
DA:13,1
DA:14,1
DA:15,1
DA:24,1
DA:25,2
DA:26,2
DA:27,2
DA:28,0
DA:29,0
DA:31,2
DA:33,2
DA:34,2
DA:35,2
DA:75,1
DA:76,2
DA:77,2
DA:78,2
DA:79,2
DA:80,2
DA:82,2
DA:83,2
DA:84,2
DA:85,2
DA:86,2
DA:87,2
DA:88,2
DA:89,0
DA:90,0
DA:91,0
DA:92,0
DA:93,0
DA:94,0
DA:95,0
DA:96,0
DA:98,2
DA:102,2
DA:103,2
DA:104,0
DA:105,0
DA:110,2
DA:111,2
DA:112,0
DA:113,0
DA:115,2
DA:117,2
DA:118,2
DA:119,2
DA:120,2
DA:121,2
DA:122,2
DA:123,1
DA:124,0
DA:125,2
DA:126,2
DA:127,2
DA:128,1
DA:129,1
DA:130,1
DA:131,1
DA:132,1
DA:133,2
DA:134,2
DA:135,2
DA:136,2
DA:137,2
DA:138,2
DA:139,2
DA:140,2
DA:141,2
DA:142,2
DA:143,2
DA:144,2
DA:145,2
DA:146,2
DA:147,2
DA:148,2
DA:149,2
DA:150,2
DA:151,2
DA:152,2
DA:153,2
DA:154,2
DA:155,2
DA:156,2
DA:157,2
DA:158,2
DA:159,2
DA:160,2
DA:161,2
DA:162,2
DA:163,2
DA:164,2
DA:165,2
DA:166,2
DA:167,2
DA:168,2
DA:169,2
DA:170,2
DA:171,2
DA:172,2
DA:173,2
DA:174,2
DA:175,2
DA:176,2
DA:177,2
DA:179,2
DA:180,2
DA:182,2
DA:183,2
DA:185,2
DA:186,2
DA:188,1
DA:189,2
DA:190,2
DA:191,2
LF:127
LH:112
BRDA:24,0,0,2
BRDA:27,1,0,0
BRDA:28,2,0,0
BRDA:33,3,0,2
BRDA:34,4,0,84
BRDA:75,5,0,2
BRDA:88,6,0,0
BRDA:103,7,0,0
BRDA:111,8,0,0
BRDA:119,9,0,1
BRDA:122,10,0,1
BRDA:123,11,0,0
BRDA:127,12,0,1
BRDA:128,13,0,1
BRDA:129,14,0,1
BRDA:130,15,0,1
BRDA:131,16,0,1
BRDA:180,17,0,1
BRDA:180,18,0,1
BRDA:180,19,0,1
BRDA:182,20,0,1
BRDA:182,21,0,1
BRDA:188,22,0,2
BRDA:190,23,0,1
BRF:24
BRH:18
end_of_record
TN:
SF:src/is/isPortkeyApp.ts
FN:1,isPortkeyApp
FNF:1
FNH:1
FNDA:2,isPortkeyApp
DA:1,1
DA:2,2
DA:3,0
DA:4,2
DA:5,2
DA:6,2
DA:7,2
LF:7
LH:6
BRDA:1,0,0,2
BRDA:2,1,0,0
BRF:2
BRH:1
end_of_record
TN:
SF:src/is/isPrivateKey.ts
FN:1,isPrivateKey
FNF:1
FNH:1
FNDA:3,isPrivateKey
DA:1,1
DA:2,3
DA:3,3
DA:4,2
DA:5,2
DA:6,3
DA:7,1
DA:8,1
DA:9,1
DA:10,1
LF:10
LH:10
BRDA:1,0,0,3
BRDA:3,1,0,2
BRDA:3,2,0,2
BRDA:6,3,0,1
BRF:4
BRH:4
end_of_record
TN:
SF:src/utility/Loading.tsx
FN:3,<instance_members_initializer>
FN:8,Loading
FN:12,createContainer
FN:20,renderLoading
FN:26,show
FN:30,hide
FNF:6
FNH:6
FNDA:4,<instance_members_initializer>
FNDA:4,Loading
FNDA:4,createContainer
FNDA:4,renderLoading
FNDA:3,show
FNDA:1,hide
DA:1,1
DA:3,4
DA:4,4
DA:5,4
DA:6,4
DA:8,4
DA:9,4
DA:10,4
DA:12,4
DA:13,4
DA:14,3
DA:15,3
DA:16,3
DA:17,3
DA:18,4
DA:20,4
DA:21,4
DA:23,4
DA:24,4
DA:26,4
DA:27,3
DA:28,3
DA:30,4
DA:31,1
DA:32,1
DA:33,1
DA:34,1
DA:35,1
DA:36,1
DA:37,1
DA:38,1
DA:39,4
LF:32
LH:32
BRDA:3,0,0,4
BRDA:8,1,0,4
BRDA:12,2,0,4
BRDA:13,3,0,3
BRDA:20,4,0,4
BRDA:23,5,0,3
BRDA:23,6,0,1
BRDA:26,7,0,3
BRDA:30,8,0,1
BRF:9
BRH:9
end_of_record
TN:
SF:src/utility/sleep.ts
FN:1,sleep
FNF:1
FNH:1
FNDA:1,sleep
DA:1,1
DA:2,1
DA:3,1
LF:3
LH:3
BRDA:1,0,0,1
BRDA:2,1,0,1
BRF:2
BRH:2
end_of_record
