{"total": {"lines":{"total":56,"covered":45,"skipped":0,"pct":80.35},"statements":{"total":58,"covered":46,"skipped":0,"pct":79.31},"functions":{"total":16,"covered":11,"skipped":0,"pct":68.75},"branches":{"total":22,"covered":18,"skipped":0,"pct":81.81},"branchesTrue":{"total":0,"covered":0,"skipped":0,"pct":"Unknown"}}
,"/Users/aelf/Documents/Projects/aelf/aelf-web-login/packages/react/src/context.tsx": {"lines":{"total":12,"covered":10,"skipped":0,"pct":83.33},"functions":{"total":3,"covered":2,"skipped":0,"pct":66.66},"statements":{"total":12,"covered":10,"skipped":0,"pct":83.33},"branches":{"total":6,"covered":5,"skipped":0,"pct":83.33}}
,"/Users/aelf/Documents/Projects/aelf/aelf-web-login/packages/react/src/init.ts": {"lines":{"total":18,"covered":16,"skipped":0,"pct":88.88},"functions":{"total":4,"covered":3,"skipped":0,"pct":75},"statements":{"total":18,"covered":16,"skipped":0,"pct":88.88},"branches":{"total":10,"covered":8,"skipped":0,"pct":80}}
,"/Users/aelf/Documents/Projects/aelf/aelf-web-login/packages/react/src/useConnectWallet.tsx": {"lines":{"total":18,"covered":11,"skipped":0,"pct":61.11},"functions":{"total":4,"covered":2,"skipped":0,"pct":50},"statements":{"total":18,"covered":11,"skipped":0,"pct":61.11},"branches":{"total":6,"covered":5,"skipped":0,"pct":83.33}}
,"/Users/aelf/Documents/Projects/aelf/aelf-web-login/packages/react/src/useExternalStore.tsx": {"lines":{"total":8,"covered":8,"skipped":0,"pct":100},"functions":{"total":5,"covered":4,"skipped":0,"pct":80},"statements":{"total":10,"covered":9,"skipped":0,"pct":90},"branches":{"total":0,"covered":0,"skipped":0,"pct":100}}
}
