{"total": {"lines":{"total":56,"covered":54,"skipped":0,"pct":96.42},"statements":{"total":58,"covered":56,"skipped":0,"pct":96.55},"functions":{"total":11,"covered":11,"skipped":0,"pct":100},"branches":{"total":16,"covered":16,"skipped":0,"pct":100},"branchesTrue":{"total":0,"covered":0,"skipped":0,"pct":"Unknown"}}
,"/Users/liuxiyang/work/code/aelf-web-login/packages/bridge/src/mountApp.tsx": {"lines":{"total":3,"covered":3,"skipped":0,"pct":100},"functions":{"total":2,"covered":2,"skipped":0,"pct":100},"statements":{"total":3,"covered":3,"skipped":0,"pct":100},"branches":{"total":0,"covered":0,"skipped":0,"pct":100}}
,"/Users/liuxiyang/work/code/aelf-web-login/packages/bridge/src/useLockCallback.ts": {"lines":{"total":10,"covered":10,"skipped":0,"pct":100},"functions":{"total":2,"covered":2,"skipped":0,"pct":100},"statements":{"total":11,"covered":11,"skipped":0,"pct":100},"branches":{"total":2,"covered":2,"skipped":0,"pct":100}}
,"/Users/liuxiyang/work/code/aelf-web-login/packages/bridge/src/useVerifier.ts": {"lines":{"total":25,"covered":25,"skipped":0,"pct":100},"functions":{"total":5,"covered":5,"skipped":0,"pct":100},"statements":{"total":26,"covered":26,"skipped":0,"pct":100},"branches":{"total":8,"covered":8,"skipped":0,"pct":100}}
,"/Users/liuxiyang/work/code/aelf-web-login/packages/bridge/src/utils.ts": {"lines":{"total":18,"covered":16,"skipped":0,"pct":88.88},"functions":{"total":2,"covered":2,"skipped":0,"pct":100},"statements":{"total":18,"covered":16,"skipped":0,"pct":88.88},"branches":{"total":6,"covered":6,"skipped":0,"pct":100}}
}
