{"/home/runner/work/aelf-web-login/aelf-web-login/packages/react/src/context.tsx": {"path":"/home/runner/work/aelf-web-login/aelf-web-login/packages/react/src/context.tsx","all":false,"statementMap":{"0":{"start":{"line":1,"column":0},"end":{"line":1,"column":81}},"4":{"start":{"line":5,"column":0},"end":{"line":5,"column":26}},"5":{"start":{"line":6,"column":0},"end":{"line":6,"column":82}},"7":{"start":{"line":8,"column":0},"end":{"line":8,"column":83}},"8":{"start":{"line":9,"column":0},"end":{"line":9,"column":19}},"9":{"start":{"line":10,"column":0},"end":{"line":10,"column":2}},"11":{"start":{"line":12,"column":0},"end":{"line":12,"column":31}},"13":{"start":{"line":14,"column":0},"end":{"line":14,"column":50}},"14":{"start":{"line":15,"column":0},"end":{"line":15,"column":54}},"16":{"start":{"line":17,"column":0},"end":{"line":17,"column":19}},"17":{"start":{"line":18,"column":0},"end":{"line":18,"column":40}},"18":{"start":{"line":19,"column":0},"end":{"line":19,"column":3}},"20":{"start":{"line":21,"column":0},"end":{"line":21,"column":19}},"21":{"start":{"line":22,"column":0},"end":{"line":22,"column":1}},"32":{"start":{"line":33,"column":0},"end":{"line":33,"column":68}},"33":{"start":{"line":34,"column":0},"end":{"line":34,"column":11}},"34":{"start":{"line":35,"column":0},"end":{"line":35,"column":12}},"35":{"start":{"line":36,"column":0},"end":{"line":36,"column":9}},"36":{"start":{"line":37,"column":0},"end":{"line":37,"column":7}},"37":{"start":{"line":38,"column":0},"end":{"line":38,"column":57}},"38":{"start":{"line":39,"column":0},"end":{"line":39,"column":59}},"39":{"start":{"line":40,"column":0},"end":{"line":40,"column":24}},"40":{"start":{"line":41,"column":0},"end":{"line":41,"column":4}},"42":{"start":{"line":43,"column":0},"end":{"line":43,"column":24}},"43":{"start":{"line":44,"column":0},"end":{"line":44,"column":16}},"44":{"start":{"line":45,"column":0},"end":{"line":45,"column":3}},"45":{"start":{"line":46,"column":0},"end":{"line":46,"column":39}},"47":{"start":{"line":48,"column":0},"end":{"line":48,"column":10}},"48":{"start":{"line":49,"column":0},"end":{"line":49,"column":53}},"49":{"start":{"line":50,"column":0},"end":{"line":50,"column":27}},"50":{"start":{"line":51,"column":0},"end":{"line":51,"column":31}},"52":{"start":{"line":53,"column":0},"end":{"line":53,"column":2}}},"s":{"0":1,"4":1,"5":1,"7":1,"8":1,"9":1,"11":1,"13":1,"14":2,"16":2,"17":0,"18":0,"20":2,"21":2,"32":1,"33":5,"34":5,"35":5,"36":5,"37":5,"38":5,"39":5,"40":5,"42":5,"43":1,"44":1,"45":4,"47":4,"48":4,"49":4,"50":4,"52":4},"branchMap":{"0":{"type":"branch","line":14,"loc":{"start":{"line":14,"column":7},"end":{"line":22,"column":1}},"locations":[{"start":{"line":14,"column":7},"end":{"line":22,"column":1}}]},"1":{"type":"branch","line":17,"loc":{"start":{"line":17,"column":18},"end":{"line":19,"column":3}},"locations":[{"start":{"line":17,"column":18},"end":{"line":19,"column":3}}]},"2":{"type":"branch","line":33,"loc":{"start":{"line":33,"column":66},"end":{"line":53,"column":2}},"locations":[{"start":{"line":33,"column":66},"end":{"line":53,"column":2}}]},"3":{"type":"branch","line":43,"loc":{"start":{"line":43,"column":23},"end":{"line":45,"column":3}},"locations":[{"start":{"line":43,"column":23},"end":{"line":45,"column":3}}]},"4":{"type":"branch","line":45,"loc":{"start":{"line":45,"column":2},"end":{"line":53,"column":2}},"locations":[{"start":{"line":45,"column":2},"end":{"line":53,"column":2}}]},"5":{"type":"branch","line":39,"loc":{"start":{"line":39,"column":4},"end":{"line":39,"column":59}},"locations":[{"start":{"line":39,"column":4},"end":{"line":39,"column":59}}]},"6":{"type":"branch","line":39,"loc":{"start":{"line":39,"column":10},"end":{"line":39,"column":59}},"locations":[{"start":{"line":39,"column":10},"end":{"line":39,"column":59}}]},"7":{"type":"branch","line":39,"loc":{"start":{"line":39,"column":24},"end":{"line":39,"column":48}},"locations":[{"start":{"line":39,"column":24},"end":{"line":39,"column":48}}]},"8":{"type":"branch","line":39,"loc":{"start":{"line":39,"column":44},"end":{"line":39,"column":59}},"locations":[{"start":{"line":39,"column":44},"end":{"line":39,"column":59}}]}},"b":{"0":[2],"1":[0],"2":[5],"3":[1],"4":[4],"5":[5],"6":[4],"7":[3],"8":[1]},"fnMap":{"0":{"name":"useWebLoginContext","decl":{"start":{"line":14,"column":7},"end":{"line":22,"column":1}},"loc":{"start":{"line":14,"column":7},"end":{"line":22,"column":1}},"line":14},"1":{"name":"WebLoginProvider","decl":{"start":{"line":33,"column":66},"end":{"line":53,"column":2}},"loc":{"start":{"line":33,"column":66},"end":{"line":53,"column":2}},"line":33}},"f":{"0":2,"1":5}}
,"/home/runner/work/aelf-web-login/aelf-web-login/packages/react/src/index.tsx": {"path":"/home/runner/work/aelf-web-login/aelf-web-login/packages/react/src/index.tsx","all":false,"statementMap":{"0":{"start":{"line":1,"column":0},"end":{"line":1,"column":26}}},"s":{"0":1},"branchMap":{},"b":{},"fnMap":{},"f":{}}
,"/home/runner/work/aelf-web-login/aelf-web-login/packages/react/src/init.ts": {"path":"/home/runner/work/aelf-web-login/aelf-web-login/packages/react/src/init.ts","all":false,"statementMap":{"0":{"start":{"line":1,"column":0},"end":{"line":1,"column":93}},"3":{"start":{"line":4,"column":0},"end":{"line":4,"column":53}},"5":{"start":{"line":6,"column":0},"end":{"line":6,"column":73}},"6":{"start":{"line":7,"column":0},"end":{"line":7,"column":22}},"7":{"start":{"line":8,"column":0},"end":{"line":8,"column":49}},"8":{"start":{"line":9,"column":0},"end":{"line":9,"column":67}},"9":{"start":{"line":10,"column":0},"end":{"line":10,"column":3}},"10":{"start":{"line":11,"column":0},"end":{"line":11,"column":53}},"11":{"start":{"line":12,"column":0},"end":{"line":12,"column":36}},"12":{"start":{"line":13,"column":0},"end":{"line":13,"column":48}},"13":{"start":{"line":14,"column":0},"end":{"line":14,"column":13}},"14":{"start":{"line":15,"column":0},"end":{"line":15,"column":5}},"16":{"start":{"line":17,"column":0},"end":{"line":17,"column":71}},"17":{"start":{"line":18,"column":0},"end":{"line":18,"column":75}},"19":{"start":{"line":20,"column":0},"end":{"line":20,"column":54}},"20":{"start":{"line":21,"column":0},"end":{"line":21,"column":32}},"21":{"start":{"line":22,"column":0},"end":{"line":22,"column":27}},"22":{"start":{"line":23,"column":0},"end":{"line":23,"column":40}},"23":{"start":{"line":24,"column":0},"end":{"line":24,"column":43}},"25":{"start":{"line":26,"column":0},"end":{"line":26,"column":5}},"26":{"start":{"line":27,"column":0},"end":{"line":27,"column":3}},"28":{"start":{"line":29,"column":0},"end":{"line":29,"column":26}},"29":{"start":{"line":30,"column":0},"end":{"line":30,"column":45}},"30":{"start":{"line":31,"column":0},"end":{"line":31,"column":24}},"31":{"start":{"line":32,"column":0},"end":{"line":32,"column":2}},"33":{"start":{"line":34,"column":0},"end":{"line":34,"column":20}}},"s":{"0":1,"3":1,"5":6,"6":4,"7":4,"8":4,"9":4,"10":6,"11":6,"12":6,"13":0,"14":0,"16":6,"17":6,"19":6,"20":6,"21":6,"22":6,"23":6,"25":6,"26":6,"28":6,"29":6,"30":6,"31":6,"33":1},"branchMap":{"0":{"type":"branch","line":4,"loc":{"start":{"line":4,"column":13},"end":{"line":32,"column":2}},"locations":[{"start":{"line":4,"column":13},"end":{"line":32,"column":2}}]},"1":{"type":"branch","line":6,"loc":{"start":{"line":6,"column":25},"end":{"line":6,"column":72}},"locations":[{"start":{"line":6,"column":25},"end":{"line":6,"column":72}}]},"2":{"type":"branch","line":6,"loc":{"start":{"line":6,"column":72},"end":{"line":10,"column":3}},"locations":[{"start":{"line":6,"column":72},"end":{"line":10,"column":3}}]},"3":{"type":"branch","line":9,"loc":{"start":{"line":9,"column":65},"end":{"line":9,"column":67}},"locations":[{"start":{"line":9,"column":65},"end":{"line":9,"column":67}}]},"4":{"type":"branch","line":12,"loc":{"start":{"line":12,"column":2},"end":{"line":27,"column":3}},"locations":[{"start":{"line":12,"column":2},"end":{"line":27,"column":3}}]},"5":{"type":"branch","line":13,"loc":{"start":{"line":13,"column":47},"end":{"line":15,"column":5}},"locations":[{"start":{"line":13,"column":47},"end":{"line":15,"column":5}}]}},"b":{"0":[6],"1":[4],"2":[4],"3":[4],"4":[6],"5":[0]},"fnMap":{"0":{"name":"init","decl":{"start":{"line":4,"column":13},"end":{"line":32,"column":2}},"loc":{"start":{"line":4,"column":13},"end":{"line":32,"column":2}},"line":4},"1":{"name":"initScriptAndMountApp","decl":{"start":{"line":12,"column":2},"end":{"line":27,"column":3}},"loc":{"start":{"line":12,"column":2},"end":{"line":27,"column":3}},"line":12}},"f":{"0":6,"1":6}}
,"/home/runner/work/aelf-web-login/aelf-web-login/packages/react/src/useConnectWallet.tsx": {"path":"/home/runner/work/aelf-web-login/aelf-web-login/packages/react/src/useConnectWallet.tsx","all":false,"statementMap":{"0":{"start":{"line":1,"column":0},"end":{"line":1,"column":57}},"5":{"start":{"line":6,"column":0},"end":{"line":6,"column":45}},"6":{"start":{"line":7,"column":0},"end":{"line":7,"column":55}},"8":{"start":{"line":9,"column":0},"end":{"line":9,"column":47}},"9":{"start":{"line":10,"column":0},"end":{"line":10,"column":50}},"11":{"start":{"line":12,"column":0},"end":{"line":12,"column":29}},"12":{"start":{"line":13,"column":0},"end":{"line":13,"column":44}},"13":{"start":{"line":14,"column":0},"end":{"line":14,"column":44}},"14":{"start":{"line":15,"column":0},"end":{"line":15,"column":98}},"15":{"start":{"line":16,"column":0},"end":{"line":16,"column":25}},"16":{"start":{"line":17,"column":0},"end":{"line":17,"column":9}},"17":{"start":{"line":18,"column":0},"end":{"line":18,"column":12}},"18":{"start":{"line":19,"column":0},"end":{"line":19,"column":15}},"19":{"start":{"line":20,"column":0},"end":{"line":20,"column":9}},"20":{"start":{"line":21,"column":0},"end":{"line":21,"column":24}},"21":{"start":{"line":22,"column":0},"end":{"line":22,"column":29}},"22":{"start":{"line":23,"column":0},"end":{"line":23,"column":19}},"23":{"start":{"line":24,"column":0},"end":{"line":24,"column":19}},"24":{"start":{"line":25,"column":0},"end":{"line":25,"column":25}},"25":{"start":{"line":26,"column":0},"end":{"line":26,"column":17}},"26":{"start":{"line":27,"column":0},"end":{"line":27,"column":31}},"27":{"start":{"line":28,"column":0},"end":{"line":28,"column":21}},"28":{"start":{"line":29,"column":0},"end":{"line":29,"column":15}},"29":{"start":{"line":30,"column":0},"end":{"line":30,"column":54}},"31":{"start":{"line":32,"column":0},"end":{"line":32,"column":37}},"32":{"start":{"line":33,"column":0},"end":{"line":33,"column":70}},"33":{"start":{"line":34,"column":0},"end":{"line":34,"column":26}},"34":{"start":{"line":35,"column":0},"end":{"line":35,"column":12}},"35":{"start":{"line":36,"column":0},"end":{"line":36,"column":77}},"36":{"start":{"line":37,"column":0},"end":{"line":37,"column":5}},"37":{"start":{"line":38,"column":0},"end":{"line":38,"column":19}},"39":{"start":{"line":40,"column":0},"end":{"line":40,"column":49}},"40":{"start":{"line":41,"column":0},"end":{"line":41,"column":24}},"41":{"start":{"line":42,"column":0},"end":{"line":42,"column":31}},"42":{"start":{"line":43,"column":0},"end":{"line":43,"column":25}},"43":{"start":{"line":44,"column":0},"end":{"line":44,"column":14}},"44":{"start":{"line":45,"column":0},"end":{"line":45,"column":16}},"46":{"start":{"line":47,"column":0},"end":{"line":47,"column":52}},"47":{"start":{"line":48,"column":0},"end":{"line":48,"column":34}},"48":{"start":{"line":49,"column":0},"end":{"line":49,"column":14}},"49":{"start":{"line":50,"column":0},"end":{"line":50,"column":19}},"51":{"start":{"line":52,"column":0},"end":{"line":52,"column":10}},"52":{"start":{"line":53,"column":0},"end":{"line":53,"column":18}},"53":{"start":{"line":54,"column":0},"end":{"line":54,"column":21}},"54":{"start":{"line":55,"column":0},"end":{"line":55,"column":15}},"56":{"start":{"line":57,"column":0},"end":{"line":57,"column":15}},"57":{"start":{"line":58,"column":0},"end":{"line":58,"column":14}},"58":{"start":{"line":59,"column":0},"end":{"line":59,"column":15}},"59":{"start":{"line":60,"column":0},"end":{"line":60,"column":16}},"60":{"start":{"line":61,"column":0},"end":{"line":61,"column":15}},"61":{"start":{"line":62,"column":0},"end":{"line":62,"column":23}},"62":{"start":{"line":63,"column":0},"end":{"line":63,"column":22}},"64":{"start":{"line":65,"column":0},"end":{"line":65,"column":9}},"65":{"start":{"line":66,"column":0},"end":{"line":66,"column":24}},"66":{"start":{"line":67,"column":0},"end":{"line":67,"column":29}},"67":{"start":{"line":68,"column":0},"end":{"line":68,"column":19}},"68":{"start":{"line":69,"column":0},"end":{"line":69,"column":19}},"69":{"start":{"line":70,"column":0},"end":{"line":70,"column":17}},"70":{"start":{"line":71,"column":0},"end":{"line":71,"column":25}},"71":{"start":{"line":72,"column":0},"end":{"line":72,"column":31}},"72":{"start":{"line":73,"column":0},"end":{"line":73,"column":21}},"73":{"start":{"line":74,"column":0},"end":{"line":74,"column":4}},"74":{"start":{"line":75,"column":0},"end":{"line":75,"column":1}},"76":{"start":{"line":77,"column":0},"end":{"line":77,"column":32}}},"s":{"0":1,"5":1,"6":1,"8":1,"9":1,"11":1,"12":1,"13":1,"14":1,"15":1,"16":1,"17":1,"18":1,"19":1,"20":1,"21":1,"22":1,"23":1,"24":1,"25":1,"26":1,"27":1,"28":1,"29":1,"31":1,"32":1,"33":0,"34":1,"35":1,"36":1,"37":1,"39":1,"40":0,"41":0,"42":0,"43":0,"44":1,"46":1,"47":0,"48":0,"49":1,"51":1,"52":1,"53":1,"54":1,"56":1,"57":1,"58":1,"59":1,"60":1,"61":1,"62":1,"64":1,"65":1,"66":1,"67":1,"68":1,"69":1,"70":1,"71":1,"72":1,"73":1,"74":1,"76":1},"branchMap":{"0":{"type":"branch","line":12,"loc":{"start":{"line":12,"column":0},"end":{"line":75,"column":1}},"locations":[{"start":{"line":12,"column":0},"end":{"line":75,"column":1}}]},"1":{"type":"branch","line":16,"loc":{"start":{"line":16,"column":4},"end":{"line":16,"column":25}},"locations":[{"start":{"line":16,"column":4},"end":{"line":16,"column":25}}]},"2":{"type":"branch","line":32,"loc":{"start":{"line":32,"column":30},"end":{"line":38,"column":5}},"locations":[{"start":{"line":32,"column":30},"end":{"line":38,"column":5}}]},"3":{"type":"branch","line":33,"loc":{"start":{"line":33,"column":69},"end":{"line":35,"column":11}},"locations":[{"start":{"line":33,"column":69},"end":{"line":35,"column":11}}]}},"b":{"0":[1],"1":[0],"2":[1],"3":[0]},"fnMap":{"0":{"name":"useConnectWallet","decl":{"start":{"line":12,"column":0},"end":{"line":75,"column":1}},"loc":{"start":{"line":12,"column":0},"end":{"line":75,"column":1}},"line":12}},"f":{"0":1}}
,"/home/runner/work/aelf-web-login/aelf-web-login/packages/react/src/useExternalStore.tsx": {"path":"/home/runner/work/aelf-web-login/aelf-web-login/packages/react/src/useExternalStore.tsx","all":false,"statementMap":{"0":{"start":{"line":1,"column":0},"end":{"line":1,"column":57}},"1":{"start":{"line":2,"column":0},"end":{"line":2,"column":58}},"3":{"start":{"line":4,"column":0},"end":{"line":4,"column":47}},"5":{"start":{"line":6,"column":0},"end":{"line":6,"column":29}},"6":{"start":{"line":7,"column":0},"end":{"line":7,"column":41}},"7":{"start":{"line":8,"column":0},"end":{"line":8,"column":32}},"8":{"start":{"line":9,"column":0},"end":{"line":9,"column":36}},"9":{"start":{"line":10,"column":0},"end":{"line":10,"column":57}},"11":{"start":{"line":12,"column":0},"end":{"line":12,"column":31}},"12":{"start":{"line":13,"column":0},"end":{"line":13,"column":6}},"13":{"start":{"line":14,"column":0},"end":{"line":14,"column":12}},"14":{"start":{"line":15,"column":0},"end":{"line":15,"column":4}},"16":{"start":{"line":17,"column":0},"end":{"line":17,"column":41}},"17":{"start":{"line":18,"column":0},"end":{"line":18,"column":28}},"18":{"start":{"line":19,"column":0},"end":{"line":19,"column":14}},"20":{"start":{"line":21,"column":0},"end":{"line":21,"column":48}},"22":{"start":{"line":23,"column":0},"end":{"line":23,"column":73}},"23":{"start":{"line":24,"column":0},"end":{"line":24,"column":1}},"25":{"start":{"line":26,"column":0},"end":{"line":26,"column":32}}},"s":{"0":1,"1":1,"3":1,"5":1,"6":1,"7":1,"8":1,"9":1,"11":1,"12":1,"13":1,"14":1,"16":1,"17":3,"18":1,"20":1,"22":1,"23":1,"25":1},"branchMap":{"0":{"type":"branch","line":6,"loc":{"start":{"line":6,"column":0},"end":{"line":24,"column":1}},"locations":[{"start":{"line":6,"column":0},"end":{"line":24,"column":1}}]},"1":{"type":"branch","line":9,"loc":{"start":{"line":9,"column":4},"end":{"line":13,"column":6}},"locations":[{"start":{"line":9,"column":4},"end":{"line":13,"column":6}}]},"2":{"type":"branch","line":12,"loc":{"start":{"line":12,"column":13},"end":{"line":12,"column":31}},"locations":[{"start":{"line":12,"column":13},"end":{"line":12,"column":31}}]},"3":{"type":"branch","line":17,"loc":{"start":{"line":17,"column":34},"end":{"line":19,"column":5}},"locations":[{"start":{"line":17,"column":34},"end":{"line":19,"column":5}}]}},"b":{"0":[1],"1":[1],"2":[1],"3":[3]},"fnMap":{"0":{"name":"useExternalStore","decl":{"start":{"line":6,"column":0},"end":{"line":24,"column":1}},"loc":{"start":{"line":6,"column":0},"end":{"line":24,"column":1}},"line":6},"1":{"name":"getServerSnapshot","decl":{"start":{"line":21,"column":28},"end":{"line":21,"column":48}},"loc":{"start":{"line":21,"column":28},"end":{"line":21,"column":48}},"line":21}},"f":{"0":1,"1":0}}
,"/home/runner/work/aelf-web-login/aelf-web-login/packages/react/src/data/config.ts": {"path":"/home/runner/work/aelf-web-login/aelf-web-login/packages/react/src/data/config.ts","all":false,"statementMap":{"0":{"start":{"line":1,"column":0},"end":{"line":1,"column":26}},"2":{"start":{"line":3,"column":0},"end":{"line":3,"column":76}},"4":{"start":{"line":5,"column":0},"end":{"line":5,"column":94}},"6":{"start":{"line":7,"column":0},"end":{"line":7,"column":26}},"7":{"start":{"line":8,"column":0},"end":{"line":8,"column":65}},"8":{"start":{"line":9,"column":0},"end":{"line":9,"column":36}},"9":{"start":{"line":10,"column":0},"end":{"line":10,"column":41}},"10":{"start":{"line":11,"column":0},"end":{"line":11,"column":22}},"11":{"start":{"line":12,"column":0},"end":{"line":12,"column":85}},"12":{"start":{"line":13,"column":0},"end":{"line":13,"column":70}},"13":{"start":{"line":14,"column":0},"end":{"line":14,"column":65}},"14":{"start":{"line":15,"column":0},"end":{"line":15,"column":37}},"16":{"start":{"line":17,"column":0},"end":{"line":17,"column":19}},"17":{"start":{"line":18,"column":0},"end":{"line":18,"column":29}},"18":{"start":{"line":19,"column":0},"end":{"line":19,"column":29}},"19":{"start":{"line":20,"column":0},"end":{"line":20,"column":29}},"20":{"start":{"line":21,"column":0},"end":{"line":21,"column":20}},"21":{"start":{"line":22,"column":0},"end":{"line":22,"column":28}},"22":{"start":{"line":23,"column":0},"end":{"line":23,"column":19}},"23":{"start":{"line":24,"column":0},"end":{"line":24,"column":4}},"24":{"start":{"line":25,"column":0},"end":{"line":25,"column":16}},"25":{"start":{"line":26,"column":0},"end":{"line":26,"column":14}},"26":{"start":{"line":27,"column":0},"end":{"line":27,"column":28}},"27":{"start":{"line":28,"column":0},"end":{"line":28,"column":32}},"28":{"start":{"line":29,"column":0},"end":{"line":29,"column":6}},"29":{"start":{"line":30,"column":0},"end":{"line":30,"column":15}},"30":{"start":{"line":31,"column":0},"end":{"line":31,"column":29}},"31":{"start":{"line":32,"column":0},"end":{"line":32,"column":6}},"32":{"start":{"line":33,"column":0},"end":{"line":33,"column":4}},"37":{"start":{"line":38,"column":0},"end":{"line":38,"column":2}},"46":{"start":{"line":47,"column":0},"end":{"line":47,"column":20}},"49":{"start":{"line":50,"column":0},"end":{"line":50,"column":23}},"50":{"start":{"line":51,"column":0},"end":{"line":51,"column":27}},"51":{"start":{"line":52,"column":0},"end":{"line":52,"column":25}},"52":{"start":{"line":53,"column":0},"end":{"line":53,"column":26}},"53":{"start":{"line":54,"column":0},"end":{"line":54,"column":4}},"54":{"start":{"line":55,"column":0},"end":{"line":55,"column":21}},"57":{"start":{"line":58,"column":0},"end":{"line":58,"column":28}},"58":{"start":{"line":59,"column":0},"end":{"line":59,"column":20}},"59":{"start":{"line":60,"column":0},"end":{"line":60,"column":24}},"60":{"start":{"line":61,"column":0},"end":{"line":61,"column":17}},"61":{"start":{"line":62,"column":0},"end":{"line":62,"column":27}},"62":{"start":{"line":63,"column":0},"end":{"line":63,"column":90}},"63":{"start":{"line":64,"column":0},"end":{"line":64,"column":40}},"64":{"start":{"line":65,"column":0},"end":{"line":65,"column":25}},"65":{"start":{"line":66,"column":0},"end":{"line":66,"column":2965}},"66":{"start":{"line":67,"column":0},"end":{"line":67,"column":2}},"68":{"start":{"line":69,"column":0},"end":{"line":69,"column":17}},"69":{"start":{"line":70,"column":0},"end":{"line":70,"column":23}},"70":{"start":{"line":71,"column":0},"end":{"line":71,"column":22}},"71":{"start":{"line":72,"column":0},"end":{"line":72,"column":22}},"72":{"start":{"line":73,"column":0},"end":{"line":73,"column":25}},"73":{"start":{"line":74,"column":0},"end":{"line":74,"column":27}},"74":{"start":{"line":75,"column":0},"end":{"line":75,"column":29}},"75":{"start":{"line":76,"column":0},"end":{"line":76,"column":5}},"106":{"start":{"line":107,"column":0},"end":{"line":107,"column":2}},"108":{"start":{"line":109,"column":0},"end":{"line":109,"column":30}},"109":{"start":{"line":110,"column":0},"end":{"line":110,"column":12}},"110":{"start":{"line":111,"column":0},"end":{"line":111,"column":13}},"111":{"start":{"line":112,"column":0},"end":{"line":112,"column":10}},"112":{"start":{"line":113,"column":0},"end":{"line":113,"column":2}},"114":{"start":{"line":115,"column":0},"end":{"line":115,"column":22}}},"s":{"0":1,"2":1,"4":1,"6":1,"7":1,"8":1,"9":1,"10":1,"11":1,"12":1,"13":1,"14":1,"16":1,"17":1,"18":1,"19":1,"20":1,"21":1,"22":1,"23":1,"24":1,"25":1,"26":1,"27":1,"28":1,"29":1,"30":1,"31":1,"32":1,"37":1,"46":1,"49":1,"50":1,"51":1,"52":1,"53":1,"54":1,"57":1,"58":1,"59":1,"60":1,"61":1,"62":1,"63":1,"64":1,"65":1,"66":1,"68":1,"69":1,"70":1,"71":1,"72":1,"73":1,"74":1,"75":1,"106":1,"108":1,"109":1,"110":1,"111":1,"112":1,"114":1},"branchMap":{},"b":{},"fnMap":{},"f":{}}
}
