{"total": {"lines":{"total":204,"covered":193,"skipped":0,"pct":94.6},"statements":{"total":204,"covered":193,"skipped":0,"pct":94.6},"functions":{"total":7,"covered":6,"skipped":0,"pct":85.71},"branches":{"total":23,"covered":19,"skipped":0,"pct":82.6},"branchesTrue":{"total":0,"covered":0,"skipped":0,"pct":100}}
,"/home/runner/work/aelf-web-login/aelf-web-login/packages/react/src/context.tsx": {"lines":{"total":32,"covered":30,"skipped":0,"pct":93.75},"functions":{"total":2,"covered":2,"skipped":0,"pct":100},"statements":{"total":32,"covered":30,"skipped":0,"pct":93.75},"branches":{"total":9,"covered":8,"skipped":0,"pct":88.88}}
,"/home/runner/work/aelf-web-login/aelf-web-login/packages/react/src/index.tsx": {"lines":{"total":1,"covered":1,"skipped":0,"pct":100},"functions":{"total":0,"covered":0,"skipped":0,"pct":100},"statements":{"total":1,"covered":1,"skipped":0,"pct":100},"branches":{"total":0,"covered":0,"skipped":0,"pct":100}}
,"/home/runner/work/aelf-web-login/aelf-web-login/packages/react/src/init.ts": {"lines":{"total":26,"covered":24,"skipped":0,"pct":92.3},"functions":{"total":2,"covered":2,"skipped":0,"pct":100},"statements":{"total":26,"covered":24,"skipped":0,"pct":92.3},"branches":{"total":6,"covered":5,"skipped":0,"pct":83.33}}
,"/home/runner/work/aelf-web-login/aelf-web-login/packages/react/src/useConnectWallet.tsx": {"lines":{"total":64,"covered":57,"skipped":0,"pct":89.06},"functions":{"total":1,"covered":1,"skipped":0,"pct":100},"statements":{"total":64,"covered":57,"skipped":0,"pct":89.06},"branches":{"total":4,"covered":2,"skipped":0,"pct":50}}
,"/home/runner/work/aelf-web-login/aelf-web-login/packages/react/src/useExternalStore.tsx": {"lines":{"total":19,"covered":19,"skipped":0,"pct":100},"functions":{"total":2,"covered":1,"skipped":0,"pct":50},"statements":{"total":19,"covered":19,"skipped":0,"pct":100},"branches":{"total":4,"covered":4,"skipped":0,"pct":100}}
,"/home/runner/work/aelf-web-login/aelf-web-login/packages/react/src/data/config.ts": {"lines":{"total":62,"covered":62,"skipped":0,"pct":100},"functions":{"total":0,"covered":0,"skipped":0,"pct":100},"statements":{"total":62,"covered":62,"skipped":0,"pct":100},"branches":{"total":0,"covered":0,"skipped":0,"pct":100}}
}
