TN:
SF:src/context.tsx
FN:18,useWebLoginContext
FN:35,WebLoginProvider
FNF:2
FNH:2
FNDA:75,useWebLoginContext
FNDA:35,WebLoginProvider
DA:1,1
DA:8,1
DA:9,1
DA:13,1
DA:14,1
DA:16,1
DA:18,1
DA:19,75
DA:21,75
DA:22,0
DA:23,0
DA:25,75
DA:26,75
DA:35,1
DA:36,35
DA:37,35
DA:38,35
DA:39,35
DA:40,35
DA:41,35
DA:42,35
DA:43,30
DA:44,30
DA:45,30
DA:46,35
DA:47,35
DA:48,35
DA:50,35
DA:51,0
DA:52,0
DA:54,30
DA:55,30
DA:56,30
DA:57,30
DA:58,30
DA:59,30
DA:60,30
DA:61,30
DA:62,30
DA:63,30
DA:64,30
DA:66,30
DA:68,30
DA:69,30
DA:70,30
DA:71,30
DA:73,30
LF:47
LH:43
BRDA:18,0,0,75
BRDA:21,1,0,0
BRDA:35,2,0,35
BRDA:40,3,0,0
BRDA:50,4,0,0
BRDA:52,5,0,30
BRDA:42,6,0,30
BRDA:48,7,0,30
BRF:8
BRH:5
end_of_record
TN:
SF:src/index.tsx
FNF:0
FNH:0
DA:1,1
LF:1
LH:1
BRF:0
BRH:0
end_of_record
TN:
SF:src/init.ts
FN:8,init
FN:15,initScriptAndMountApp
FNF:2
FNH:2
FNDA:30,init
FNDA:30,initScriptAndMountApp
DA:1,1
DA:7,1
DA:8,1
DA:9,30
DA:10,28
DA:11,28
DA:12,28
DA:13,28
DA:14,30
DA:15,30
DA:16,30
DA:17,27
DA:18,27
DA:20,3
DA:21,30
DA:23,3
DA:24,3
DA:25,3
DA:26,3
DA:27,3
DA:28,3
DA:30,3
DA:31,30
DA:33,30
DA:34,30
DA:35,30
DA:36,30
LF:27
LH:27
BRDA:8,0,0,30
BRDA:9,1,0,28
BRDA:9,2,0,28
BRDA:12,3,0,28
BRDA:12,4,0,1
BRDA:15,5,0,30
BRDA:16,6,0,3
BRDA:16,7,0,27
BRDA:18,8,0,3
BRDA:21,9,0,3
BRF:10
BRH:10
end_of_record
TN:
SF:src/useConnectWallet.tsx
FN:17,useConnectWallet
FN:64,walletName
FN:83,isDisconnect2
FNF:3
FNH:3
FNDA:24,useConnectWallet
FNDA:4,walletName
FNDA:4,isDisconnect2
DA:1,1
DA:7,1
DA:8,1
DA:10,1
DA:11,1
DA:12,1
DA:13,1
DA:14,1
DA:15,1
DA:17,24
DA:18,24
DA:19,24
DA:20,24
DA:21,24
DA:22,24
DA:23,24
DA:24,24
DA:25,24
DA:26,24
DA:27,24
DA:28,24
DA:29,24
DA:30,24
DA:31,24
DA:32,24
DA:33,24
DA:34,24
DA:35,24
DA:36,24
DA:37,20
DA:38,0
DA:39,0
DA:40,20
DA:41,24
DA:43,24
DA:45,24
DA:46,24
DA:47,24
DA:49,24
DA:50,20
DA:51,20
DA:52,20
DA:53,20
DA:54,24
DA:56,24
DA:57,20
DA:58,20
DA:59,20
DA:60,24
DA:62,24
DA:63,4
DA:64,4
DA:65,4
DA:66,4
DA:68,4
DA:70,4
DA:71,4
DA:72,0
DA:73,0
DA:74,0
DA:75,4
DA:76,4
DA:78,4
DA:79,4
DA:80,24
DA:82,24
DA:83,4
DA:84,4
DA:85,0
DA:86,0
DA:87,4
DA:88,4
DA:89,4
DA:90,4
DA:91,4
DA:92,4
DA:93,4
DA:94,4
DA:95,24
DA:97,24
DA:98,24
DA:99,24
DA:100,24
DA:102,24
DA:103,24
DA:104,24
DA:105,24
DA:106,24
DA:107,24
DA:109,24
DA:110,24
DA:111,24
DA:112,24
DA:113,24
DA:114,24
DA:115,24
DA:116,24
DA:117,24
DA:118,24
DA:120,1
LF:100
LH:93
BRDA:17,0,0,24
BRDA:21,1,0,0
BRDA:36,2,0,20
BRDA:37,3,0,0
BRDA:40,4,0,0
BRDA:49,5,0,20
BRDA:51,6,0,0
BRDA:52,7,0,0
BRDA:56,8,0,20
BRDA:58,9,0,0
BRDA:62,10,0,4
BRDA:64,11,0,4
BRDA:68,12,0,0
BRDA:71,13,0,0
BRDA:82,14,0,4
BRDA:92,15,0,0
BRDA:83,16,0,4
BRDA:84,17,0,0
BRF:18
BRH:8
end_of_record
TN:
SF:src/useExternalStore.tsx
FN:6,useExternalStore
FN:21,getServerSnapshot
FNF:2
FNH:1
FNDA:3,useExternalStore
FNDA:0,getServerSnapshot
DA:1,1
DA:2,1
DA:4,1
DA:6,3
DA:7,3
DA:8,3
DA:9,3
DA:10,3
DA:12,3
DA:13,3
DA:14,3
DA:15,3
DA:17,3
DA:18,9
DA:19,3
DA:21,3
DA:23,3
DA:24,3
DA:26,1
LF:19
LH:19
BRDA:6,0,0,3
BRDA:9,1,0,3
BRDA:12,2,0,3
BRDA:17,3,0,9
BRF:4
BRH:4
end_of_record
TN:
SF:src/Modals/index.tsx
FN:6,Modals
FNF:1
FNH:1
FNDA:23,Modals
DA:1,1
DA:6,23
DA:7,23
DA:8,23
DA:9,23
DA:10,23
DA:11,23
DA:13,23
LF:8
LH:8
BRDA:6,0,0,23
BRF:1
BRH:1
end_of_record
TN:
SF:src/Modals/WalletModal/index.tsx
FN:25,WalletModal
FN:52,onClick
FNF:2
FNH:1
FNDA:23,WalletModal
FNDA:0,onClick
DA:1,1
DA:17,1
DA:18,1
DA:19,1
DA:20,1
DA:21,1
DA:23,1
DA:25,23
DA:26,23
DA:27,23
DA:28,23
DA:30,23
DA:31,0
DA:32,23
DA:34,23
DA:35,23
DA:36,23
DA:37,23
DA:38,23
DA:39,23
DA:40,23
DA:41,23
DA:42,23
DA:43,23
DA:44,23
DA:45,23
DA:46,23
DA:47,23
DA:48,23
DA:49,46
DA:50,46
DA:51,46
DA:52,46
DA:53,0
DA:54,0
DA:56,46
DA:57,46
DA:58,46
DA:59,23
DA:60,23
DA:61,23
DA:62,23
DA:63,23
DA:65,23
DA:66,23
DA:68,23
DA:69,23
DA:70,23
DA:71,23
DA:72,23
DA:74,23
DA:75,0
DA:76,0
DA:77,0
DA:78,0
DA:79,0
DA:80,0
DA:81,0
DA:83,0
DA:84,0
DA:86,23
DA:87,23
DA:88,23
DA:89,23
DA:90,23
DA:91,23
DA:92,23
DA:93,23
DA:94,23
DA:95,23
DA:97,23
DA:98,23
DA:100,23
LF:73
LH:61
BRDA:25,0,0,23
BRDA:74,1,0,0
BRDA:35,2,0,23
BRDA:41,3,0,0
BRDA:48,4,0,46
BRDA:57,5,0,23
BRDA:69,6,0,23
BRDA:70,7,0,0
BRF:8
BRH:5
end_of_record
TN:
SF:src/Modals/disconnectModal/index.tsx
FN:18,onOk
FN:19,onCancel
FN:24,WalletDisconnectModal
FNF:3
FNH:1
FNDA:0,onOk
FNDA:0,onCancel
FNDA:23,WalletDisconnectModal
DA:1,1
DA:10,1
DA:11,1
DA:12,1
DA:13,1
DA:14,1
DA:15,1
DA:16,1
DA:17,1
DA:18,1
DA:19,1
DA:20,1
DA:21,1
DA:22,1
DA:24,23
DA:25,23
DA:26,23
DA:27,23
DA:29,23
DA:30,0
DA:31,23
DA:33,23
DA:34,0
DA:35,23
DA:37,23
DA:39,23
DA:40,23
DA:41,23
DA:42,23
DA:43,23
DA:44,23
DA:45,23
DA:46,23
DA:47,23
DA:48,23
DA:49,23
DA:50,23
DA:51,23
DA:52,23
DA:53,23
DA:54,23
DA:56,23
DA:57,23
DA:58,23
DA:59,23
DA:60,23
DA:61,23
DA:62,23
DA:63,23
DA:64,23
DA:65,23
DA:66,23
DA:67,23
DA:68,23
DA:69,23
DA:70,23
DA:71,23
DA:72,23
DA:74,23
DA:75,23
DA:77,23
DA:79,23
DA:80,23
DA:81,23
DA:82,23
DA:83,23
DA:85,23
DA:86,0
DA:87,0
DA:88,0
DA:89,0
DA:90,0
DA:91,0
DA:93,0
DA:94,0
DA:96,23
DA:97,23
DA:98,23
DA:99,23
DA:100,23
DA:101,23
DA:102,23
DA:103,23
DA:104,23
DA:106,23
DA:107,23
DA:109,23
LF:87
LH:77
BRDA:24,0,0,23
BRDA:85,1,0,0
BRDA:40,2,0,23
BRDA:44,3,0,0
BRDA:46,4,0,0
BRDA:57,5,0,23
BRDA:80,6,0,23
BRDA:81,7,0,0
BRF:8
BRH:4
end_of_record
TN:
SF:src/assets/icon.ts
FNF:0
FNH:0
DA:1,1
DA:2,1
DA:3,1
DA:4,1
DA:5,1
DA:7,1
DA:8,1
DA:9,1
DA:10,1
DA:11,1
LF:10
LH:10
BRF:0
BRH:0
end_of_record
TN:
SF:src/constants/config.ts
FNF:0
FNH:0
DA:1,1
DA:2,1
DA:3,1
DA:4,1
DA:5,1
DA:6,1
DA:7,1
DA:8,1
DA:9,1
DA:10,1
DA:11,1
DA:12,1
DA:13,1
DA:14,1
DA:15,1
DA:16,1
LF:16
LH:16
BRF:0
BRH:0
end_of_record
TN:
SF:src/data/config.ts
FNF:0
FNH:0
DA:1,1
DA:3,1
DA:5,1
DA:7,1
DA:8,1
DA:9,1
DA:18,1
DA:21,1
DA:22,1
DA:23,1
DA:26,1
DA:27,1
DA:28,1
DA:29,1
DA:30,1
DA:31,1
DA:32,1
DA:34,1
DA:35,1
DA:36,1
DA:37,1
DA:38,1
DA:39,1
DA:40,1
DA:41,1
DA:72,1
DA:74,1
DA:75,1
DA:76,1
DA:77,1
DA:79,1
LF:31
LH:31
BRF:0
BRH:0
end_of_record
TN:
SF:src/hooks/useMobile.ts
FN:5,useMobile
FNF:1
FNH:1
FNDA:46,useMobile
DA:1,1
DA:5,46
DA:6,46
DA:7,46
DA:8,46
DA:9,46
DA:10,46
DA:11,46
LF:8
LH:8
BRDA:5,0,0,46
BRDA:8,1,0,46
BRF:2
BRH:2
end_of_record
TN:
SF:src/useModal/actions.ts
FN:25,actions
FN:34,actions
FN:44,actions
FNF:3
FNH:3
FNDA:2,actions
FNDA:2,actions
FNDA:1,actions
DA:1,1
DA:3,1
DA:4,1
DA:5,1
DA:7,1
DA:8,1
DA:22,1
DA:23,1
DA:24,1
DA:25,1
DA:26,2
DA:27,2
DA:28,2
DA:29,2
DA:30,2
DA:31,1
DA:32,1
DA:33,1
DA:34,1
DA:35,2
DA:36,2
DA:37,2
DA:38,2
DA:39,2
DA:40,1
DA:42,1
DA:43,1
DA:44,1
DA:45,1
DA:46,1
LF:30
LH:30
BRDA:25,0,0,2
BRDA:34,1,0,2
BRDA:44,2,0,1
BRF:3
BRH:3
end_of_record
TN:
SF:src/useModal/hooks.ts
FN:4,useModalDispatch
FNF:1
FNH:1
FNDA:24,useModalDispatch
DA:1,1
DA:4,1
DA:5,24
DA:6,24
DA:7,24
LF:5
LH:5
BRDA:4,0,0,24
BRF:1
BRH:1
end_of_record
TN:
SF:src/useModal/index.tsx
FN:8,useModal
FN:13,reducer
FN:26,ModalProvider
FNF:3
FNH:3
FNDA:20,useModal
FNDA:8,reducer
FNDA:17,ModalProvider
DA:1,1
DA:5,1
DA:6,1
DA:8,1
DA:9,20
DA:10,20
DA:13,8
DA:14,8
DA:15,8
DA:16,1
DA:17,1
DA:18,8
DA:19,7
DA:20,7
DA:21,6
DA:22,6
DA:23,8
DA:24,8
DA:26,1
DA:27,17
DA:29,17
DA:30,17
DA:31,17
DA:32,17
DA:34,17
LF:25
LH:25
BRDA:8,0,0,20
BRDA:13,1,0,8
BRDA:15,2,0,1
BRDA:18,3,0,7
BRDA:20,4,0,1
BRDA:20,5,0,6
BRDA:26,6,0,17
BRDA:30,7,0,17
BRF:8
BRH:8
end_of_record
TN:
SF:src/useModal/utils.ts
FN:1,basicActions
FNF:1
FNH:1
FNDA:7,basicActions
DA:1,1
DA:2,7
DA:3,7
DA:4,7
DA:5,7
DA:6,7
LF:6
LH:6
BRDA:1,0,0,7
BRF:1
BRH:1
end_of_record
