TN:
SF:src/context.tsx
FN:18,useWebLoginContext
FN:35,WebLoginProvider
FNF:2
FNH:2
FNDA:15,useWebLoginContext
FNDA:10,WebLoginProvider
DA:1,1
DA:8,1
DA:9,1
DA:13,1
DA:14,1
DA:16,1
DA:18,1
DA:19,15
DA:21,15
DA:22,0
DA:23,0
DA:25,15
DA:26,15
DA:35,1
DA:36,10
DA:37,10
DA:38,10
DA:39,10
DA:40,10
DA:41,10
DA:42,10
DA:43,5
DA:44,5
DA:45,5
DA:46,10
DA:47,10
DA:48,10
DA:50,10
DA:51,0
DA:52,0
DA:54,5
DA:55,5
DA:56,5
DA:57,5
DA:58,5
DA:59,5
DA:60,5
DA:61,5
DA:62,5
DA:63,5
DA:64,5
DA:66,5
DA:68,5
DA:69,5
DA:70,5
DA:71,5
DA:73,5
LF:47
LH:43
BRDA:18,0,0,15
BRDA:21,1,0,0
BRDA:35,2,0,10
BRDA:40,3,0,0
BRDA:50,4,0,0
BRDA:52,5,0,5
BRDA:42,6,0,5
BRDA:48,7,0,5
BRF:8
BRH:5
end_of_record
TN:
SF:src/index.tsx
FNF:0
FNH:0
DA:1,1
LF:1
LH:1
BRF:0
BRH:0
end_of_record
TN:
SF:src/init.ts
FN:8,init
FN:15,initScriptAndMountApp
FNF:2
FNH:2
FNDA:8,init
FNDA:8,initScriptAndMountApp
DA:1,1
DA:7,1
DA:8,1
DA:9,8
DA:10,6
DA:11,6
DA:12,6
DA:13,6
DA:14,8
DA:15,8
DA:16,8
DA:17,4
DA:18,4
DA:20,4
DA:21,8
DA:23,4
DA:24,4
DA:25,4
DA:26,4
DA:27,4
DA:28,4
DA:30,4
DA:31,8
DA:33,8
DA:34,8
DA:35,8
DA:36,8
LF:27
LH:27
BRDA:8,0,0,8
BRDA:9,1,0,6
BRDA:9,2,0,6
BRDA:12,3,0,6
BRDA:15,4,0,8
BRDA:16,5,0,4
BRDA:16,6,0,4
BRDA:21,7,0,4
BRF:8
BRH:8
end_of_record
TN:
SF:src/useConnectWallet.tsx
FN:17,useConnectWallet
FN:64,walletName
FN:83,isDisconnect2
FNF:3
FNH:3
FNDA:4,useConnectWallet
FNDA:1,walletName
FNDA:1,isDisconnect2
DA:1,1
DA:7,1
DA:8,1
DA:10,1
DA:11,1
DA:12,1
DA:13,1
DA:14,1
DA:15,1
DA:17,4
DA:18,4
DA:19,4
DA:20,4
DA:21,4
DA:22,4
DA:23,4
DA:24,4
DA:25,4
DA:26,4
DA:27,4
DA:28,4
DA:29,4
DA:30,4
DA:31,4
DA:32,4
DA:33,4
DA:34,4
DA:35,4
DA:36,4
DA:37,3
DA:38,0
DA:39,0
DA:40,3
DA:41,4
DA:43,4
DA:45,4
DA:46,4
DA:47,4
DA:49,4
DA:50,3
DA:51,3
DA:52,3
DA:53,3
DA:54,4
DA:56,4
DA:57,3
DA:58,3
DA:59,3
DA:60,4
DA:62,4
DA:63,1
DA:64,1
DA:65,1
DA:66,1
DA:68,1
DA:70,1
DA:71,1
DA:72,0
DA:73,0
DA:74,0
DA:75,1
DA:76,1
DA:78,1
DA:79,1
DA:80,4
DA:82,4
DA:83,1
DA:84,1
DA:85,0
DA:86,0
DA:87,1
DA:88,1
DA:89,1
DA:90,1
DA:91,1
DA:92,1
DA:93,1
DA:94,1
DA:95,4
DA:97,4
DA:98,4
DA:99,4
DA:100,4
DA:102,4
DA:103,4
DA:104,4
DA:105,4
DA:106,4
DA:107,4
DA:109,4
DA:110,4
DA:111,4
DA:112,4
DA:113,4
DA:114,4
DA:115,4
DA:116,4
DA:117,4
DA:118,4
DA:120,1
LF:100
LH:93
BRDA:17,0,0,4
BRDA:21,1,0,0
BRDA:36,2,0,3
BRDA:37,3,0,0
BRDA:40,4,0,0
BRDA:49,5,0,3
BRDA:51,6,0,0
BRDA:52,7,0,0
BRDA:56,8,0,3
BRDA:58,9,0,0
BRDA:62,10,0,1
BRDA:64,11,0,1
BRDA:68,12,0,0
BRDA:71,13,0,0
BRDA:82,14,0,1
BRDA:92,15,0,0
BRDA:83,16,0,1
BRDA:84,17,0,0
BRF:18
BRH:8
end_of_record
TN:
SF:src/useExternalStore.tsx
FN:6,useExternalStore
FN:21,getServerSnapshot
FNF:2
FNH:1
FNDA:1,useExternalStore
FNDA:0,getServerSnapshot
DA:1,1
DA:2,1
DA:4,1
DA:6,1
DA:7,1
DA:8,1
DA:9,1
DA:10,1
DA:12,1
DA:13,1
DA:14,1
DA:15,1
DA:17,1
DA:18,3
DA:19,1
DA:21,1
DA:23,1
DA:24,1
DA:26,1
LF:19
LH:19
BRDA:6,0,0,1
BRDA:9,1,0,1
BRDA:12,2,0,1
BRDA:17,3,0,3
BRF:4
BRH:4
end_of_record
TN:
SF:src/Modals/index.tsx
FN:6,Modals
FNF:1
FNH:1
FNDA:5,Modals
DA:1,1
DA:6,5
DA:7,5
DA:8,5
DA:9,5
DA:10,5
DA:11,5
DA:13,5
LF:8
LH:8
BRDA:6,0,0,5
BRF:1
BRH:1
end_of_record
TN:
SF:src/Modals/WalletModal/index.tsx
FN:25,WalletModal
FN:52,onClick
FNF:2
FNH:1
FNDA:5,WalletModal
FNDA:0,onClick
DA:1,1
DA:17,1
DA:18,1
DA:19,1
DA:20,1
DA:21,1
DA:23,1
DA:25,5
DA:26,5
DA:27,5
DA:28,5
DA:30,5
DA:31,0
DA:32,5
DA:34,5
DA:35,5
DA:36,5
DA:37,5
DA:38,5
DA:39,5
DA:40,5
DA:41,5
DA:42,5
DA:43,5
DA:44,5
DA:45,5
DA:46,5
DA:47,5
DA:48,5
DA:49,10
DA:50,10
DA:51,10
DA:52,10
DA:53,0
DA:54,0
DA:56,10
DA:57,10
DA:58,10
DA:59,5
DA:60,5
DA:61,5
DA:62,5
DA:63,5
DA:65,5
DA:66,5
DA:68,5
DA:69,5
DA:70,5
DA:71,5
DA:72,5
DA:74,5
DA:75,0
DA:76,0
DA:77,0
DA:78,0
DA:79,0
DA:80,0
DA:81,0
DA:83,0
DA:84,0
DA:86,5
DA:87,5
DA:88,5
DA:89,5
DA:90,5
DA:91,5
DA:92,5
DA:93,5
DA:94,5
DA:95,5
DA:97,5
DA:98,5
DA:100,5
LF:73
LH:61
BRDA:25,0,0,5
BRDA:74,1,0,0
BRDA:35,2,0,5
BRDA:41,3,0,0
BRDA:48,4,0,10
BRDA:57,5,0,5
BRDA:69,6,0,5
BRDA:70,7,0,0
BRF:8
BRH:5
end_of_record
TN:
SF:src/Modals/disconnectModal/index.tsx
FN:18,onOk
FN:19,onCancel
FN:24,WalletDisconnectModal
FNF:3
FNH:1
FNDA:0,onOk
FNDA:0,onCancel
FNDA:5,WalletDisconnectModal
DA:1,1
DA:10,1
DA:11,1
DA:12,1
DA:13,1
DA:14,1
DA:15,1
DA:16,1
DA:17,1
DA:18,1
DA:19,1
DA:20,1
DA:21,1
DA:22,1
DA:24,5
DA:25,5
DA:26,5
DA:27,5
DA:29,5
DA:30,0
DA:31,5
DA:33,5
DA:34,0
DA:35,5
DA:37,5
DA:39,5
DA:40,5
DA:41,5
DA:42,5
DA:43,5
DA:44,5
DA:45,5
DA:46,5
DA:47,5
DA:48,5
DA:49,5
DA:50,5
DA:51,5
DA:52,5
DA:53,5
DA:54,5
DA:56,5
DA:57,5
DA:58,5
DA:59,5
DA:60,5
DA:61,5
DA:62,5
DA:63,5
DA:64,5
DA:65,5
DA:66,5
DA:67,5
DA:68,5
DA:69,5
DA:70,5
DA:71,5
DA:72,5
DA:74,5
DA:75,5
DA:77,5
DA:79,5
DA:80,5
DA:81,5
DA:82,5
DA:83,5
DA:85,5
DA:86,0
DA:87,0
DA:88,0
DA:89,0
DA:90,0
DA:91,0
DA:93,0
DA:94,0
DA:96,5
DA:97,5
DA:98,5
DA:99,5
DA:100,5
DA:101,5
DA:102,5
DA:103,5
DA:104,5
DA:106,5
DA:107,5
DA:109,5
LF:87
LH:77
BRDA:24,0,0,5
BRDA:85,1,0,0
BRDA:40,2,0,5
BRDA:44,3,0,0
BRDA:46,4,0,0
BRDA:57,5,0,5
BRDA:80,6,0,5
BRDA:81,7,0,0
BRF:8
BRH:4
end_of_record
TN:
SF:src/assets/icon.ts
FNF:0
FNH:0
DA:1,1
DA:2,1
DA:3,1
DA:4,1
DA:5,1
DA:7,1
DA:8,1
DA:9,1
DA:10,1
DA:11,1
LF:10
LH:10
BRF:0
BRH:0
end_of_record
TN:
SF:src/constants/config.ts
FNF:0
FNH:0
DA:1,1
DA:2,1
DA:3,1
DA:4,1
DA:5,1
DA:6,1
DA:7,1
DA:8,1
DA:9,1
DA:10,1
DA:11,1
DA:12,1
DA:13,1
DA:14,1
DA:15,1
DA:16,1
LF:16
LH:16
BRF:0
BRH:0
end_of_record
TN:
SF:src/data/config.ts
FNF:0
FNH:0
DA:1,1
DA:3,1
DA:5,1
DA:7,1
DA:8,1
DA:9,1
DA:18,1
DA:21,1
DA:22,1
DA:23,1
DA:26,1
DA:27,1
DA:28,1
DA:29,1
DA:30,1
DA:31,1
DA:32,1
DA:34,1
DA:35,1
DA:36,1
DA:37,1
DA:38,1
DA:39,1
DA:40,1
DA:41,1
DA:72,1
DA:74,1
DA:75,1
DA:76,1
DA:77,1
DA:79,1
LF:31
LH:31
BRF:0
BRH:0
end_of_record
TN:
SF:src/hooks/useMobile.ts
FN:5,useMobile
FNF:1
FNH:1
FNDA:10,useMobile
DA:1,1
DA:5,10
DA:6,10
DA:7,10
DA:8,10
DA:9,10
DA:10,10
DA:11,10
LF:8
LH:8
BRDA:5,0,0,10
BRDA:8,1,0,10
BRF:2
BRH:2
end_of_record
TN:
SF:src/useModal/actions.ts
FN:25,actions
FN:34,actions
FN:44,actions
FNF:3
FNH:0
FNDA:0,actions
FNDA:0,actions
FNDA:0,actions
DA:1,1
DA:3,1
DA:4,1
DA:5,1
DA:7,1
DA:8,1
DA:22,1
DA:23,1
DA:24,1
DA:25,1
DA:26,0
DA:27,0
DA:28,0
DA:29,0
DA:30,0
DA:31,1
DA:32,1
DA:33,1
DA:34,1
DA:35,0
DA:36,0
DA:37,0
DA:38,0
DA:39,0
DA:40,1
DA:42,1
DA:43,1
DA:44,1
DA:45,1
DA:46,1
LF:30
LH:20
BRF:0
BRH:0
end_of_record
TN:
SF:src/useModal/hooks.ts
FN:4,useModalDispatch
FNF:1
FNH:1
FNDA:4,useModalDispatch
DA:1,1
DA:4,1
DA:5,4
DA:6,4
DA:7,4
LF:5
LH:5
BRDA:4,0,0,4
BRF:1
BRH:1
end_of_record
TN:
SF:src/useModal/index.tsx
FN:8,useModal
FN:13,reducer
FN:26,ModalProvider
FNF:3
FNH:2
FNDA:4,useModal
FNDA:0,reducer
FNDA:2,ModalProvider
DA:1,1
DA:5,1
DA:6,1
DA:8,1
DA:9,4
DA:10,4
DA:13,0
DA:14,0
DA:15,0
DA:16,0
DA:17,0
DA:18,0
DA:19,0
DA:20,0
DA:21,0
DA:22,0
DA:23,0
DA:24,0
DA:26,1
DA:27,2
DA:29,2
DA:30,2
DA:31,2
DA:32,2
DA:34,2
LF:25
LH:13
BRDA:8,0,0,4
BRDA:26,1,0,2
BRDA:30,2,0,2
BRF:3
BRH:3
end_of_record
TN:
SF:src/useModal/utils.ts
FN:1,basicActions
FNF:1
FNH:0
FNDA:0,basicActions
DA:1,1
DA:2,0
DA:3,0
DA:4,0
DA:5,0
DA:6,0
LF:6
LH:1
BRF:0
BRH:0
end_of_record
