{"total": {"lines":{"total":88,"covered":79,"skipped":0,"pct":89.77},"statements":{"total":88,"covered":79,"skipped":0,"pct":89.77},"functions":{"total":5,"covered":2,"skipped":0,"pct":40},"branches":{"total":4,"covered":3,"skipped":0,"pct":75},"branchesTrue":{"total":0,"covered":0,"skipped":0,"pct":"Unknown"}}
,"/home/runner/work/aelf-web-login/aelf-web-login/packages/base/src/enhancedLocalStorage.ts": {"lines":{"total":24,"covered":15,"skipped":0,"pct":62.5},"functions":{"total":4,"covered":1,"skipped":0,"pct":25},"statements":{"total":24,"covered":15,"skipped":0,"pct":62.5},"branches":{"total":3,"covered":2,"skipped":0,"pct":66.66}}
,"/home/runner/work/aelf-web-login/aelf-web-login/packages/base/src/errors.ts": {"lines":{"total":64,"covered":64,"skipped":0,"pct":100},"functions":{"total":1,"covered":1,"skipped":0,"pct":100},"statements":{"total":64,"covered":64,"skipped":0,"pct":100},"branches":{"total":1,"covered":1,"skipped":0,"pct":100}}
}
