TN:
SF:src/adapter.ts
FNF:0
FNH:0
DA:1,1
DA:60,1
DA:61,1
DA:63,1
DA:86,1
LF:5
LH:5
BRF:0
BRH:0
end_of_record
TN:
SF:src/enhancedLocalStorage.ts
FN:12,getItem
FN:15,setItem
FN:18,removeItem
FN:21,clear
FNF:4
FNH:4
FNDA:4,getItem
FNDA:3,setItem
FNDA:1,removeItem
FNDA:15,clear
DA:8,1
DA:9,3
DA:11,3
DA:12,3
DA:13,4
DA:14,4
DA:15,3
DA:16,3
DA:17,3
DA:18,3
DA:19,1
DA:20,1
DA:21,3
DA:22,15
DA:23,15
DA:24,3
DA:25,1
DA:37,1
DA:38,1
DA:39,1
DA:40,1
DA:41,0
DA:42,0
DA:43,0
LF:24
LH:21
BRDA:41,0,0,0
BRDA:8,1,0,3
BRDA:12,2,0,4
BRDA:13,3,0,3
BRDA:15,4,0,3
BRDA:18,5,0,1
BRDA:21,6,0,15
BRF:7
BRH:6
end_of_record
TN:
SF:src/errors.ts
FN:62,makeError
FNF:1
FNH:1
FNDA:3,makeError
DA:3,1
DA:4,1
DA:5,1
DA:6,1
DA:7,1
DA:8,1
DA:9,1
DA:10,1
DA:11,1
DA:12,1
DA:13,1
DA:14,1
DA:15,1
DA:16,1
DA:17,1
DA:18,1
DA:19,1
DA:20,1
DA:21,1
DA:22,1
DA:23,1
DA:24,1
DA:25,1
DA:26,1
DA:27,1
DA:28,1
DA:30,1
DA:32,1
DA:33,1
DA:34,1
DA:35,1
DA:36,1
DA:37,1
DA:38,1
DA:39,1
DA:40,1
DA:41,1
DA:43,1
DA:44,1
DA:45,1
DA:46,1
DA:48,1
DA:49,1
DA:50,1
DA:51,1
DA:52,1
DA:53,1
DA:54,1
DA:55,1
DA:56,1
DA:57,1
DA:58,1
DA:59,1
DA:60,1
DA:62,1
DA:63,3
DA:64,3
DA:65,3
DA:66,3
DA:67,3
DA:68,3
DA:69,3
LF:62
LH:62
BRDA:62,0,0,3
BRF:1
BRH:1
end_of_record
TN:
SF:src/types.ts
FNF:0
FNH:0
DA:1,1
DA:3,1
DA:5,1
DA:7,1
DA:9,1
DA:12,1
DA:13,1
DA:14,1
DA:15,1
DA:16,1
DA:17,1
DA:64,1
DA:65,1
DA:66,1
DA:67,1
DA:68,1
DA:69,1
DA:70,1
DA:72,1
DA:73,1
DA:74,1
DA:75,1
DA:78,1
DA:79,1
DA:80,1
DA:108,1
DA:109,1
DA:110,1
DA:111,1
DA:112,1
DA:113,1
DA:114,1
DA:115,1
DA:116,1
DA:117,1
DA:118,1
DA:119,1
DA:120,1
DA:121,1
LF:39
LH:39
BRDA:3,0,0,1
BRDA:12,1,0,1
BRDA:64,2,0,1
BRDA:72,3,0,1
BRDA:78,4,0,1
BRDA:108,5,0,1
BRF:6
BRH:6
end_of_record
TN:
SF:src/utils/getOriginalAddress.ts
FN:1,getOriginalAddress
FNF:1
FNH:1
FNDA:13,getOriginalAddress
DA:1,1
DA:2,13
DA:3,10
DA:4,10
LF:4
LH:4
BRDA:1,0,0,13
BRDA:2,1,0,3
BRDA:2,2,0,10
BRF:3
BRH:3
end_of_record
TN:
SF:src/utils/isFairyVaultApp.ts
FN:1,isFairyVaultApp
FNF:1
FNH:1
FNDA:6,isFairyVaultApp
DA:1,1
DA:2,6
DA:3,2
DA:4,6
DA:5,4
DA:6,4
DA:7,6
LF:7
LH:7
BRDA:1,0,0,6
BRDA:2,1,0,2
BRDA:4,2,0,4
BRF:3
BRH:3
end_of_record
TN:
SF:src/utils/isMobile.ts
FN:24,isAppleTabletOnIos13
FN:33,createMatch
FN:75,isMobile
FN:188,isMobileDevices
FNF:4
FNH:4
FNDA:24,isAppleTabletOnIos13
FNDA:19,createMatch
FNDA:19,isMobile
FNDA:4,isMobileDevices
DA:1,1
DA:2,1
DA:3,1
DA:4,1
DA:5,1
DA:6,1
DA:7,1
DA:8,1
DA:9,1
DA:10,1
DA:11,1
DA:12,1
DA:13,1
DA:14,1
DA:15,1
DA:24,1
DA:25,24
DA:26,24
DA:27,24
DA:28,2
DA:29,2
DA:31,24
DA:33,19
DA:34,19
DA:35,19
DA:75,1
DA:76,19
DA:77,19
DA:78,19
DA:79,19
DA:80,19
DA:82,19
DA:83,5
DA:84,5
DA:85,5
DA:86,5
DA:87,5
DA:88,19
DA:89,12
DA:90,14
DA:91,2
DA:92,2
DA:93,2
DA:94,2
DA:95,2
DA:96,2
DA:98,19
DA:102,19
DA:103,19
DA:104,1
DA:105,1
DA:110,19
DA:111,19
DA:112,1
DA:113,1
DA:115,19
DA:117,19
DA:118,19
DA:119,19
DA:120,19
DA:121,19
DA:122,19
DA:123,14
DA:124,3
DA:125,19
DA:126,19
DA:127,19
DA:128,14
DA:129,14
DA:130,12
DA:131,12
DA:132,8
DA:133,19
DA:134,19
DA:135,19
DA:136,19
DA:137,19
DA:138,19
DA:139,19
DA:140,19
DA:141,19
DA:142,19
DA:143,19
DA:144,19
DA:145,17
DA:146,17
DA:147,14
DA:148,19
DA:149,19
DA:150,17
DA:151,17
DA:152,17
DA:153,14
DA:154,15
DA:155,19
DA:156,19
DA:157,19
DA:158,19
DA:159,19
DA:160,19
DA:161,19
DA:162,19
DA:163,19
DA:164,19
DA:165,19
DA:166,19
DA:167,19
DA:168,19
DA:169,18
DA:170,18
DA:171,17
DA:172,16
DA:173,19
DA:174,19
DA:175,19
DA:176,19
DA:177,19
DA:179,19
DA:180,19
DA:182,19
DA:183,19
DA:185,19
DA:186,19
DA:188,1
DA:189,4
DA:190,4
DA:191,4
LF:127
LH:127
BRDA:24,0,0,24
BRDA:27,1,0,2
BRDA:28,2,0,2
BRDA:33,3,0,19
BRDA:34,4,0,769
BRDA:75,5,0,19
BRDA:82,6,0,5
BRDA:82,7,0,5
BRDA:86,8,0,1
BRDA:88,9,0,14
BRDA:88,10,0,12
BRDA:90,11,0,2
BRDA:94,12,0,0
BRDA:103,13,0,1
BRDA:111,14,0,1
BRDA:119,15,0,5
BRDA:122,16,0,14
BRDA:123,17,0,12
BRDA:123,18,0,3
BRDA:127,19,0,14
BRDA:128,20,0,14
BRDA:129,21,0,12
BRDA:130,22,0,12
BRDA:131,23,0,8
BRDA:141,24,0,17
BRDA:142,25,0,17
BRDA:144,26,0,17
BRDA:145,27,0,17
BRDA:146,28,0,14
BRDA:149,29,0,17
BRDA:152,30,0,14
BRDA:153,31,0,15
BRDA:159,32,0,17
BRDA:168,33,0,18
BRDA:169,34,0,18
BRDA:170,35,0,17
BRDA:171,36,0,16
BRDA:180,37,0,11
BRDA:180,38,0,7
BRDA:180,39,0,5
BRDA:182,40,0,14
BRDA:182,41,0,11
BRDA:183,42,0,16
BRDA:183,43,0,15
BRDA:188,44,0,4
BRDA:190,45,0,3
BRF:46
BRH:45
end_of_record
TN:
SF:src/utils/isPortkeyApp.ts
FN:1,isPortkeyApp
FNF:1
FNH:1
FNDA:6,isPortkeyApp
DA:1,1
DA:2,6
DA:3,2
DA:4,6
DA:5,4
DA:6,4
DA:7,6
LF:7
LH:7
BRDA:1,0,0,6
BRDA:2,1,0,2
BRDA:4,2,0,4
BRF:3
BRH:3
end_of_record
TN:
SF:src/utils/sleep.ts
FN:1,sleep
FNF:1
FNH:1
FNDA:4,sleep
DA:1,4
DA:2,4
DA:3,4
LF:3
LH:3
BRDA:1,0,0,4
BRDA:2,1,0,4
BRF:2
BRH:2
end_of_record
