TN:
SF:src/enhancedLocalStorage.ts
FN:12,getItem
FN:15,setItem
FN:18,removeItem
FN:21,clear
FNF:4
FNH:1
FNDA:0,getItem
FNDA:0,setItem
FNDA:0,removeItem
FNDA:5,clear
DA:8,1
DA:9,2
DA:11,2
DA:12,2
DA:13,0
DA:14,0
DA:15,2
DA:16,0
DA:17,0
DA:18,2
DA:19,0
DA:20,0
DA:21,2
DA:22,5
DA:23,5
DA:24,2
DA:25,1
DA:37,1
DA:38,1
DA:39,1
DA:40,1
DA:41,0
DA:42,0
DA:43,0
LF:24
LH:15
BRDA:41,0,0,0
BRDA:8,1,0,2
BRDA:21,2,0,5
BRF:3
BRH:2
end_of_record
TN:
SF:src/errors.ts
FN:62,makeError
FNF:1
FNH:1
FNDA:3,makeError
DA:3,1
DA:4,1
DA:5,1
DA:6,1
DA:7,1
DA:8,1
DA:9,1
DA:10,1
DA:11,1
DA:12,1
DA:13,1
DA:14,1
DA:15,1
DA:16,1
DA:17,1
DA:18,1
DA:19,1
DA:20,1
DA:21,1
DA:22,1
DA:23,1
DA:24,1
DA:25,1
DA:26,1
DA:27,1
DA:28,1
DA:30,1
DA:32,1
DA:33,1
DA:34,1
DA:35,1
DA:36,1
DA:37,1
DA:38,1
DA:39,1
DA:40,1
DA:41,1
DA:43,1
DA:44,1
DA:45,1
DA:46,1
DA:48,1
DA:49,1
DA:50,1
DA:51,1
DA:52,1
DA:53,1
DA:54,1
DA:55,1
DA:56,1
DA:57,1
DA:58,1
DA:59,1
DA:60,1
DA:62,1
DA:63,3
DA:64,3
DA:65,3
DA:66,3
DA:67,3
DA:68,3
DA:69,3
LF:62
LH:62
BRDA:62,0,0,3
BRF:1
BRH:1
end_of_record
