{"total": {"lines":{"total":192,"covered":182,"skipped":0,"pct":94.79},"statements":{"total":210,"covered":197,"skipped":0,"pct":93.8},"functions":{"total":34,"covered":34,"skipped":0,"pct":100},"branches":{"total":182,"covered":158,"skipped":0,"pct":86.81},"branchesTrue":{"total":0,"covered":0,"skipped":0,"pct":100}}
,"/Users/liuxiyang/work/code/aelf-web-login/packages/utils/src/address/addPrefixSuffix.ts": {"lines":{"total":9,"covered":9,"skipped":0,"pct":100},"functions":{"total":1,"covered":1,"skipped":0,"pct":100},"statements":{"total":10,"covered":10,"skipped":0,"pct":100},"branches":{"total":8,"covered":6,"skipped":0,"pct":75}}
,"/Users/liuxiyang/work/code/aelf-web-login/packages/utils/src/address/decodeAddress.ts": {"lines":{"total":12,"covered":12,"skipped":0,"pct":100},"functions":{"total":1,"covered":1,"skipped":0,"pct":100},"statements":{"total":15,"covered":15,"skipped":0,"pct":100},"branches":{"total":8,"covered":8,"skipped":0,"pct":100}}
,"/Users/liuxiyang/work/code/aelf-web-login/packages/utils/src/address/getOriginalAddress.ts": {"lines":{"total":4,"covered":4,"skipped":0,"pct":100},"functions":{"total":1,"covered":1,"skipped":0,"pct":100},"statements":{"total":5,"covered":5,"skipped":0,"pct":100},"branches":{"total":4,"covered":4,"skipped":0,"pct":100}}
,"/Users/liuxiyang/work/code/aelf-web-login/packages/utils/src/calculate/divDecimals.ts": {"lines":{"total":6,"covered":6,"skipped":0,"pct":100},"functions":{"total":1,"covered":1,"skipped":0,"pct":100},"statements":{"total":8,"covered":8,"skipped":0,"pct":100},"branches":{"total":13,"covered":13,"skipped":0,"pct":100}}
,"/Users/liuxiyang/work/code/aelf-web-login/packages/utils/src/calculate/index.ts": {"lines":{"total":0,"covered":0,"skipped":0,"pct":100},"functions":{"total":0,"covered":0,"skipped":0,"pct":100},"statements":{"total":0,"covered":0,"skipped":0,"pct":100},"branches":{"total":0,"covered":0,"skipped":0,"pct":100}}
,"/Users/liuxiyang/work/code/aelf-web-login/packages/utils/src/calculate/timesDecimals.ts": {"lines":{"total":6,"covered":6,"skipped":0,"pct":100},"functions":{"total":1,"covered":1,"skipped":0,"pct":100},"statements":{"total":8,"covered":8,"skipped":0,"pct":100},"branches":{"total":13,"covered":13,"skipped":0,"pct":100}}
,"/Users/liuxiyang/work/code/aelf-web-login/packages/utils/src/contract/getRawTransaction.ts": {"lines":{"total":17,"covered":17,"skipped":0,"pct":100},"functions":{"total":1,"covered":1,"skipped":0,"pct":100},"statements":{"total":21,"covered":18,"skipped":0,"pct":85.71},"branches":{"total":13,"covered":9,"skipped":0,"pct":69.23}}
,"/Users/liuxiyang/work/code/aelf-web-login/packages/utils/src/contract/getRawTransactionNight.ts": {"lines":{"total":3,"covered":3,"skipped":0,"pct":100},"functions":{"total":1,"covered":1,"skipped":0,"pct":100},"statements":{"total":3,"covered":3,"skipped":0,"pct":100},"branches":{"total":0,"covered":0,"skipped":0,"pct":100}}
,"/Users/liuxiyang/work/code/aelf-web-login/packages/utils/src/contract/getRawTransactionPortkey.ts": {"lines":{"total":6,"covered":6,"skipped":0,"pct":100},"functions":{"total":1,"covered":1,"skipped":0,"pct":100},"statements":{"total":6,"covered":6,"skipped":0,"pct":100},"branches":{"total":0,"covered":0,"skipped":0,"pct":100}}
,"/Users/liuxiyang/work/code/aelf-web-login/packages/utils/src/contract/getTxResultRetry.ts": {"lines":{"total":12,"covered":12,"skipped":0,"pct":100},"functions":{"total":2,"covered":2,"skipped":0,"pct":100},"statements":{"total":12,"covered":12,"skipped":0,"pct":100},"branches":{"total":7,"covered":5,"skipped":0,"pct":71.42}}
,"/Users/liuxiyang/work/code/aelf-web-login/packages/utils/src/contract/useCheckAllowanceAndApprove.ts": {"lines":{"total":17,"covered":17,"skipped":0,"pct":100},"functions":{"total":2,"covered":2,"skipped":0,"pct":100},"statements":{"total":17,"covered":17,"skipped":0,"pct":100},"branches":{"total":7,"covered":7,"skipped":0,"pct":100}}
,"/Users/liuxiyang/work/code/aelf-web-login/packages/utils/src/contract/useGetBalance.ts": {"lines":{"total":11,"covered":10,"skipped":0,"pct":90.9},"functions":{"total":2,"covered":2,"skipped":0,"pct":100},"statements":{"total":11,"covered":10,"skipped":0,"pct":90.9},"branches":{"total":0,"covered":0,"skipped":0,"pct":100}}
,"/Users/liuxiyang/work/code/aelf-web-login/packages/utils/src/format/formatNumberWithDecimalPlaces.ts": {"lines":{"total":4,"covered":4,"skipped":0,"pct":100},"functions":{"total":1,"covered":1,"skipped":0,"pct":100},"statements":{"total":5,"covered":5,"skipped":0,"pct":100},"branches":{"total":3,"covered":3,"skipped":0,"pct":100}}
,"/Users/liuxiyang/work/code/aelf-web-login/packages/utils/src/format/formatPrice.ts": {"lines":{"total":8,"covered":8,"skipped":0,"pct":100},"functions":{"total":1,"covered":1,"skipped":0,"pct":100},"statements":{"total":9,"covered":9,"skipped":0,"pct":100},"branches":{"total":13,"covered":13,"skipped":0,"pct":100}}
,"/Users/liuxiyang/work/code/aelf-web-login/packages/utils/src/format/formatTime.ts": {"lines":{"total":7,"covered":7,"skipped":0,"pct":100},"functions":{"total":2,"covered":2,"skipped":0,"pct":100},"statements":{"total":7,"covered":7,"skipped":0,"pct":100},"branches":{"total":5,"covered":5,"skipped":0,"pct":100}}
,"/Users/liuxiyang/work/code/aelf-web-login/packages/utils/src/is/isAElfBridge.ts": {"lines":{"total":1,"covered":1,"skipped":0,"pct":100},"functions":{"total":1,"covered":1,"skipped":0,"pct":100},"statements":{"total":1,"covered":1,"skipped":0,"pct":100},"branches":{"total":2,"covered":2,"skipped":0,"pct":100}}
,"/Users/liuxiyang/work/code/aelf-web-login/packages/utils/src/is/isELFAddress.ts": {"lines":{"total":4,"covered":1,"skipped":0,"pct":25},"functions":{"total":1,"covered":1,"skipped":0,"pct":100},"statements":{"total":5,"covered":2,"skipped":0,"pct":40},"branches":{"total":2,"covered":1,"skipped":0,"pct":50}}
,"/Users/liuxiyang/work/code/aelf-web-login/packages/utils/src/is/isMobileDevices.ts": {"lines":{"total":40,"covered":34,"skipped":0,"pct":85},"functions":{"total":5,"covered":5,"skipped":0,"pct":100},"statements":{"total":41,"covered":35,"skipped":0,"pct":85.36},"branches":{"total":72,"covered":58,"skipped":0,"pct":80.55}}
,"/Users/liuxiyang/work/code/aelf-web-login/packages/utils/src/is/isPortkeyApp.ts": {"lines":{"total":3,"covered":3,"skipped":0,"pct":100},"functions":{"total":1,"covered":1,"skipped":0,"pct":100},"statements":{"total":3,"covered":3,"skipped":0,"pct":100},"branches":{"total":2,"covered":2,"skipped":0,"pct":100}}
,"/Users/liuxiyang/work/code/aelf-web-login/packages/utils/src/is/isPrivateKey.ts": {"lines":{"total":5,"covered":5,"skipped":0,"pct":100},"functions":{"total":1,"covered":1,"skipped":0,"pct":100},"statements":{"total":5,"covered":5,"skipped":0,"pct":100},"branches":{"total":4,"covered":4,"skipped":0,"pct":100}}
,"/Users/liuxiyang/work/code/aelf-web-login/packages/utils/src/utility/Loading.tsx": {"lines":{"total":16,"covered":16,"skipped":0,"pct":100},"functions":{"total":5,"covered":5,"skipped":0,"pct":100},"statements":{"total":16,"covered":16,"skipped":0,"pct":100},"branches":{"total":6,"covered":5,"skipped":0,"pct":83.33}}
,"/Users/liuxiyang/work/code/aelf-web-login/packages/utils/src/utility/sleep.ts": {"lines":{"total":1,"covered":1,"skipped":0,"pct":100},"functions":{"total":2,"covered":2,"skipped":0,"pct":100},"statements":{"total":2,"covered":2,"skipped":0,"pct":100},"branches":{"total":0,"covered":0,"skipped":0,"pct":100}}
}
